<?xml version="1.0" encoding="UTF-8"?>
<coverage generated="1763428315433" clover="3.2.0">
  <project timestamp="1763428315433" name="All files">
    <metrics statements="1979" coveredstatements="822" conditionals="30474" coveredconditionals="3869" methods="163" coveredmethods="159" elements="32616" coveredelements="4850" complexity="0" loc="1979" ncloc="1979" packages="7" files="55" classes="55"/>
    <package name="domain.models">
      <metrics statements="64" coveredstatements="64" conditionals="4" coveredconditionals="3" methods="13" coveredmethods="13"/>
      <file name="FormActivosFijosModel.ts" path="E:\Proyectos\Pasantia\src\domain\models\FormActivosFijosModel.ts">
        <metrics statements="3" coveredstatements="3" conditionals="0" coveredconditionals="0" methods="1" coveredmethods="1"/>
        <line num="1" count="1" type="stmt"/>
        <line num="3" count="2" type="stmt"/>
        <line num="4" count="2" type="stmt"/>
      </file>
      <file name="FormCaratulaModel.ts" path="E:\Proyectos\Pasantia\src\domain\models\FormCaratulaModel.ts">
        <metrics statements="3" coveredstatements="3" conditionals="0" coveredconditionals="0" methods="1" coveredmethods="1"/>
        <line num="1" count="1" type="stmt"/>
        <line num="3" count="2" type="stmt"/>
        <line num="4" count="2" type="stmt"/>
      </file>
      <file name="FormDetallerEnglonesModel.ts" path="E:\Proyectos\Pasantia\src\domain\models\FormDetallerEnglonesModel.ts">
        <metrics statements="3" coveredstatements="3" conditionals="0" coveredconditionals="0" methods="1" coveredmethods="1"/>
        <line num="1" count="1" type="stmt"/>
        <line num="3" count="2" type="stmt"/>
        <line num="4" count="2" type="stmt"/>
      </file>
      <file name="FormEsfPatrimonioModel.ts" path="E:\Proyectos\Pasantia\src\domain\models\FormEsfPatrimonioModel.ts">
        <metrics statements="3" coveredstatements="3" conditionals="0" coveredconditionals="0" methods="1" coveredmethods="1"/>
        <line num="1" count="1" type="stmt"/>
        <line num="3" count="2" type="stmt"/>
        <line num="4" count="2" type="stmt"/>
      </file>
      <file name="FormImpuestoDiferidoModel.ts" path="E:\Proyectos\Pasantia\src\domain\models\FormImpuestoDiferidoModel.ts">
        <metrics statements="3" coveredstatements="3" conditionals="0" coveredconditionals="0" methods="1" coveredmethods="1"/>
        <line num="1" count="1" type="stmt"/>
        <line num="3" count="2" type="stmt"/>
        <line num="4" count="2" type="stmt"/>
      </file>
      <file name="FormIngresosFancturacionModel.ts" path="E:\Proyectos\Pasantia\src\domain\models\FormIngresosFancturacionModel.ts">
        <metrics statements="3" coveredstatements="3" conditionals="0" coveredconditionals="0" methods="1" coveredmethods="1"/>
        <line num="1" count="1" type="stmt"/>
        <line num="3" count="2" type="stmt"/>
        <line num="4" count="2" type="stmt"/>
      </file>
      <file name="FormR110Model.ts" path="E:\Proyectos\Pasantia\src\domain\models\FormR110Model.ts">
        <metrics statements="3" coveredstatements="3" conditionals="0" coveredconditionals="0" methods="1" coveredmethods="1"/>
        <line num="1" count="1" type="stmt"/>
        <line num="3" count="2" type="stmt"/>
        <line num="4" count="2" type="stmt"/>
      </file>
      <file name="FormRentaLiquidaModel.ts" path="E:\Proyectos\Pasantia\src\domain\models\FormRentaLiquidaModel.ts">
        <metrics statements="3" coveredstatements="3" conditionals="0" coveredconditionals="0" methods="1" coveredmethods="1"/>
        <line num="1" count="1" type="stmt"/>
        <line num="3" count="2" type="stmt"/>
        <line num="4" count="2" type="stmt"/>
      </file>
      <file name="FormResumenEsferiModel.ts" path="E:\Proyectos\Pasantia\src\domain\models\FormResumenEsferiModel.ts">
        <metrics statements="3" coveredstatements="3" conditionals="0" coveredconditionals="0" methods="1" coveredmethods="1"/>
        <line num="1" count="1" type="stmt"/>
        <line num="3" count="2" type="stmt"/>
        <line num="4" count="2" type="stmt"/>
      </file>
      <file name="ReportModel.ts" path="E:\Proyectos\Pasantia\src\domain\models\ReportModel.ts">
        <metrics statements="13" coveredstatements="13" conditionals="0" coveredconditionals="0" methods="1" coveredmethods="1"/>
        <line num="1" count="2" type="stmt"/>
        <line num="3" count="5" type="stmt"/>
        <line num="4" count="5" type="stmt"/>
        <line num="5" count="5" type="stmt"/>
        <line num="6" count="5" type="stmt"/>
        <line num="7" count="5" type="stmt"/>
        <line num="8" count="5" type="stmt"/>
        <line num="9" count="5" type="stmt"/>
        <line num="10" count="5" type="stmt"/>
        <line num="11" count="5" type="stmt"/>
        <line num="12" count="5" type="stmt"/>
        <line num="13" count="5" type="stmt"/>
        <line num="14" count="5" type="stmt"/>
      </file>
      <file name="RoomModel.ts" path="E:\Proyectos\Pasantia\src\domain\models\RoomModel.ts">
        <metrics statements="11" coveredstatements="11" conditionals="2" coveredconditionals="2" methods="1" coveredmethods="1"/>
        <line num="4" count="1" type="stmt"/>
        <line num="6" count="520" type="stmt"/>
        <line num="7" count="520" type="stmt"/>
        <line num="8" count="520" type="stmt"/>
        <line num="9" count="520" type="stmt"/>
        <line num="10" count="520" type="stmt"/>
        <line num="11" count="520" type="stmt"/>
        <line num="12" count="520" type="stmt"/>
        <line num="13" count="520" type="stmt"/>
        <line num="14" count="520" type="cond" truecount="1" falsecount="0"/>
        <line num="15" count="520" type="cond" truecount="1" falsecount="0"/>
      </file>
      <file name="StudentModel.ts" path="E:\Proyectos\Pasantia\src\domain\models\StudentModel.ts">
        <metrics statements="6" coveredstatements="6" conditionals="1" coveredconditionals="1" methods="1" coveredmethods="1"/>
        <line num="3" count="1" type="stmt"/>
        <line num="5" count="1525" type="stmt"/>
        <line num="6" count="1525" type="stmt"/>
        <line num="7" count="1525" type="stmt"/>
        <line num="8" count="1525" type="stmt"/>
        <line num="9" count="1525" type="cond" truecount="1" falsecount="0"/>
      </file>
      <file name="UserModel.ts" path="E:\Proyectos\Pasantia\src\domain\models\UserModel.ts">
        <metrics statements="7" coveredstatements="7" conditionals="1" coveredconditionals="0" methods="1" coveredmethods="1"/>
        <line num="3" count="1" type="stmt"/>
        <line num="5" count="1023" type="stmt"/>
        <line num="6" count="1023" type="stmt"/>
        <line num="7" count="1023" type="stmt"/>
        <line num="8" count="1023" type="stmt"/>
        <line num="9" count="1023" type="stmt"/>
        <line num="10" count="1023" type="cond" truecount="0" falsecount="1"/>
      </file>
    </package>
    <package name="domain.useCases">
      <metrics statements="278" coveredstatements="271" conditionals="94" coveredconditionals="83" methods="56" coveredmethods="55"/>
      <file name="ActivosFijosUCAdapter.ts" path="E:\Proyectos\Pasantia\src\domain\useCases\ActivosFijosUCAdapter.ts">
        <metrics statements="9" coveredstatements="9" conditionals="4" coveredconditionals="3" methods="3" coveredmethods="3"/>
        <line num="6" count="1" type="stmt"/>
        <line num="8" count="3" type="stmt"/>
        <line num="9" count="3" type="stmt"/>
        <line num="12" count="2" type="stmt"/>
        <line num="13" count="2" type="cond" truecount="2" falsecount="0"/>
        <line num="14" count="1" type="stmt"/>
        <line num="17" count="2" type="stmt"/>
        <line num="19" count="2" type="cond" truecount="1" falsecount="1"/>
        <line num="22" count="1" type="stmt"/>
      </file>
      <file name="AuthUCAdapter.ts" path="E:\Proyectos\Pasantia\src\domain\useCases\AuthUCAdapter.ts">
        <metrics statements="15" coveredstatements="15" conditionals="4" coveredconditionals="4" methods="3" coveredmethods="3"/>
        <line num="8" count="1" type="stmt"/>
        <line num="10" count="5" type="stmt"/>
        <line num="11" count="5" type="stmt"/>
        <line num="12" count="5" type="stmt"/>
        <line num="13" count="5" type="stmt"/>
        <line num="17" count="3" type="stmt"/>
        <line num="18" count="3" type="cond" truecount="2" falsecount="0"/>
        <line num="19" count="1" type="stmt"/>
        <line num="20" count="1" type="stmt"/>
        <line num="23" count="2" type="cond" truecount="2" falsecount="0"/>
        <line num="24" count="1" type="stmt"/>
        <line num="25" count="1" type="stmt"/>
        <line num="28" count="1" type="stmt"/>
        <line num="30" count="1" type="stmt"/>
        <line num="38" count="2" type="stmt"/>
      </file>
      <file name="CaratulaUCAdapter.ts" path="E:\Proyectos\Pasantia\src\domain\useCases\CaratulaUCAdapter.ts">
        <metrics statements="8" coveredstatements="8" conditionals="2" coveredconditionals="2" methods="3" coveredmethods="3"/>
        <line num="6" count="1" type="stmt"/>
        <line num="8" count="3" type="stmt"/>
        <line num="9" count="3" type="stmt"/>
        <line num="12" count="2" type="stmt"/>
        <line num="13" count="2" type="cond" truecount="2" falsecount="0"/>
        <line num="14" count="1" type="stmt"/>
        <line num="16" count="2" type="stmt"/>
        <line num="19" count="1" type="stmt"/>
      </file>
      <file name="DetalleRenglonesUCAdapter.ts" path="E:\Proyectos\Pasantia\src\domain\useCases\DetalleRenglonesUCAdapter.ts">
        <metrics statements="8" coveredstatements="8" conditionals="2" coveredconditionals="2" methods="3" coveredmethods="3"/>
        <line num="6" count="1" type="stmt"/>
        <line num="8" count="3" type="stmt"/>
        <line num="9" count="3" type="stmt"/>
        <line num="13" count="2" type="stmt"/>
        <line num="14" count="2" type="cond" truecount="2" falsecount="0"/>
        <line num="15" count="1" type="stmt"/>
        <line num="17" count="2" type="stmt"/>
        <line num="20" count="1" type="stmt"/>
      </file>
      <file name="EsfPatrimonioUCAdapter.ts" path="E:\Proyectos\Pasantia\src\domain\useCases\EsfPatrimonioUCAdapter.ts">
        <metrics statements="9" coveredstatements="9" conditionals="4" coveredconditionals="3" methods="3" coveredmethods="3"/>
        <line num="6" count="1" type="stmt"/>
        <line num="8" count="3" type="stmt"/>
        <line num="9" count="3" type="stmt"/>
        <line num="13" count="2" type="stmt"/>
        <line num="14" count="2" type="cond" truecount="2" falsecount="0"/>
        <line num="15" count="1" type="stmt"/>
        <line num="18" count="2" type="stmt"/>
        <line num="20" count="2" type="cond" truecount="1" falsecount="1"/>
        <line num="23" count="1" type="stmt"/>
      </file>
      <file name="Form110UCAdapter.ts" path="E:\Proyectos\Pasantia\src\domain\useCases\Form110UCAdapter.ts">
        <metrics statements="9" coveredstatements="9" conditionals="4" coveredconditionals="3" methods="3" coveredmethods="3"/>
        <line num="6" count="1" type="stmt"/>
        <line num="8" count="4" type="stmt"/>
        <line num="9" count="4" type="stmt"/>
        <line num="12" count="3" type="stmt"/>
        <line num="13" count="3" type="cond" truecount="2" falsecount="0"/>
        <line num="14" count="1" type="stmt"/>
        <line num="16" count="3" type="stmt"/>
        <line num="17" count="3" type="cond" truecount="1" falsecount="1"/>
        <line num="20" count="1" type="stmt"/>
      </file>
      <file name="ImpuestoDiferidoUCAdapter.ts" path="E:\Proyectos\Pasantia\src\domain\useCases\ImpuestoDiferidoUCAdapter.ts">
        <metrics statements="9" coveredstatements="9" conditionals="4" coveredconditionals="3" methods="3" coveredmethods="3"/>
        <line num="6" count="1" type="stmt"/>
        <line num="8" count="3" type="stmt"/>
        <line num="9" count="3" type="stmt"/>
        <line num="12" count="2" type="stmt"/>
        <line num="13" count="2" type="cond" truecount="2" falsecount="0"/>
        <line num="14" count="1" type="stmt"/>
        <line num="17" count="2" type="stmt"/>
        <line num="19" count="2" type="cond" truecount="1" falsecount="1"/>
        <line num="22" count="1" type="stmt"/>
      </file>
      <file name="IngFactUCAdapter.ts" path="E:\Proyectos\Pasantia\src\domain\useCases\IngFactUCAdapter.ts">
        <metrics statements="9" coveredstatements="9" conditionals="4" coveredconditionals="4" methods="3" coveredmethods="3"/>
        <line num="6" count="1" type="stmt"/>
        <line num="10" count="3" type="stmt"/>
        <line num="11" count="3" type="stmt"/>
        <line num="17" count="2" type="stmt"/>
        <line num="18" count="2" type="cond" truecount="2" falsecount="0"/>
        <line num="19" count="1" type="stmt"/>
        <line num="23" count="2" type="stmt"/>
        <line num="27" count="2" type="cond" truecount="2" falsecount="0"/>
        <line num="34" count="1" type="stmt"/>
      </file>
      <file name="RentaLiquidaUCAdapter.ts" path="E:\Proyectos\Pasantia\src\domain\useCases\RentaLiquidaUCAdapter.ts">
        <metrics statements="9" coveredstatements="9" conditionals="4" coveredconditionals="3" methods="3" coveredmethods="3"/>
        <line num="6" count="1" type="stmt"/>
        <line num="8" count="3" type="stmt"/>
        <line num="9" count="3" type="stmt"/>
        <line num="12" count="2" type="stmt"/>
        <line num="13" count="2" type="cond" truecount="2" falsecount="0"/>
        <line num="14" count="1" type="stmt"/>
        <line num="17" count="2" type="stmt"/>
        <line num="19" count="2" type="cond" truecount="1" falsecount="1"/>
        <line num="22" count="1" type="stmt"/>
      </file>
      <file name="ReportUCAdapter.ts" path="E:\Proyectos\Pasantia\src\domain\useCases\ReportUCAdapter.ts">
        <metrics statements="6" coveredstatements="6" conditionals="2" coveredconditionals="2" methods="2" coveredmethods="2"/>
        <line num="6" count="1" type="stmt"/>
        <line num="8" count="2" type="stmt"/>
        <line num="12" count="2" type="stmt"/>
        <line num="13" count="2" type="cond" truecount="2" falsecount="0"/>
        <line num="14" count="1" type="stmt"/>
        <line num="16" count="1" type="stmt"/>
      </file>
      <file name="ResumenEsfUCAdapter.ts" path="E:\Proyectos\Pasantia\src\domain\useCases\ResumenEsfUCAdapter.ts">
        <metrics statements="9" coveredstatements="9" conditionals="2" coveredconditionals="2" methods="3" coveredmethods="3"/>
        <line num="6" count="1" type="stmt"/>
        <line num="8" count="3" type="stmt"/>
        <line num="9" count="3" type="stmt"/>
        <line num="12" count="2" type="stmt"/>
        <line num="13" count="2" type="cond" truecount="2" falsecount="0"/>
        <line num="14" count="1" type="stmt"/>
        <line num="17" count="2" type="stmt"/>
        <line num="19" count="2" type="stmt"/>
        <line num="22" count="1" type="stmt"/>
      </file>
      <file name="RoomUCAdapter.ts" path="E:\Proyectos\Pasantia\src\domain\useCases\RoomUCAdapter.ts">
        <metrics statements="49" coveredstatements="47" conditionals="18" coveredconditionals="17" methods="8" coveredmethods="8"/>
        <line num="7" count="1" type="stmt"/>
        <line num="9" count="15" type="stmt"/>
        <line num="10" count="15" type="stmt"/>
        <line num="13" count="2" type="stmt"/>
        <line num="14" count="2" type="stmt"/>
        <line num="15" count="2" type="stmt"/>
        <line num="17" count="2" type="stmt"/>
        <line num="18" count="2" type="cond" truecount="2" falsecount="0"/>
        <line num="19" count="1" type="stmt"/>
        <line num="20" count="1" type="stmt"/>
        <line num="23" count="1" type="stmt"/>
        <line num="26" count="2" type="stmt"/>
        <line num="27" count="2" type="cond" truecount="2" falsecount="0"/>
        <line num="28" count="1" type="stmt"/>
        <line num="30" count="1" type="stmt"/>
        <line num="31" count="1" type="stmt"/>
        <line num="34" count="1" type="stmt"/>
        <line num="38" count="3" type="stmt"/>
        <line num="39" count="3" type="cond" truecount="2" falsecount="0"/>
        <line num="40" count="1" type="stmt"/>
        <line num="41" count="1" type="stmt"/>
        <line num="44" count="2" type="stmt"/>
        <line num="46" count="2" type="cond" truecount="2" falsecount="0"/>
        <line num="47" count="1" type="stmt"/>
        <line num="48" count="1" type="stmt"/>
        <line num="51" count="1" type="stmt"/>
        <line num="54" count="2" type="stmt"/>
        <line num="56" count="2" type="cond" truecount="2" falsecount="0"/>
        <line num="57" count="1" type="stmt"/>
        <line num="58" count="1" type="stmt"/>
        <line num="61" count="1" type="cond" truecount="1" falsecount="1"/>
        <line num="62" count="0" type="stmt"/>
        <line num="63" count="0" type="stmt"/>
        <line num="66" count="1" type="stmt"/>
        <line num="67" count="1" type="stmt"/>
        <line num="70" count="3" type="stmt"/>
        <line num="71" count="3" type="cond" truecount="2" falsecount="0"/>
        <line num="72" count="1" type="stmt"/>
        <line num="73" count="1" type="stmt"/>
        <line num="75" count="2" type="cond" truecount="2" falsecount="0"/>
        <line num="76" count="1" type="stmt"/>
        <line num="77" count="1" type="stmt"/>
        <line num="79" count="1" type="stmt"/>
        <line num="82" count="2" type="stmt"/>
        <line num="83" count="2" type="cond" truecount="2" falsecount="0"/>
        <line num="84" count="1" type="stmt"/>
        <line num="85" count="1" type="stmt"/>
        <line num="87" count="1" type="stmt"/>
        <line num="88" count="1" type="stmt"/>
      </file>
      <file name="StudentUCAdapter.ts" path="E:\Proyectos\Pasantia\src\domain\useCases\StudentUCAdapter.ts">
        <metrics statements="75" coveredstatements="75" conditionals="14" coveredconditionals="14" methods="8" coveredmethods="8"/>
        <line num="7" count="1" type="stmt"/>
        <line num="8" count="1" type="stmt"/>
        <line num="9" count="1" type="stmt"/>
        <line num="10" count="1" type="stmt"/>
        <line num="11" count="1" type="stmt"/>
        <line num="12" count="1" type="stmt"/>
        <line num="13" count="1" type="stmt"/>
        <line num="14" count="1" type="stmt"/>
        <line num="15" count="1" type="stmt"/>
        <line num="16" count="1" type="stmt"/>
        <line num="18" count="1" type="stmt"/>
        <line num="22" count="1" type="stmt"/>
        <line num="24" count="14" type="stmt"/>
        <line num="25" count="14" type="stmt"/>
        <line num="26" count="14" type="stmt"/>
        <line num="27" count="14" type="stmt"/>
        <line num="28" count="14" type="stmt"/>
        <line num="29" count="14" type="stmt"/>
        <line num="30" count="14" type="stmt"/>
        <line num="31" count="14" type="stmt"/>
        <line num="32" count="14" type="stmt"/>
        <line num="33" count="14" type="stmt"/>
        <line num="34" count="14" type="stmt"/>
        <line num="35" count="14" type="stmt"/>
        <line num="36" count="14" type="stmt"/>
        <line num="37" count="14" type="stmt"/>
        <line num="42" count="3" type="stmt"/>
        <line num="44" count="3" type="cond" truecount="2" falsecount="0"/>
        <line num="45" count="1" type="stmt"/>
        <line num="46" count="1" type="stmt"/>
        <line num="49" count="2" type="stmt"/>
        <line num="50" count="2" type="stmt"/>
        <line num="51" count="2" type="stmt"/>
        <line num="52" count="2" type="stmt"/>
        <line num="53" count="2" type="stmt"/>
        <line num="54" count="2" type="stmt"/>
        <line num="55" count="2" type="stmt"/>
        <line num="56" count="2" type="stmt"/>
        <line num="57" count="2" type="stmt"/>
        <line num="59" count="2" type="stmt"/>
        <line num="61" count="2" type="cond" truecount="2" falsecount="0"/>
        <line num="62" count="1" type="stmt"/>
        <line num="63" count="1" type="stmt"/>
        <line num="66" count="1" type="stmt"/>
        <line num="68" count="1" type="stmt"/>
        <line num="82" count="1" type="stmt"/>
        <line num="84" count="1" type="stmt"/>
        <line num="92" count="1" type="stmt"/>
        <line num="96" count="2" type="stmt"/>
        <line num="97" count="2" type="cond" truecount="2" falsecount="0"/>
        <line num="98" count="1" type="stmt"/>
        <line num="100" count="1" type="stmt"/>
        <line num="101" count="1" type="stmt"/>
        <line num="105" count="2" type="stmt"/>
        <line num="106" count="2" type="cond" truecount="2" falsecount="0"/>
        <line num="107" count="1" type="stmt"/>
        <line num="109" count="1" type="stmt"/>
        <line num="110" count="1" type="stmt"/>
        <line num="114" count="2" type="stmt"/>
        <line num="115" count="2" type="cond" truecount="2" falsecount="0"/>
        <line num="116" count="1" type="stmt"/>
        <line num="117" count="1" type="stmt"/>
        <line num="119" count="1" type="stmt"/>
        <line num="124" count="3" type="stmt"/>
        <line num="126" count="3" type="cond" truecount="2" falsecount="0"/>
        <line num="127" count="1" type="stmt"/>
        <line num="128" count="1" type="stmt"/>
        <line num="131" count="2" type="stmt"/>
        <line num="133" count="2" type="cond" truecount="2" falsecount="0"/>
        <line num="134" count="1" type="stmt"/>
        <line num="135" count="1" type="stmt"/>
        <line num="138" count="1" type="stmt"/>
        <line num="139" count="1" type="stmt"/>
        <line num="140" count="1" type="stmt"/>
        <line num="148" count="1" type="stmt"/>
      </file>
      <file name="UserUCAdapter.ts" path="E:\Proyectos\Pasantia\src\domain\useCases\UserUCAdapter.ts">
        <metrics statements="54" coveredstatements="49" conditionals="26" coveredconditionals="21" methods="8" coveredmethods="7"/>
        <line num="8" count="1" type="stmt"/>
        <line num="10" count="15" type="stmt"/>
        <line num="11" count="15" type="stmt"/>
        <line num="12" count="15" type="stmt"/>
        <line num="13" count="15" type="stmt"/>
        <line num="17" count="2" type="stmt"/>
        <line num="19" count="2" type="cond" truecount="2" falsecount="0"/>
        <line num="20" count="1" type="stmt"/>
        <line num="21" count="1" type="stmt"/>
        <line num="23" count="1" type="stmt"/>
        <line num="24" count="1" type="stmt"/>
        <line num="28" count="2" type="stmt"/>
        <line num="30" count="2" type="cond" truecount="2" falsecount="0"/>
        <line num="31" count="1" type="stmt"/>
        <line num="32" count="1" type="stmt"/>
        <line num="35" count="1" type="cond" truecount="1" falsecount="1"/>
        <line num="36" count="0" type="stmt"/>
        <line num="38" count="0" type="cond" truecount="0" falsecount="2"/>
        <line num="39" count="0" type="stmt"/>
        <line num="41" count="0" type="cond" truecount="0" falsecount="2"/>
        <line num="42" count="0" type="stmt"/>
        <line num="49" count="1" type="stmt"/>
        <line num="50" count="1" type="stmt"/>
        <line num="58" count="3" type="stmt"/>
        <line num="59" count="3" type="cond" truecount="2" falsecount="0"/>
        <line num="60" count="1" type="stmt"/>
        <line num="61" count="1" type="stmt"/>
        <line num="63" count="2" type="cond" truecount="2" falsecount="0"/>
        <line num="64" count="1" type="stmt"/>
        <line num="65" count="1" type="stmt"/>
        <line num="66" count="1" type="stmt"/>
        <line num="68" count="1" type="stmt"/>
        <line num="72" count="2" type="stmt"/>
        <line num="73" count="2" type="cond" truecount="2" falsecount="0"/>
        <line num="74" count="1" type="stmt"/>
        <line num="75" count="1" type="stmt"/>
        <line num="77" count="1" type="stmt"/>
        <line num="80" count="1" type="stmt"/>
        <line num="83" count="4" type="stmt"/>
        <line num="84" count="4" type="cond" truecount="2" falsecount="0"/>
        <line num="85" count="1" type="stmt"/>
        <line num="86" count="1" type="stmt"/>
        <line num="88" count="3" type="cond" truecount="2" falsecount="0"/>
        <line num="89" count="2" type="stmt"/>
        <line num="90" count="2" type="cond" truecount="2" falsecount="0"/>
        <line num="91" count="1" type="stmt"/>
        <line num="94" count="1" type="stmt"/>
        <line num="97" count="2" type="cond" truecount="2" falsecount="0"/>
        <line num="98" count="1" type="stmt"/>
        <line num="100" count="1" type="stmt"/>
        <line num="102" count="2" type="stmt"/>
        <line num="107" count="2" type="cond" truecount="2" falsecount="0"/>
        <line num="108" count="1" type="stmt"/>
        <line num="110" count="1" type="stmt"/>
      </file>
    </package>
    <package name="infrastructure.input.controllers">
      <metrics statements="47" coveredstatements="47" conditionals="2" coveredconditionals="2" methods="16" coveredmethods="16"/>
      <file name="Auth.controller.ts" path="E:\Proyectos\Pasantia\src\infrastructure\input\controllers\Auth.controller.ts">
        <metrics statements="26" coveredstatements="26" conditionals="2" coveredconditionals="2" methods="9" coveredmethods="9"/>
        <line num="4" count="1" type="stmt"/>
        <line num="5" count="10" type="stmt"/>
        <line num="7" count="10" type="stmt"/>
        <line num="8" count="4" type="stmt"/>
        <line num="9" count="4" type="stmt"/>
        <line num="10" count="4" type="stmt"/>
        <line num="11" count="3" type="cond" truecount="2" falsecount="0"/>
        <line num="12" count="2" type="stmt"/>
        <line num="13" count="2" type="stmt"/>
        <line num="18" count="1" type="stmt"/>
        <line num="21" count="1" type="stmt"/>
        <line num="25" count="10" type="stmt"/>
        <line num="26" count="2" type="stmt"/>
        <line num="27" count="2" type="stmt"/>
        <line num="28" count="1" type="stmt"/>
        <line num="30" count="1" type="stmt"/>
        <line num="34" count="10" type="stmt"/>
        <line num="35" count="2" type="stmt"/>
        <line num="36" count="2" type="stmt"/>
        <line num="37" count="2" type="stmt"/>
        <line num="42" count="1" type="stmt"/>
        <line num="45" count="10" type="stmt"/>
        <line num="46" count="2" type="stmt"/>
        <line num="47" count="2" type="stmt"/>
        <line num="48" count="2" type="stmt"/>
        <line num="54" count="1" type="stmt"/>
      </file>
      <file name="ResumenEsf.controller.ts" path="E:\Proyectos\Pasantia\src\infrastructure\input\controllers\ResumenEsf.controller.ts">
        <metrics statements="21" coveredstatements="21" conditionals="0" coveredconditionals="0" methods="7" coveredmethods="7"/>
        <line num="5" count="1" type="stmt"/>
        <line num="6" count="8" type="stmt"/>
        <line num="7" count="8" type="stmt"/>
        <line num="8" count="3" type="stmt"/>
        <line num="9" count="3" type="stmt"/>
        <line num="10" count="3" type="stmt"/>
        <line num="11" count="2" type="stmt"/>
        <line num="13" count="1" type="stmt"/>
        <line num="16" count="8" type="stmt"/>
        <line num="17" count="2" type="stmt"/>
        <line num="18" count="2" type="stmt"/>
        <line num="19" count="2" type="stmt"/>
        <line num="20" count="2" type="stmt"/>
        <line num="21" count="1" type="stmt"/>
        <line num="23" count="1" type="stmt"/>
        <line num="26" count="8" type="stmt"/>
        <line num="27" count="3" type="stmt"/>
        <line num="28" count="3" type="stmt"/>
        <line num="29" count="3" type="stmt"/>
        <line num="30" count="2" type="stmt"/>
        <line num="32" count="1" type="stmt"/>
      </file>
    </package>
    <package name="infrastructure.input.middlewares">
      <metrics statements="30" coveredstatements="30" conditionals="10" coveredconditionals="10" methods="7" coveredmethods="7"/>
      <file name="AuthMiddleware.ts" path="E:\Proyectos\Pasantia\src\infrastructure\input\middlewares\AuthMiddleware.ts">
        <metrics statements="20" coveredstatements="20" conditionals="8" coveredconditionals="8" methods="4" coveredmethods="4"/>
        <line num="12" count="1" type="stmt"/>
        <line num="13" count="8" type="stmt"/>
        <line num="15" count="8" type="stmt"/>
        <line num="16" count="8" type="stmt"/>
        <line num="17" count="8" type="stmt"/>
        <line num="18" count="8" type="stmt"/>
        <line num="19" count="8" type="cond" truecount="2" falsecount="0"/>
        <line num="20" count="1" type="stmt"/>
        <line num="21" count="1" type="stmt"/>
        <line num="24" count="7" type="stmt"/>
        <line num="25" count="6" type="cond" truecount="2" falsecount="0"/>
        <line num="26" count="1" type="stmt"/>
        <line num="27" count="1" type="stmt"/>
        <line num="30" count="5" type="cond" truecount="4" falsecount="0"/>
        <line num="31" count="1" type="stmt"/>
        <line num="32" count="1" type="stmt"/>
        <line num="35" count="4" type="stmt"/>
        <line num="36" count="4" type="stmt"/>
        <line num="38" count="1" type="stmt"/>
        <line num="39" count="1" type="stmt"/>
      </file>
      <file name="ValidatorMiddleware.ts" path="E:\Proyectos\Pasantia\src\infrastructure\input\middlewares\ValidatorMiddleware.ts">
        <metrics statements="10" coveredstatements="10" conditionals="2" coveredconditionals="2" methods="3" coveredmethods="3"/>
        <line num="4" count="1" type="stmt"/>
        <line num="5" count="8" type="stmt"/>
        <line num="7" count="8" type="stmt"/>
        <line num="8" count="8" type="stmt"/>
        <line num="10" count="8" type="cond" truecount="2" falsecount="0"/>
        <line num="11" count="9" type="stmt"/>
        <line num="16" count="5" type="stmt"/>
        <line num="20" count="5" type="stmt"/>
        <line num="23" count="3" type="stmt"/>
        <line num="24" count="3" type="stmt"/>
      </file>
    </package>
    <package name="infrastructure.output.auth">
      <metrics statements="13" coveredstatements="13" conditionals="8" coveredconditionals="8" methods="6" coveredmethods="6"/>
      <file name="AuthAdapter.ts" path="E:\Proyectos\Pasantia\src\infrastructure\output\auth\AuthAdapter.ts">
        <metrics statements="13" coveredstatements="13" conditionals="8" coveredconditionals="8" methods="6" coveredmethods="6"/>
        <line num="1" count="1" type="stmt"/>
        <line num="2" count="1" type="stmt"/>
        <line num="5" count="1" type="stmt"/>
        <line num="7" count="10" type="stmt"/>
        <line num="8" count="10" type="stmt"/>
        <line num="9" count="10" type="cond" truecount="4" falsecount="0"/>
        <line num="10" count="2" type="cond" truecount="2" falsecount="0"/>
        <line num="12" count="8" type="stmt"/>
        <line num="17" count="13" type="stmt"/>
        <line num="18" count="13" type="stmt"/>
        <line num="19" count="13" type="cond" truecount="2" falsecount="0"/>
        <line num="20" count="8" type="stmt"/>
        <line num="22" count="5" type="stmt"/>
      </file>
    </package>
    <package name="infrastructure.output.persistence.gateway">
      <metrics statements="1529" coveredstatements="379" conditionals="30356" coveredconditionals="3763" methods="65" coveredmethods="62"/>
      <file name="ActivosFijosGatewayAdapter.ts" path="E:\Proyectos\Pasantia\src\infrastructure\output\persistence\gateway\ActivosFijosGatewayAdapter.ts">
        <metrics statements="11" coveredstatements="11" conditionals="12" coveredconditionals="11" methods="4" coveredmethods="4"/>
        <line num="1" count="1" type="stmt"/>
        <line num="5" count="1" type="stmt"/>
        <line num="9" count="3" type="stmt"/>
        <line num="12" count="3" type="stmt"/>
        <line num="15" count="3" type="stmt"/>
        <line num="19" count="3" type="stmt"/>
        <line num="27" count="3" type="stmt"/>
        <line num="30" count="3" type="stmt"/>
        <line num="39" count="3" type="stmt"/>
        <line num="42" count="3" type="stmt"/>
        <line num="45" count="3" type="stmt"/>
      </file>
      <file name="CaratulaGatewayAdapter.ts" path="E:\Proyectos\Pasantia\src\infrastructure\output\persistence\gateway\CaratulaGatewayAdapter.ts">
        <metrics statements="11" coveredstatements="11" conditionals="12" coveredconditionals="10" methods="4" coveredmethods="4"/>
        <line num="1" count="1" type="stmt"/>
        <line num="5" count="1" type="stmt"/>
        <line num="8" count="2" type="stmt"/>
        <line num="11" count="2" type="stmt"/>
        <line num="14" count="2" type="stmt"/>
        <line num="18" count="1" type="stmt"/>
        <line num="26" count="1" type="stmt"/>
        <line num="29" count="1" type="stmt"/>
        <line num="37" count="2" type="stmt"/>
        <line num="40" count="2" type="stmt"/>
        <line num="43" count="2" type="stmt"/>
      </file>
      <file name="DetalleRenglonesGatewayAdapter.ts" path="E:\Proyectos\Pasantia\src\infrastructure\output\persistence\gateway\DetalleRenglonesGatewayAdapter.ts">
        <metrics statements="36" coveredstatements="15" conditionals="45" coveredconditionals="21" methods="4" coveredmethods="4"/>
        <line num="1" count="1" type="stmt"/>
        <line num="5" count="1" type="stmt"/>
        <line num="8" count="2" type="stmt"/>
        <line num="11" count="2" type="stmt"/>
        <line num="14" count="2" type="stmt"/>
        <line num="18" count="1" type="stmt"/>
        <line num="26" count="1" type="stmt"/>
        <line num="29" count="1" type="stmt"/>
        <line num="37" count="1" type="stmt"/>
        <line num="40" count="1" type="stmt"/>
        <line num="43" count="1" type="stmt"/>
        <line num="46" count="1" type="stmt"/>
        <line num="49" count="1" type="stmt"/>
        <line num="53" count="1" type="cond" truecount="1" falsecount="1"/>
        <line num="59" count="0" type="cond" truecount="0" falsecount="4"/>
        <line num="60" count="0" type="cond" truecount="0" falsecount="4"/>
        <line num="61" count="0" type="cond" truecount="0" falsecount="4"/>
        <line num="62" count="0" type="cond" truecount="0" falsecount="4"/>
        <line num="65" count="0" type="stmt"/>
        <line num="70" count="0" type="stmt"/>
        <line num="75" count="0" type="stmt"/>
        <line num="80" count="0" type="stmt"/>
        <line num="85" count="0" type="stmt"/>
        <line num="91" count="0" type="stmt"/>
        <line num="96" count="0" type="stmt"/>
        <line num="100" count="0" type="stmt"/>
        <line num="104" count="0" type="stmt"/>
        <line num="108" count="0" type="stmt"/>
        <line num="113" count="0" type="stmt"/>
        <line num="118" count="0" type="stmt"/>
        <line num="121" count="0" type="stmt"/>
        <line num="124" count="0" type="stmt"/>
        <line num="127" count="0" type="stmt"/>
        <line num="130" count="0" type="stmt"/>
        <line num="133" count="0" type="stmt"/>
        <line num="137" count="1" type="stmt"/>
      </file>
      <file name="EsfPatrimonioGatewayAdapter.ts" path="E:\Proyectos\Pasantia\src\infrastructure\output\persistence\gateway\EsfPatrimonioGatewayAdapter.ts">
        <metrics statements="313" coveredstatements="14" conditionals="8888" coveredconditionals="19" methods="4" coveredmethods="4"/>
        <line num="1" count="1" type="stmt"/>
        <line num="5" count="1" type="stmt"/>
        <line num="8" count="2" type="stmt"/>
        <line num="11" count="2" type="stmt"/>
        <line num="14" count="2" type="stmt"/>
        <line num="18" count="3" type="stmt"/>
        <line num="26" count="3" type="stmt"/>
        <line num="29" count="3" type="stmt"/>
        <line num="37" count="2" type="stmt"/>
        <line num="40" count="2" type="stmt"/>
        <line num="44" count="2" type="stmt"/>
        <line num="48" count="2" type="stmt"/>
        <line num="52" count="2" type="cond" truecount="1" falsecount="1"/>
        <line num="59" count="0" type="cond" truecount="0" falsecount="4"/>
        <line num="60" count="0" type="cond" truecount="0" falsecount="4"/>
        <line num="61" count="0" type="cond" truecount="0" falsecount="4"/>
        <line num="64" count="0" type="cond" truecount="0" falsecount="24"/>
        <line num="66" count="0" type="cond" truecount="0" falsecount="56"/>
        <line num="68" count="0" type="cond" truecount="0" falsecount="56"/>
        <line num="71" count="0" type="cond" truecount="0" falsecount="14"/>
        <line num="73" count="0" type="cond" truecount="0" falsecount="14"/>
        <line num="75" count="0" type="cond" truecount="0" falsecount="14"/>
        <line num="79" count="0" type="cond" truecount="0" falsecount="22"/>
        <line num="81" count="0" type="cond" truecount="0" falsecount="22"/>
        <line num="83" count="0" type="cond" truecount="0" falsecount="22"/>
        <line num="87" count="0" type="cond" truecount="0" falsecount="44"/>
        <line num="89" count="0" type="cond" truecount="0" falsecount="44"/>
        <line num="91" count="0" type="cond" truecount="0" falsecount="44"/>
        <line num="95" count="0" type="cond" truecount="0" falsecount="44"/>
        <line num="97" count="0" type="cond" truecount="0" falsecount="44"/>
        <line num="99" count="0" type="cond" truecount="0" falsecount="44"/>
        <line num="103" count="0" type="cond" truecount="0" falsecount="44"/>
        <line num="105" count="0" type="cond" truecount="0" falsecount="44"/>
        <line num="107" count="0" type="cond" truecount="0" falsecount="44"/>
        <line num="111" count="0" type="cond" truecount="0" falsecount="22"/>
        <line num="113" count="0" type="cond" truecount="0" falsecount="22"/>
        <line num="115" count="0" type="cond" truecount="0" falsecount="22"/>
        <line num="119" count="0" type="cond" truecount="0" falsecount="22"/>
        <line num="121" count="0" type="cond" truecount="0" falsecount="22"/>
        <line num="123" count="0" type="cond" truecount="0" falsecount="22"/>
        <line num="127" count="0" type="cond" truecount="0" falsecount="44"/>
        <line num="129" count="0" type="cond" truecount="0" falsecount="44"/>
        <line num="131" count="0" type="cond" truecount="0" falsecount="44"/>
        <line num="135" count="0" type="cond" truecount="0" falsecount="44"/>
        <line num="137" count="0" type="cond" truecount="0" falsecount="44"/>
        <line num="139" count="0" type="cond" truecount="0" falsecount="44"/>
        <line num="143" count="0" type="cond" truecount="0" falsecount="22"/>
        <line num="145" count="0" type="cond" truecount="0" falsecount="22"/>
        <line num="147" count="0" type="cond" truecount="0" falsecount="22"/>
        <line num="151" count="0" type="cond" truecount="0" falsecount="26"/>
        <line num="153" count="0" type="cond" truecount="0" falsecount="26"/>
        <line num="155" count="0" type="cond" truecount="0" falsecount="26"/>
        <line num="159" count="0" type="cond" truecount="0" falsecount="22"/>
        <line num="161" count="0" type="cond" truecount="0" falsecount="22"/>
        <line num="163" count="0" type="cond" truecount="0" falsecount="22"/>
        <line num="167" count="0" type="cond" truecount="0" falsecount="22"/>
        <line num="169" count="0" type="cond" truecount="0" falsecount="22"/>
        <line num="171" count="0" type="cond" truecount="0" falsecount="22"/>
        <line num="175" count="0" type="cond" truecount="0" falsecount="22"/>
        <line num="177" count="0" type="cond" truecount="0" falsecount="22"/>
        <line num="179" count="0" type="cond" truecount="0" falsecount="22"/>
        <line num="183" count="0" type="cond" truecount="0" falsecount="22"/>
        <line num="185" count="0" type="cond" truecount="0" falsecount="22"/>
        <line num="187" count="0" type="cond" truecount="0" falsecount="22"/>
        <line num="191" count="0" type="cond" truecount="0" falsecount="22"/>
        <line num="193" count="0" type="cond" truecount="0" falsecount="22"/>
        <line num="195" count="0" type="cond" truecount="0" falsecount="22"/>
        <line num="199" count="0" type="cond" truecount="0" falsecount="44"/>
        <line num="201" count="0" type="cond" truecount="0" falsecount="44"/>
        <line num="203" count="0" type="cond" truecount="0" falsecount="44"/>
        <line num="207" count="0" type="cond" truecount="0" falsecount="14"/>
        <line num="209" count="0" type="cond" truecount="0" falsecount="14"/>
        <line num="211" count="0" type="cond" truecount="0" falsecount="14"/>
        <line num="215" count="0" type="cond" truecount="0" falsecount="14"/>
        <line num="217" count="0" type="cond" truecount="0" falsecount="14"/>
        <line num="219" count="0" type="cond" truecount="0" falsecount="14"/>
        <line num="223" count="0" type="cond" truecount="0" falsecount="42"/>
        <line num="225" count="0" type="cond" truecount="0" falsecount="42"/>
        <line num="227" count="0" type="cond" truecount="0" falsecount="42"/>
        <line num="231" count="0" type="cond" truecount="0" falsecount="14"/>
        <line num="233" count="0" type="cond" truecount="0" falsecount="14"/>
        <line num="235" count="0" type="cond" truecount="0" falsecount="14"/>
        <line num="239" count="0" type="cond" truecount="0" falsecount="14"/>
        <line num="241" count="0" type="cond" truecount="0" falsecount="14"/>
        <line num="243" count="0" type="cond" truecount="0" falsecount="14"/>
        <line num="247" count="0" type="cond" truecount="0" falsecount="84"/>
        <line num="249" count="0" type="cond" truecount="0" falsecount="84"/>
        <line num="251" count="0" type="cond" truecount="0" falsecount="84"/>
        <line num="255" count="0" type="cond" truecount="0" falsecount="14"/>
        <line num="257" count="0" type="cond" truecount="0" falsecount="14"/>
        <line num="259" count="0" type="cond" truecount="0" falsecount="14"/>
        <line num="263" count="0" type="cond" truecount="0" falsecount="14"/>
        <line num="265" count="0" type="cond" truecount="0" falsecount="14"/>
        <line num="267" count="0" type="cond" truecount="0" falsecount="14"/>
        <line num="271" count="0" type="cond" truecount="0" falsecount="14"/>
        <line num="273" count="0" type="cond" truecount="0" falsecount="14"/>
        <line num="275" count="0" type="cond" truecount="0" falsecount="14"/>
        <line num="279" count="0" type="cond" truecount="0" falsecount="14"/>
        <line num="281" count="0" type="cond" truecount="0" falsecount="14"/>
        <line num="283" count="0" type="cond" truecount="0" falsecount="14"/>
        <line num="287" count="0" type="cond" truecount="0" falsecount="14"/>
        <line num="289" count="0" type="cond" truecount="0" falsecount="14"/>
        <line num="291" count="0" type="cond" truecount="0" falsecount="14"/>
        <line num="295" count="0" type="cond" truecount="0" falsecount="14"/>
        <line num="297" count="0" type="cond" truecount="0" falsecount="14"/>
        <line num="299" count="0" type="cond" truecount="0" falsecount="14"/>
        <line num="303" count="0" type="cond" truecount="0" falsecount="14"/>
        <line num="305" count="0" type="cond" truecount="0" falsecount="14"/>
        <line num="307" count="0" type="cond" truecount="0" falsecount="14"/>
        <line num="311" count="0" type="cond" truecount="0" falsecount="14"/>
        <line num="313" count="0" type="cond" truecount="0" falsecount="14"/>
        <line num="315" count="0" type="cond" truecount="0" falsecount="14"/>
        <line num="320" count="0" type="cond" truecount="0" falsecount="14"/>
        <line num="322" count="0" type="cond" truecount="0" falsecount="14"/>
        <line num="324" count="0" type="cond" truecount="0" falsecount="14"/>
        <line num="328" count="0" type="cond" truecount="0" falsecount="14"/>
        <line num="330" count="0" type="cond" truecount="0" falsecount="14"/>
        <line num="332" count="0" type="cond" truecount="0" falsecount="14"/>
        <line num="336" count="0" type="cond" truecount="0" falsecount="28"/>
        <line num="338" count="0" type="cond" truecount="0" falsecount="28"/>
        <line num="340" count="0" type="cond" truecount="0" falsecount="28"/>
        <line num="344" count="0" type="cond" truecount="0" falsecount="14"/>
        <line num="346" count="0" type="cond" truecount="0" falsecount="14"/>
        <line num="348" count="0" type="cond" truecount="0" falsecount="14"/>
        <line num="352" count="0" type="cond" truecount="0" falsecount="18"/>
        <line num="354" count="0" type="cond" truecount="0" falsecount="18"/>
        <line num="356" count="0" type="cond" truecount="0" falsecount="18"/>
        <line num="360" count="0" type="cond" truecount="0" falsecount="18"/>
        <line num="362" count="0" type="cond" truecount="0" falsecount="18"/>
        <line num="364" count="0" type="cond" truecount="0" falsecount="18"/>
        <line num="368" count="0" type="cond" truecount="0" falsecount="18"/>
        <line num="370" count="0" type="cond" truecount="0" falsecount="18"/>
        <line num="372" count="0" type="cond" truecount="0" falsecount="18"/>
        <line num="376" count="0" type="cond" truecount="0" falsecount="18"/>
        <line num="378" count="0" type="cond" truecount="0" falsecount="18"/>
        <line num="380" count="0" type="cond" truecount="0" falsecount="18"/>
        <line num="384" count="0" type="cond" truecount="0" falsecount="18"/>
        <line num="386" count="0" type="cond" truecount="0" falsecount="18"/>
        <line num="388" count="0" type="cond" truecount="0" falsecount="18"/>
        <line num="392" count="0" type="cond" truecount="0" falsecount="36"/>
        <line num="394" count="0" type="cond" truecount="0" falsecount="36"/>
        <line num="396" count="0" type="cond" truecount="0" falsecount="36"/>
        <line num="400" count="0" type="cond" truecount="0" falsecount="72"/>
        <line num="402" count="0" type="cond" truecount="0" falsecount="72"/>
        <line num="404" count="0" type="cond" truecount="0" falsecount="72"/>
        <line num="408" count="0" type="cond" truecount="0" falsecount="14"/>
        <line num="412" count="0" type="cond" truecount="0" falsecount="132"/>
        <line num="414" count="0" type="cond" truecount="0" falsecount="14"/>
        <line num="416" count="0" type="cond" truecount="0" falsecount="14"/>
        <line num="420" count="0" type="cond" truecount="0" falsecount="132"/>
        <line num="422" count="0" type="cond" truecount="0" falsecount="14"/>
        <line num="424" count="0" type="cond" truecount="0" falsecount="14"/>
        <line num="428" count="0" type="cond" truecount="0" falsecount="66"/>
        <line num="430" count="0" type="cond" truecount="0" falsecount="14"/>
        <line num="434" count="0" type="cond" truecount="0" falsecount="66"/>
        <line num="438" count="0" type="cond" truecount="0" falsecount="132"/>
        <line num="442" count="0" type="cond" truecount="0" falsecount="54"/>
        <line num="444" count="0" type="cond" truecount="0" falsecount="14"/>
        <line num="446" count="0" type="cond" truecount="0" falsecount="14"/>
        <line num="450" count="0" type="cond" truecount="0" falsecount="14"/>
        <line num="453" count="0" type="cond" truecount="0" falsecount="178"/>
        <line num="455" count="0" type="cond" truecount="0" falsecount="28"/>
        <line num="457" count="0" type="cond" truecount="0" falsecount="28"/>
        <line num="460" count="0" type="cond" truecount="0" falsecount="88"/>
        <line num="464" count="0" type="cond" truecount="0" falsecount="132"/>
        <line num="466" count="0" type="cond" truecount="0" falsecount="14"/>
        <line num="468" count="0" type="cond" truecount="0" falsecount="14"/>
        <line num="472" count="0" type="cond" truecount="0" falsecount="132"/>
        <line num="474" count="0" type="cond" truecount="0" falsecount="14"/>
        <line num="476" count="0" type="cond" truecount="0" falsecount="14"/>
        <line num="480" count="0" type="cond" truecount="0" falsecount="132"/>
        <line num="484" count="0" type="cond" truecount="0" falsecount="44"/>
        <line num="486" count="0" type="cond" truecount="0" falsecount="14"/>
        <line num="488" count="0" type="cond" truecount="0" falsecount="14"/>
        <line num="492" count="0" type="cond" truecount="0" falsecount="18"/>
        <line num="496" count="0" type="cond" truecount="0" falsecount="110"/>
        <line num="500" count="0" type="cond" truecount="0" falsecount="262"/>
        <line num="502" count="0" type="cond" truecount="0" falsecount="14"/>
        <line num="504" count="0" type="cond" truecount="0" falsecount="14"/>
        <line num="508" count="0" type="cond" truecount="0" falsecount="18"/>
        <line num="510" count="0" type="cond" truecount="0" falsecount="18"/>
        <line num="512" count="0" type="cond" truecount="0" falsecount="18"/>
        <line num="516" count="0" type="cond" truecount="0" falsecount="18"/>
        <line num="518" count="0" type="cond" truecount="0" falsecount="18"/>
        <line num="520" count="0" type="cond" truecount="0" falsecount="18"/>
        <line num="524" count="0" type="cond" truecount="0" falsecount="18"/>
        <line num="526" count="0" type="cond" truecount="0" falsecount="18"/>
        <line num="528" count="0" type="cond" truecount="0" falsecount="18"/>
        <line num="532" count="0" type="cond" truecount="0" falsecount="18"/>
        <line num="534" count="0" type="cond" truecount="0" falsecount="18"/>
        <line num="536" count="0" type="cond" truecount="0" falsecount="18"/>
        <line num="540" count="0" type="cond" truecount="0" falsecount="14"/>
        <line num="542" count="0" type="cond" truecount="0" falsecount="14"/>
        <line num="544" count="0" type="cond" truecount="0" falsecount="14"/>
        <line num="548" count="0" type="cond" truecount="0" falsecount="14"/>
        <line num="550" count="0" type="cond" truecount="0" falsecount="14"/>
        <line num="552" count="0" type="cond" truecount="0" falsecount="14"/>
        <line num="556" count="0" type="cond" truecount="0" falsecount="36"/>
        <line num="558" count="0" type="cond" truecount="0" falsecount="36"/>
        <line num="560" count="0" type="cond" truecount="0" falsecount="36"/>
        <line num="564" count="0" type="cond" truecount="0" falsecount="36"/>
        <line num="566" count="0" type="cond" truecount="0" falsecount="36"/>
        <line num="568" count="0" type="cond" truecount="0" falsecount="36"/>
        <line num="572" count="0" type="cond" truecount="0" falsecount="66"/>
        <line num="574" count="0" type="cond" truecount="0" falsecount="36"/>
        <line num="576" count="0" type="cond" truecount="0" falsecount="36"/>
        <line num="580" count="0" type="cond" truecount="0" falsecount="18"/>
        <line num="584" count="0" type="cond" truecount="0" falsecount="32"/>
        <line num="586" count="0" type="cond" truecount="0" falsecount="18"/>
        <line num="588" count="0" type="cond" truecount="0" falsecount="18"/>
        <line num="592" count="0" type="cond" truecount="0" falsecount="14"/>
        <line num="596" count="0" type="cond" truecount="0" falsecount="22"/>
        <line num="598" count="0" type="cond" truecount="0" falsecount="22"/>
        <line num="600" count="0" type="cond" truecount="0" falsecount="22"/>
        <line num="604" count="0" type="cond" truecount="0" falsecount="22"/>
        <line num="606" count="0" type="cond" truecount="0" falsecount="22"/>
        <line num="608" count="0" type="cond" truecount="0" falsecount="22"/>
        <line num="612" count="0" type="cond" truecount="0" falsecount="22"/>
        <line num="614" count="0" type="cond" truecount="0" falsecount="22"/>
        <line num="616" count="0" type="cond" truecount="0" falsecount="22"/>
        <line num="620" count="0" type="cond" truecount="0" falsecount="44"/>
        <line num="622" count="0" type="cond" truecount="0" falsecount="44"/>
        <line num="624" count="0" type="cond" truecount="0" falsecount="44"/>
        <line num="628" count="0" type="cond" truecount="0" falsecount="22"/>
        <line num="630" count="0" type="cond" truecount="0" falsecount="22"/>
        <line num="632" count="0" type="cond" truecount="0" falsecount="22"/>
        <line num="636" count="0" type="cond" truecount="0" falsecount="22"/>
        <line num="638" count="0" type="cond" truecount="0" falsecount="22"/>
        <line num="640" count="0" type="cond" truecount="0" falsecount="22"/>
        <line num="644" count="0" type="cond" truecount="0" falsecount="44"/>
        <line num="646" count="0" type="cond" truecount="0" falsecount="44"/>
        <line num="648" count="0" type="cond" truecount="0" falsecount="44"/>
        <line num="652" count="0" type="cond" truecount="0" falsecount="22"/>
        <line num="654" count="0" type="cond" truecount="0" falsecount="22"/>
        <line num="656" count="0" type="cond" truecount="0" falsecount="22"/>
        <line num="660" count="0" type="cond" truecount="0" falsecount="22"/>
        <line num="662" count="0" type="cond" truecount="0" falsecount="22"/>
        <line num="664" count="0" type="cond" truecount="0" falsecount="22"/>
        <line num="668" count="0" type="cond" truecount="0" falsecount="22"/>
        <line num="670" count="0" type="cond" truecount="0" falsecount="22"/>
        <line num="672" count="0" type="cond" truecount="0" falsecount="22"/>
        <line num="676" count="0" type="cond" truecount="0" falsecount="44"/>
        <line num="678" count="0" type="cond" truecount="0" falsecount="44"/>
        <line num="680" count="0" type="cond" truecount="0" falsecount="44"/>
        <line num="684" count="0" type="cond" truecount="0" falsecount="22"/>
        <line num="686" count="0" type="cond" truecount="0" falsecount="22"/>
        <line num="688" count="0" type="cond" truecount="0" falsecount="22"/>
        <line num="692" count="0" type="cond" truecount="0" falsecount="22"/>
        <line num="694" count="0" type="cond" truecount="0" falsecount="22"/>
        <line num="696" count="0" type="cond" truecount="0" falsecount="22"/>
        <line num="700" count="0" type="cond" truecount="0" falsecount="44"/>
        <line num="702" count="0" type="cond" truecount="0" falsecount="44"/>
        <line num="704" count="0" type="cond" truecount="0" falsecount="44"/>
        <line num="708" count="0" type="cond" truecount="0" falsecount="14"/>
        <line num="710" count="0" type="cond" truecount="0" falsecount="14"/>
        <line num="712" count="0" type="cond" truecount="0" falsecount="14"/>
        <line num="716" count="0" type="cond" truecount="0" falsecount="36"/>
        <line num="720" count="0" type="cond" truecount="0" falsecount="32"/>
        <line num="722" count="0" type="cond" truecount="0" falsecount="32"/>
        <line num="724" count="0" type="cond" truecount="0" falsecount="32"/>
        <line num="728" count="0" type="cond" truecount="0" falsecount="14"/>
        <line num="730" count="0" type="cond" truecount="0" falsecount="14"/>
        <line num="732" count="0" type="cond" truecount="0" falsecount="14"/>
        <line num="736" count="0" type="cond" truecount="0" falsecount="14"/>
        <line num="738" count="0" type="cond" truecount="0" falsecount="14"/>
        <line num="742" count="0" type="cond" truecount="0" falsecount="14"/>
        <line num="744" count="0" type="cond" truecount="0" falsecount="14"/>
        <line num="746" count="0" type="cond" truecount="0" falsecount="14"/>
        <line num="750" count="0" type="cond" truecount="0" falsecount="14"/>
        <line num="752" count="0" type="cond" truecount="0" falsecount="14"/>
        <line num="754" count="0" type="cond" truecount="0" falsecount="14"/>
        <line num="758" count="0" type="cond" truecount="0" falsecount="14"/>
        <line num="760" count="0" type="cond" truecount="0" falsecount="14"/>
        <line num="762" count="0" type="cond" truecount="0" falsecount="14"/>
        <line num="766" count="0" type="cond" truecount="0" falsecount="14"/>
        <line num="768" count="0" type="cond" truecount="0" falsecount="14"/>
        <line num="770" count="0" type="cond" truecount="0" falsecount="14"/>
        <line num="774" count="0" type="cond" truecount="0" falsecount="14"/>
        <line num="776" count="0" type="cond" truecount="0" falsecount="14"/>
        <line num="778" count="0" type="cond" truecount="0" falsecount="14"/>
        <line num="782" count="0" type="cond" truecount="0" falsecount="14"/>
        <line num="786" count="0" type="cond" truecount="0" falsecount="70"/>
        <line num="788" count="0" type="cond" truecount="0" falsecount="70"/>
        <line num="790" count="0" type="cond" truecount="0" falsecount="70"/>
        <line num="794" count="0" type="cond" truecount="0" falsecount="14"/>
        <line num="798" count="0" type="cond" truecount="0" falsecount="14"/>
        <line num="800" count="0" type="cond" truecount="0" falsecount="14"/>
        <line num="802" count="0" type="cond" truecount="0" falsecount="14"/>
        <line num="806" count="0" type="cond" truecount="0" falsecount="14"/>
        <line num="808" count="0" type="cond" truecount="0" falsecount="14"/>
        <line num="812" count="0" type="cond" truecount="0" falsecount="14"/>
        <line num="814" count="0" type="cond" truecount="0" falsecount="14"/>
        <line num="816" count="0" type="cond" truecount="0" falsecount="14"/>
        <line num="820" count="0" type="cond" truecount="0" falsecount="14"/>
        <line num="822" count="0" type="cond" truecount="0" falsecount="14"/>
        <line num="824" count="0" type="cond" truecount="0" falsecount="14"/>
        <line num="828" count="0" type="cond" truecount="0" falsecount="14"/>
        <line num="830" count="0" type="cond" truecount="0" falsecount="14"/>
        <line num="832" count="0" type="cond" truecount="0" falsecount="14"/>
        <line num="837" count="0" type="cond" truecount="0" falsecount="262"/>
        <line num="839" count="0" type="cond" truecount="0" falsecount="262"/>
        <line num="843" count="0" type="cond" truecount="0" falsecount="14"/>
        <line num="847" count="0" type="cond" truecount="0" falsecount="18"/>
        <line num="851" count="0" type="cond" truecount="0" falsecount="18"/>
        <line num="855" count="0" type="cond" truecount="0" falsecount="18"/>
        <line num="859" count="0" type="cond" truecount="0" falsecount="18"/>
        <line num="863" count="0" type="cond" truecount="0" falsecount="14"/>
        <line num="867" count="0" type="cond" truecount="0" falsecount="14"/>
        <line num="871" count="0" type="cond" truecount="0" falsecount="18"/>
        <line num="875" count="0" type="cond" truecount="0" falsecount="18"/>
        <line num="879" count="0" type="cond" truecount="0" falsecount="18"/>
        <line num="883" count="0" type="cond" truecount="0" falsecount="18"/>
        <line num="886" count="2" type="stmt"/>
      </file>
      <file name="Form110GatewayAdapter.ts" path="E:\Proyectos\Pasantia\src\infrastructure\output\persistence\gateway\Form110GatewayAdapter.ts">
        <metrics statements="96" coveredstatements="14" conditionals="817" coveredconditionals="20" methods="4" coveredmethods="4"/>
        <line num="1" count="1" type="stmt"/>
        <line num="5" count="1" type="stmt"/>
        <line num="7" count="2" type="stmt"/>
        <line num="10" count="2" type="stmt"/>
        <line num="13" count="2" type="stmt"/>
        <line num="17" count="3" type="stmt"/>
        <line num="29" count="3" type="stmt"/>
        <line num="32" count="3" type="stmt"/>
        <line num="43" count="2" type="stmt"/>
        <line num="46" count="2" type="stmt"/>
        <line num="50" count="2" type="stmt"/>
        <line num="54" count="2" type="stmt"/>
        <line num="58" count="2" type="cond" truecount="1" falsecount="1"/>
        <line num="63" count="0" type="cond" truecount="0" falsecount="4"/>
        <line num="64" count="0" type="cond" truecount="0" falsecount="4"/>
        <line num="65" count="0" type="cond" truecount="0" falsecount="4"/>
        <line num="68" count="0" type="cond" truecount="0" falsecount="6"/>
        <line num="70" count="0" type="cond" truecount="0" falsecount="10"/>
        <line num="72" count="0" type="cond" truecount="0" falsecount="10"/>
        <line num="74" count="0" type="cond" truecount="0" falsecount="10"/>
        <line num="76" count="0" type="cond" truecount="0" falsecount="10"/>
        <line num="78" count="0" type="cond" truecount="0" falsecount="10"/>
        <line num="80" count="0" type="cond" truecount="0" falsecount="10"/>
        <line num="82" count="0" type="cond" truecount="0" falsecount="10"/>
        <line num="84" count="0" type="cond" truecount="0" falsecount="10"/>
        <line num="86" count="0" type="cond" truecount="0" falsecount="6"/>
        <line num="88" count="0" type="cond" truecount="0" falsecount="6"/>
        <line num="90" count="0" type="cond" truecount="0" falsecount="6"/>
        <line num="92" count="0" type="cond" truecount="0" falsecount="6"/>
        <line num="95" count="0" type="stmt"/>
        <line num="99" count="0" type="stmt"/>
        <line num="104" count="0" type="stmt"/>
        <line num="110" count="0" type="stmt"/>
        <line num="114" count="0" type="stmt"/>
        <line num="119" count="0" type="stmt"/>
        <line num="124" count="0" type="stmt"/>
        <line num="127" count="0" type="stmt"/>
        <line num="131" count="0" type="stmt"/>
        <line num="135" count="0" type="stmt"/>
        <line num="140" count="0" type="stmt"/>
        <line num="143" count="0" type="cond" truecount="0" falsecount="10"/>
        <line num="145" count="0" type="cond" truecount="0" falsecount="10"/>
        <line num="147" count="0" type="cond" truecount="0" falsecount="20"/>
        <line num="150" count="0" type="cond" truecount="0" falsecount="10"/>
        <line num="152" count="0" type="cond" truecount="0" falsecount="10"/>
        <line num="154" count="0" type="stmt"/>
        <line num="159" count="0" type="stmt"/>
        <line num="164" count="0" type="stmt"/>
        <line num="168" count="0" type="stmt"/>
        <line num="173" count="0" type="stmt"/>
        <line num="178" count="0" type="stmt"/>
        <line num="181" count="0" type="stmt"/>
        <line num="184" count="0" type="stmt"/>
        <line num="188" count="0" type="stmt"/>
        <line num="193" count="0" type="stmt"/>
        <line num="197" count="0" type="stmt"/>
        <line num="200" count="0" type="stmt"/>
        <line num="204" count="0" type="stmt"/>
        <line num="209" count="0" type="stmt"/>
        <line num="213" count="0" type="stmt"/>
        <line num="218" count="0" type="stmt"/>
        <line num="226" count="0" type="stmt"/>
        <line num="231" count="0" type="stmt"/>
        <line num="236" count="0" type="stmt"/>
        <line num="241" count="0" type="stmt"/>
        <line num="246" count="0" type="stmt"/>
        <line num="251" count="0" type="stmt"/>
        <line num="255" count="0" type="stmt"/>
        <line num="259" count="0" type="stmt"/>
        <line num="263" count="0" type="stmt"/>
        <line num="269" count="0" type="cond" truecount="0" falsecount="10"/>
        <line num="271" count="0" type="cond" truecount="0" falsecount="10"/>
        <line num="273" count="0" type="cond" truecount="0" falsecount="10"/>
        <line num="275" count="0" type="cond" truecount="0" falsecount="10"/>
        <line num="277" count="0" type="cond" truecount="0" falsecount="10"/>
        <line num="279" count="0" type="cond" truecount="0" falsecount="10"/>
        <line num="282" count="0" type="cond" truecount="0" falsecount="10"/>
        <line num="284" count="0" type="cond" truecount="0" falsecount="10"/>
        <line num="286" count="0" type="cond" truecount="0" falsecount="10"/>
        <line num="288" count="0" type="cond" truecount="0" falsecount="10"/>
        <line num="290" count="0" type="cond" truecount="0" falsecount="10"/>
        <line num="293" count="0" type="stmt"/>
        <line num="298" count="0" type="stmt"/>
        <line num="302" count="0" type="stmt"/>
        <line num="306" count="0" type="stmt"/>
        <line num="310" count="0" type="stmt"/>
        <line num="314" count="0" type="stmt"/>
        <line num="318" count="0" type="stmt"/>
        <line num="323" count="0" type="stmt"/>
        <line num="327" count="0" type="stmt"/>
        <line num="331" count="0" type="stmt"/>
        <line num="336" count="0" type="cond" truecount="0" falsecount="10"/>
        <line num="338" count="0" type="stmt"/>
        <line num="342" count="0" type="stmt"/>
        <line num="346" count="0" type="stmt"/>
        <line num="352" count="2" type="stmt"/>
      </file>
      <file name="ImpuestoDiferidoGatewayAdapter.ts" path="E:\Proyectos\Pasantia\src\infrastructure\output\persistence\gateway\ImpuestoDiferidoGatewayAdapter.ts">
        <metrics statements="52" coveredstatements="8" conditionals="1302" coveredconditionals="7" methods="6" coveredmethods="3"/>
        <line num="1" count="1" type="stmt"/>
        <line num="5" count="1" type="stmt"/>
        <line num="8" count="2" type="stmt"/>
        <line num="11" count="2" type="stmt"/>
        <line num="14" count="2" type="stmt"/>
        <line num="18" count="1" type="stmt"/>
        <line num="26" count="1" type="stmt"/>
        <line num="29" count="1" type="stmt"/>
        <line num="38" count="0" type="cond" truecount="0" falsecount="8"/>
        <line num="40" count="0" type="cond" truecount="0" falsecount="4"/>
        <line num="44" count="0" type="cond" truecount="0" falsecount="8"/>
        <line num="46" count="0" type="cond" truecount="0" falsecount="4"/>
        <line num="50" count="0" type="stmt"/>
        <line num="53" count="0" type="stmt"/>
        <line num="57" count="0" type="stmt"/>
        <line num="61" count="0" type="stmt"/>
        <line num="65" count="0" type="cond" truecount="0" falsecount="2"/>
        <line num="72" count="0" type="cond" truecount="0" falsecount="4"/>
        <line num="73" count="0" type="cond" truecount="0" falsecount="4"/>
        <line num="74" count="0" type="cond" truecount="0" falsecount="4"/>
        <line num="77" count="0" type="cond" truecount="0" falsecount="44"/>
        <line num="79" count="0" type="cond" truecount="0" falsecount="44"/>
        <line num="81" count="0" type="cond" truecount="0" falsecount="44"/>
        <line num="83" count="0" type="cond" truecount="0" falsecount="44"/>
        <line num="85" count="0" type="cond" truecount="0" falsecount="44"/>
        <line num="87" count="0" type="cond" truecount="0" falsecount="44"/>
        <line num="89" count="0" type="cond" truecount="0" falsecount="44"/>
        <line num="91" count="0" type="cond" truecount="0" falsecount="44"/>
        <line num="93" count="0" type="cond" truecount="0" falsecount="44"/>
        <line num="95" count="0" type="cond" truecount="0" falsecount="44"/>
        <line num="97" count="0" type="cond" truecount="0" falsecount="44"/>
        <line num="99" count="0" type="cond" truecount="0" falsecount="44"/>
        <line num="101" count="0" type="cond" truecount="0" falsecount="44"/>
        <line num="105" count="0" type="cond" truecount="0" falsecount="44"/>
        <line num="107" count="0" type="cond" truecount="0" falsecount="44"/>
        <line num="109" count="0" type="cond" truecount="0" falsecount="44"/>
        <line num="111" count="0" type="cond" truecount="0" falsecount="44"/>
        <line num="113" count="0" type="cond" truecount="0" falsecount="44"/>
        <line num="115" count="0" type="cond" truecount="0" falsecount="44"/>
        <line num="117" count="0" type="cond" truecount="0" falsecount="44"/>
        <line num="119" count="0" type="cond" truecount="0" falsecount="44"/>
        <line num="121" count="0" type="cond" truecount="0" falsecount="44"/>
        <line num="123" count="0" type="cond" truecount="0" falsecount="44"/>
        <line num="125" count="0" type="cond" truecount="0" falsecount="44"/>
        <line num="127" count="0" type="cond" truecount="0" falsecount="44"/>
        <line num="129" count="0" type="cond" truecount="0" falsecount="44"/>
        <line num="131" count="0" type="cond" truecount="0" falsecount="10"/>
        <line num="133" count="0" type="cond" truecount="0" falsecount="10"/>
        <line num="135" count="0" type="cond" truecount="0" falsecount="10"/>
        <line num="137" count="0" type="cond" truecount="0" falsecount="14"/>
        <line num="139" count="0" type="cond" truecount="0" falsecount="42"/>
        <line num="142" count="0" type="stmt"/>
      </file>
      <file name="IngFactGatewayAdapter.ts" path="E:\Proyectos\Pasantia\src\infrastructure\output\persistence\gateway\IngFactGatewayAdapter.ts">
        <metrics statements="18" coveredstatements="13" conditionals="22" coveredconditionals="15" methods="4" coveredmethods="4"/>
        <line num="1" count="1" type="stmt"/>
        <line num="5" count="1" type="stmt"/>
        <line num="8" count="2" type="stmt"/>
        <line num="11" count="2" type="stmt"/>
        <line num="14" count="2" type="stmt"/>
        <line num="18" count="1" type="stmt"/>
        <line num="26" count="1" type="stmt"/>
        <line num="29" count="1" type="stmt"/>
        <line num="37" count="1" type="stmt"/>
        <line num="40" count="1" type="stmt"/>
        <line num="43" count="1" type="stmt"/>
        <line num="47" count="1" type="cond" truecount="2" falsecount="4"/>
        <line num="48" count="0" type="stmt"/>
        <line num="49" count="0" type="stmt"/>
        <line num="51" count="0" type="stmt"/>
        <line num="59" count="0" type="stmt"/>
        <line num="73" count="0" type="stmt"/>
        <line num="77" count="1" type="stmt"/>
      </file>
      <file name="RentaLiquidaGatewayAdapter.ts" path="E:\Proyectos\Pasantia\src\infrastructure\output\persistence\gateway\RentaLiquidaGatewayAdapter.ts">
        <metrics statements="712" coveredstatements="13" conditionals="14537" coveredconditionals="15" methods="4" coveredmethods="4"/>
        <line num="1" count="1" type="stmt"/>
        <line num="6" count="1" type="stmt"/>
        <line num="9" count="2" type="stmt"/>
        <line num="12" count="2" type="stmt"/>
        <line num="15" count="2" type="stmt"/>
        <line num="19" count="1" type="stmt"/>
        <line num="27" count="1" type="stmt"/>
        <line num="30" count="1" type="stmt"/>
        <line num="38" count="1" type="stmt"/>
        <line num="41" count="1" type="stmt"/>
        <line num="44" count="1" type="stmt"/>
        <line num="47" count="1" type="cond" truecount="1" falsecount="1"/>
        <line num="52" count="0" type="cond" truecount="0" falsecount="4"/>
        <line num="53" count="0" type="cond" truecount="0" falsecount="4"/>
        <line num="57" count="0" type="stmt"/>
        <line num="60" count="0" type="stmt"/>
        <line num="63" count="0" type="stmt"/>
        <line num="68" count="0" type="stmt"/>
        <line num="71" count="0" type="stmt"/>
        <line num="74" count="0" type="stmt"/>
        <line num="79" count="0" type="stmt"/>
        <line num="82" count="0" type="stmt"/>
        <line num="85" count="0" type="stmt"/>
        <line num="90" count="0" type="stmt"/>
        <line num="93" count="0" type="stmt"/>
        <line num="96" count="0" type="stmt"/>
        <line num="101" count="0" type="stmt"/>
        <line num="104" count="0" type="stmt"/>
        <line num="107" count="0" type="stmt"/>
        <line num="112" count="0" type="stmt"/>
        <line num="115" count="0" type="stmt"/>
        <line num="118" count="0" type="stmt"/>
        <line num="123" count="0" type="stmt"/>
        <line num="126" count="0" type="stmt"/>
        <line num="129" count="0" type="stmt"/>
        <line num="134" count="0" type="stmt"/>
        <line num="137" count="0" type="stmt"/>
        <line num="140" count="0" type="stmt"/>
        <line num="145" count="0" type="stmt"/>
        <line num="148" count="0" type="stmt"/>
        <line num="151" count="0" type="stmt"/>
        <line num="156" count="0" type="stmt"/>
        <line num="159" count="0" type="stmt"/>
        <line num="162" count="0" type="stmt"/>
        <line num="167" count="0" type="stmt"/>
        <line num="170" count="0" type="stmt"/>
        <line num="173" count="0" type="stmt"/>
        <line num="178" count="0" type="stmt"/>
        <line num="181" count="0" type="stmt"/>
        <line num="184" count="0" type="stmt"/>
        <line num="189" count="0" type="stmt"/>
        <line num="192" count="0" type="stmt"/>
        <line num="195" count="0" type="stmt"/>
        <line num="200" count="0" type="stmt"/>
        <line num="203" count="0" type="stmt"/>
        <line num="206" count="0" type="stmt"/>
        <line num="211" count="0" type="stmt"/>
        <line num="214" count="0" type="stmt"/>
        <line num="217" count="0" type="stmt"/>
        <line num="222" count="0" type="stmt"/>
        <line num="225" count="0" type="stmt"/>
        <line num="228" count="0" type="stmt"/>
        <line num="233" count="0" type="stmt"/>
        <line num="236" count="0" type="stmt"/>
        <line num="239" count="0" type="stmt"/>
        <line num="244" count="0" type="stmt"/>
        <line num="247" count="0" type="stmt"/>
        <line num="250" count="0" type="stmt"/>
        <line num="255" count="0" type="stmt"/>
        <line num="258" count="0" type="stmt"/>
        <line num="261" count="0" type="stmt"/>
        <line num="266" count="0" type="stmt"/>
        <line num="269" count="0" type="stmt"/>
        <line num="272" count="0" type="stmt"/>
        <line num="277" count="0" type="stmt"/>
        <line num="280" count="0" type="stmt"/>
        <line num="283" count="0" type="stmt"/>
        <line num="288" count="0" type="stmt"/>
        <line num="291" count="0" type="stmt"/>
        <line num="294" count="0" type="stmt"/>
        <line num="299" count="0" type="stmt"/>
        <line num="302" count="0" type="stmt"/>
        <line num="305" count="0" type="stmt"/>
        <line num="310" count="0" type="stmt"/>
        <line num="313" count="0" type="stmt"/>
        <line num="316" count="0" type="stmt"/>
        <line num="321" count="0" type="stmt"/>
        <line num="324" count="0" type="stmt"/>
        <line num="327" count="0" type="stmt"/>
        <line num="332" count="0" type="stmt"/>
        <line num="335" count="0" type="stmt"/>
        <line num="338" count="0" type="stmt"/>
        <line num="343" count="0" type="stmt"/>
        <line num="346" count="0" type="stmt"/>
        <line num="349" count="0" type="stmt"/>
        <line num="354" count="0" type="stmt"/>
        <line num="357" count="0" type="stmt"/>
        <line num="360" count="0" type="stmt"/>
        <line num="365" count="0" type="stmt"/>
        <line num="370" count="0" type="stmt"/>
        <line num="375" count="0" type="stmt"/>
        <line num="378" count="0" type="stmt"/>
        <line num="381" count="0" type="stmt"/>
        <line num="386" count="0" type="stmt"/>
        <line num="389" count="0" type="stmt"/>
        <line num="394" count="0" type="stmt"/>
        <line num="399" count="0" type="stmt"/>
        <line num="404" count="0" type="stmt"/>
        <line num="407" count="0" type="stmt"/>
        <line num="410" count="0" type="cond" truecount="0" falsecount="56"/>
        <line num="414" count="0" type="stmt"/>
        <line num="419" count="0" type="stmt"/>
        <line num="424" count="0" type="stmt"/>
        <line num="427" count="0" type="cond" truecount="0" falsecount="56"/>
        <line num="429" count="0" type="cond" truecount="0" falsecount="56"/>
        <line num="433" count="0" type="stmt"/>
        <line num="436" count="0" type="cond" truecount="0" falsecount="42"/>
        <line num="438" count="0" type="cond" truecount="0" falsecount="42"/>
        <line num="442" count="0" type="stmt"/>
        <line num="445" count="0" type="cond" truecount="0" falsecount="42"/>
        <line num="447" count="0" type="cond" truecount="0" falsecount="42"/>
        <line num="451" count="0" type="stmt"/>
        <line num="456" count="0" type="stmt"/>
        <line num="459" count="0" type="stmt"/>
        <line num="462" count="0" type="cond" truecount="0" falsecount="14"/>
        <line num="466" count="0" type="stmt"/>
        <line num="471" count="0" type="stmt"/>
        <line num="476" count="0" type="stmt"/>
        <line num="481" count="0" type="stmt"/>
        <line num="486" count="0" type="stmt"/>
        <line num="491" count="0" type="stmt"/>
        <line num="494" count="0" type="stmt"/>
        <line num="497" count="0" type="stmt"/>
        <line num="502" count="0" type="stmt"/>
        <line num="505" count="0" type="stmt"/>
        <line num="508" count="0" type="stmt"/>
        <line num="513" count="0" type="stmt"/>
        <line num="516" count="0" type="stmt"/>
        <line num="519" count="0" type="stmt"/>
        <line num="524" count="0" type="stmt"/>
        <line num="527" count="0" type="stmt"/>
        <line num="530" count="0" type="stmt"/>
        <line num="535" count="0" type="stmt"/>
        <line num="538" count="0" type="stmt"/>
        <line num="541" count="0" type="stmt"/>
        <line num="546" count="0" type="stmt"/>
        <line num="549" count="0" type="stmt"/>
        <line num="552" count="0" type="stmt"/>
        <line num="557" count="0" type="stmt"/>
        <line num="560" count="0" type="stmt"/>
        <line num="563" count="0" type="stmt"/>
        <line num="568" count="0" type="stmt"/>
        <line num="571" count="0" type="stmt"/>
        <line num="574" count="0" type="stmt"/>
        <line num="579" count="0" type="stmt"/>
        <line num="582" count="0" type="stmt"/>
        <line num="585" count="0" type="stmt"/>
        <line num="590" count="0" type="stmt"/>
        <line num="593" count="0" type="stmt"/>
        <line num="596" count="0" type="stmt"/>
        <line num="601" count="0" type="stmt"/>
        <line num="604" count="0" type="stmt"/>
        <line num="607" count="0" type="stmt"/>
        <line num="612" count="0" type="stmt"/>
        <line num="615" count="0" type="stmt"/>
        <line num="618" count="0" type="stmt"/>
        <line num="623" count="0" type="stmt"/>
        <line num="626" count="0" type="stmt"/>
        <line num="629" count="0" type="stmt"/>
        <line num="634" count="0" type="stmt"/>
        <line num="637" count="0" type="stmt"/>
        <line num="640" count="0" type="stmt"/>
        <line num="645" count="0" type="stmt"/>
        <line num="648" count="0" type="stmt"/>
        <line num="651" count="0" type="stmt"/>
        <line num="656" count="0" type="stmt"/>
        <line num="659" count="0" type="stmt"/>
        <line num="662" count="0" type="stmt"/>
[...]
        <line num="146" count="1" type="cond" truecount="28" falsecount="8"/>
        <line num="148" count="1" type="cond" truecount="28" falsecount="8"/>
        <line num="150" count="1" type="cond" truecount="28" falsecount="8"/>
        <line num="152" count="1" type="cond" truecount="28" falsecount="8"/>
        <line num="154" count="1" type="cond" truecount="28" falsecount="8"/>
        <line num="156" count="1" type="cond" truecount="28" falsecount="8"/>
        <line num="158" count="1" type="cond" truecount="20" falsecount="8"/>
        <line num="162" count="1" type="cond" truecount="14" falsecount="4"/>
        <line num="164" count="1" type="cond" truecount="14" falsecount="4"/>
        <line num="166" count="1" type="cond" truecount="14" falsecount="4"/>
        <line num="168" count="1" type="cond" truecount="14" falsecount="4"/>
        <line num="170" count="1" type="cond" truecount="14" falsecount="4"/>
        <line num="172" count="1" type="cond" truecount="14" falsecount="4"/>
        <line num="174" count="1" type="cond" truecount="14" falsecount="4"/>
        <line num="176" count="1" type="cond" truecount="14" falsecount="4"/>
        <line num="178" count="1" type="cond" truecount="14" falsecount="4"/>
        <line num="180" count="1" type="cond" truecount="10" falsecount="4"/>
        <line num="183" count="1" type="cond" truecount="14" falsecount="4"/>
        <line num="185" count="1" type="cond" truecount="14" falsecount="4"/>
        <line num="187" count="1" type="cond" truecount="14" falsecount="4"/>
        <line num="189" count="1" type="cond" truecount="14" falsecount="4"/>
        <line num="191" count="1" type="cond" truecount="14" falsecount="4"/>
        <line num="193" count="1" type="cond" truecount="14" falsecount="4"/>
        <line num="195" count="1" type="cond" truecount="14" falsecount="4"/>
        <line num="197" count="1" type="cond" truecount="14" falsecount="4"/>
        <line num="199" count="1" type="cond" truecount="14" falsecount="4"/>
        <line num="201" count="1" type="cond" truecount="10" falsecount="4"/>
        <line num="204" count="1" type="cond" truecount="28" falsecount="8"/>
        <line num="206" count="1" type="cond" truecount="28" falsecount="8"/>
        <line num="208" count="1" type="cond" truecount="28" falsecount="8"/>
        <line num="210" count="1" type="cond" truecount="28" falsecount="8"/>
        <line num="212" count="1" type="cond" truecount="28" falsecount="8"/>
        <line num="214" count="1" type="cond" truecount="28" falsecount="8"/>
        <line num="216" count="1" type="cond" truecount="28" falsecount="8"/>
        <line num="218" count="1" type="cond" truecount="28" falsecount="8"/>
        <line num="220" count="1" type="cond" truecount="28" falsecount="8"/>
        <line num="222" count="1" type="cond" truecount="20" falsecount="8"/>
        <line num="226" count="1" type="cond" truecount="13" falsecount="5"/>
        <line num="228" count="1" type="cond" truecount="14" falsecount="4"/>
        <line num="230" count="1" type="cond" truecount="14" falsecount="4"/>
        <line num="232" count="1" type="cond" truecount="14" falsecount="4"/>
        <line num="234" count="1" type="cond" truecount="14" falsecount="4"/>
        <line num="236" count="1" type="cond" truecount="7" falsecount="3"/>
        <line num="239" count="1" type="cond" truecount="7" falsecount="3"/>
        <line num="243" count="1" type="cond" truecount="16" falsecount="6"/>
        <line num="245" count="1" type="cond" truecount="17" falsecount="5"/>
        <line num="247" count="1" type="cond" truecount="14" falsecount="4"/>
        <line num="249" count="1" type="cond" truecount="14" falsecount="4"/>
        <line num="251" count="1" type="cond" truecount="14" falsecount="4"/>
        <line num="253" count="1" type="cond" truecount="14" falsecount="4"/>
        <line num="255" count="1" type="cond" truecount="14" falsecount="4"/>
        <line num="257" count="1" type="cond" truecount="14" falsecount="4"/>
        <line num="259" count="1" type="cond" truecount="14" falsecount="4"/>
        <line num="261" count="1" type="cond" truecount="14" falsecount="4"/>
        <line num="263" count="1" type="cond" truecount="14" falsecount="4"/>
        <line num="265" count="1" type="cond" truecount="14" falsecount="4"/>
        <line num="267" count="1" type="stmt"/>
        <line num="269" count="1" type="stmt"/>
        <line num="271" count="1" type="cond" truecount="10" falsecount="4"/>
        <line num="274" count="1" type="cond" truecount="16" falsecount="6"/>
        <line num="276" count="1" type="cond" truecount="17" falsecount="5"/>
        <line num="278" count="1" type="cond" truecount="14" falsecount="4"/>
        <line num="280" count="1" type="cond" truecount="14" falsecount="4"/>
        <line num="282" count="1" type="cond" truecount="14" falsecount="4"/>
        <line num="284" count="1" type="cond" truecount="14" falsecount="4"/>
        <line num="286" count="1" type="cond" truecount="14" falsecount="4"/>
        <line num="288" count="1" type="cond" truecount="14" falsecount="4"/>
        <line num="290" count="1" type="cond" truecount="14" falsecount="4"/>
        <line num="292" count="1" type="cond" truecount="14" falsecount="4"/>
        <line num="294" count="1" type="cond" truecount="14" falsecount="4"/>
        <line num="296" count="1" type="cond" truecount="14" falsecount="4"/>
        <line num="298" count="1" type="cond" truecount="14" falsecount="4"/>
        <line num="300" count="1" type="cond" truecount="14" falsecount="4"/>
        <line num="302" count="1" type="cond" truecount="10" falsecount="4"/>
        <line num="305" count="1" type="cond" truecount="32" falsecount="12"/>
        <line num="307" count="1" type="cond" truecount="34" falsecount="10"/>
        <line num="309" count="1" type="cond" truecount="28" falsecount="8"/>
        <line num="311" count="1" type="cond" truecount="28" falsecount="8"/>
        <line num="313" count="1" type="cond" truecount="28" falsecount="8"/>
        <line num="315" count="1" type="cond" truecount="28" falsecount="8"/>
        <line num="317" count="1" type="cond" truecount="28" falsecount="8"/>
        <line num="319" count="1" type="cond" truecount="28" falsecount="8"/>
        <line num="321" count="1" type="cond" truecount="28" falsecount="8"/>
        <line num="323" count="1" type="cond" truecount="28" falsecount="8"/>
        <line num="325" count="1" type="cond" truecount="28" falsecount="8"/>
        <line num="327" count="1" type="cond" truecount="28" falsecount="8"/>
        <line num="329" count="1" type="cond" truecount="14" falsecount="4"/>
        <line num="331" count="1" type="cond" truecount="14" falsecount="4"/>
        <line num="333" count="1" type="cond" truecount="20" falsecount="8"/>
        <line num="337" count="1" type="cond" truecount="14" falsecount="4"/>
        <line num="339" count="1" type="cond" truecount="14" falsecount="4"/>
        <line num="341" count="1" type="cond" truecount="14" falsecount="4"/>
        <line num="343" count="1" type="cond" truecount="14" falsecount="4"/>
        <line num="345" count="1" type="cond" truecount="14" falsecount="4"/>
        <line num="347" count="1" type="cond" truecount="10" falsecount="4"/>
        <line num="350" count="1" type="cond" truecount="14" falsecount="4"/>
        <line num="352" count="1" type="cond" truecount="14" falsecount="4"/>
        <line num="354" count="1" type="cond" truecount="14" falsecount="4"/>
        <line num="356" count="1" type="cond" truecount="14" falsecount="4"/>
        <line num="358" count="1" type="cond" truecount="14" falsecount="4"/>
        <line num="360" count="1" type="cond" truecount="10" falsecount="4"/>
        <line num="363" count="1" type="cond" truecount="28" falsecount="8"/>
        <line num="365" count="1" type="cond" truecount="28" falsecount="8"/>
        <line num="367" count="1" type="cond" truecount="28" falsecount="8"/>
        <line num="369" count="1" type="cond" truecount="28" falsecount="8"/>
        <line num="371" count="1" type="cond" truecount="28" falsecount="8"/>
        <line num="373" count="1" type="cond" truecount="20" falsecount="8"/>
        <line num="377" count="1" type="cond" truecount="17" falsecount="5"/>
        <line num="379" count="1" type="cond" truecount="17" falsecount="5"/>
        <line num="381" count="1" type="cond" truecount="17" falsecount="5"/>
        <line num="383" count="1" type="cond" truecount="14" falsecount="4"/>
        <line num="385" count="1" type="cond" truecount="17" falsecount="5"/>
        <line num="387" count="1" type="cond" truecount="17" falsecount="5"/>
        <line num="389" count="1" type="cond" truecount="17" falsecount="5"/>
        <line num="391" count="1" type="cond" truecount="14" falsecount="4"/>
        <line num="394" count="1" type="cond" truecount="14" falsecount="4"/>
        <line num="396" count="1" type="cond" truecount="14" falsecount="4"/>
        <line num="398" count="1" type="cond" truecount="14" falsecount="4"/>
        <line num="400" count="1" type="cond" truecount="14" falsecount="4"/>
        <line num="402" count="1" type="cond" truecount="14" falsecount="4"/>
        <line num="404" count="1" type="cond" truecount="14" falsecount="4"/>
        <line num="406" count="1" type="cond" truecount="11" falsecount="3"/>
        <line num="408" count="1" type="cond" truecount="11" falsecount="3"/>
        <line num="410" count="1" type="cond" truecount="10" falsecount="4"/>
        <line num="413" count="1" type="cond" truecount="17" falsecount="5"/>
        <line num="415" count="1" type="cond" truecount="17" falsecount="5"/>
        <line num="417" count="1" type="cond" truecount="17" falsecount="5"/>
        <line num="419" count="1" type="cond" truecount="14" falsecount="4"/>
        <line num="421" count="1" type="cond" truecount="17" falsecount="5"/>
        <line num="423" count="1" type="cond" truecount="17" falsecount="5"/>
        <line num="425" count="1" type="cond" truecount="17" falsecount="5"/>
        <line num="427" count="1" type="cond" truecount="14" falsecount="4"/>
        <line num="429" count="1" type="cond" truecount="14" falsecount="4"/>
        <line num="431" count="1" type="cond" truecount="14" falsecount="4"/>
        <line num="433" count="1" type="cond" truecount="14" falsecount="4"/>
        <line num="435" count="1" type="cond" truecount="14" falsecount="4"/>
        <line num="437" count="1" type="cond" truecount="14" falsecount="4"/>
        <line num="439" count="1" type="cond" truecount="14" falsecount="4"/>
        <line num="441" count="1" type="cond" truecount="14" falsecount="4"/>
        <line num="443" count="1" type="cond" truecount="14" falsecount="4"/>
        <line num="445" count="1" type="cond" truecount="14" falsecount="4"/>
        <line num="448" count="1" type="cond" truecount="34" falsecount="10"/>
        <line num="450" count="1" type="cond" truecount="34" falsecount="10"/>
        <line num="452" count="1" type="cond" truecount="34" falsecount="10"/>
        <line num="454" count="1" type="cond" truecount="28" falsecount="8"/>
        <line num="456" count="1" type="cond" truecount="34" falsecount="10"/>
        <line num="458" count="1" type="cond" truecount="34" falsecount="10"/>
        <line num="460" count="1" type="cond" truecount="34" falsecount="10"/>
        <line num="462" count="1" type="cond" truecount="28" falsecount="8"/>
        <line num="464" count="1" type="cond" truecount="28" falsecount="8"/>
        <line num="466" count="1" type="cond" truecount="28" falsecount="8"/>
        <line num="468" count="1" type="cond" truecount="28" falsecount="8"/>
        <line num="470" count="1" type="cond" truecount="28" falsecount="8"/>
        <line num="472" count="1" type="cond" truecount="28" falsecount="8"/>
        <line num="474" count="1" type="cond" truecount="28" falsecount="8"/>
        <line num="476" count="1" type="cond" truecount="28" falsecount="8"/>
        <line num="478" count="1" type="cond" truecount="22" falsecount="6"/>
        <line num="480" count="1" type="cond" truecount="28" falsecount="8"/>
        <line num="482" count="1" type="cond" truecount="28" falsecount="8"/>
        <line num="485" count="1" type="cond" truecount="30" falsecount="12"/>
        <line num="487" count="1" type="cond" truecount="30" falsecount="12"/>
        <line num="489" count="1" type="stmt"/>
        <line num="492" count="4" type="stmt"/>
      </file>
      <file name="RoomGatewayAdapter.ts" path="E:\Proyectos\Pasantia\src\infrastructure\output\persistence\gateway\RoomGatewayAdapter.ts">
        <metrics statements="15" coveredstatements="15" conditionals="4" coveredconditionals="4" methods="7" coveredmethods="7"/>
        <line num="2" count="1" type="stmt"/>
        <line num="3" count="1" type="stmt"/>
        <line num="5" count="1" type="stmt"/>
        <line num="7" count="4" type="stmt"/>
        <line num="18" count="4" type="stmt"/>
        <line num="29" count="4" type="stmt"/>
        <line num="32" count="4" type="cond" truecount="2" falsecount="0"/>
        <line num="33" count="1" type="stmt"/>
        <line num="44" count="4" type="stmt"/>
        <line num="47" count="504" type="stmt"/>
        <line num="58" count="4" type="stmt"/>
        <line num="67" count="3" type="stmt"/>
        <line num="78" count="4" type="stmt"/>
        <line num="83" count="6" type="stmt"/>
        <line num="86" count="6" type="cond" truecount="2" falsecount="0"/>
      </file>
      <file name="StudentGatewayAdapter.ts" path="E:\Proyectos\Pasantia\src\infrastructure\output\persistence\gateway\StudentGatewayAdapter.ts">
        <metrics statements="20" coveredstatements="20" conditionals="6" coveredconditionals="5" methods="9" coveredmethods="9"/>
        <line num="2" count="1" type="stmt"/>
        <line num="3" count="1" type="stmt"/>
        <line num="5" count="1" type="stmt"/>
        <line num="7" count="4" type="stmt"/>
        <line num="13" count="4" type="stmt"/>
        <line num="21" count="4" type="stmt"/>
        <line num="22" count="1004" type="stmt"/>
        <line num="30" count="4" type="stmt"/>
        <line num="33" count="4" type="cond" truecount="2" falsecount="0"/>
        <line num="34" count="1" type="stmt"/>
        <line num="42" count="4" type="stmt"/>
        <line num="49" count="3" type="cond" truecount="1" falsecount="1"/>
        <line num="50" count="3" type="stmt"/>
        <line num="58" count="4" type="stmt"/>
        <line num="63" count="5" type="stmt"/>
        <line num="66" count="5" type="cond" truecount="2" falsecount="0"/>
        <line num="67" count="4" type="stmt"/>
        <line num="69" count="1" type="stmt"/>
        <line num="77" count="6" type="stmt"/>
        <line num="80" count="504" type="stmt"/>
      </file>
      <file name="UserGatewayAdapter.ts" path="E:\Proyectos\Pasantia\src\infrastructure\output\persistence\gateway\UserGatewayAdapter.ts">
        <metrics statements="25" coveredstatements="25" conditionals="8" coveredconditionals="8" methods="9" coveredmethods="9"/>
        <line num="2" count="1" type="stmt"/>
        <line num="3" count="1" type="stmt"/>
        <line num="5" count="1" type="stmt"/>
        <line num="8" count="4" type="stmt"/>
        <line num="11" count="4" type="cond" truecount="2" falsecount="0"/>
        <line num="12" count="1" type="stmt"/>
        <line num="23" count="4" type="stmt"/>
        <line num="26" count="4" type="stmt"/>
        <line num="30" count="4" type="stmt"/>
        <line num="33" count="4" type="cond" truecount="2" falsecount="0"/>
        <line num="34" count="1" type="stmt"/>
        <line num="45" count="4" type="stmt"/>
        <line num="48" count="4" type="cond" truecount="2" falsecount="0"/>
        <line num="49" count="2" type="stmt"/>
        <line num="51" count="2" type="stmt"/>
        <line num="57" count="4" type="stmt"/>
        <line num="60" count="4" type="cond" truecount="2" falsecount="0"/>
        <line num="61" count="1" type="stmt"/>
        <line num="63" count="3" type="stmt"/>
        <line num="70" count="4" type="stmt"/>
        <line num="78" count="4" type="stmt"/>
        <line num="90" count="4" type="stmt"/>
        <line num="99" count="3" type="stmt"/>
        <line num="111" count="5" type="stmt"/>
        <line num="114" count="1006" type="stmt"/>
      </file>
    </package>
    <package name="utils">
      <metrics statements="18" coveredstatements="18" conditionals="0" coveredconditionals="0" methods="0" coveredmethods="0"/>
      <file name="ActivosFijosJson.ts" path="E:\Proyectos\Pasantia\src\utils\ActivosFijosJson.ts">
        <metrics statements="1" coveredstatements="1" conditionals="0" coveredconditionals="0" methods="0" coveredmethods="0"/>
        <line num="1" count="1" type="stmt"/>
      </file>
      <file name="CaratulaJson.ts" path="E:\Proyectos\Pasantia\src\utils\CaratulaJson.ts">
        <metrics statements="1" coveredstatements="1" conditionals="0" coveredconditionals="0" methods="0" coveredmethods="0"/>
        <line num="1" count="1" type="stmt"/>
      </file>
      <file name="DetalleRenglonesJson.ts" path="E:\Proyectos\Pasantia\src\utils\DetalleRenglonesJson.ts">
        <metrics statements="1" coveredstatements="1" conditionals="0" coveredconditionals="0" methods="0" coveredmethods="0"/>
        <line num="1" count="1" type="stmt"/>
      </file>
      <file name="EsfPatrimonioJson.ts" path="E:\Proyectos\Pasantia\src\utils\EsfPatrimonioJson.ts">
        <metrics statements="1" coveredstatements="1" conditionals="0" coveredconditionals="0" methods="0" coveredmethods="0"/>
        <line num="1" count="1" type="stmt"/>
      </file>
      <file name="Form110Json.ts" path="E:\Proyectos\Pasantia\src\utils\Form110Json.ts">
        <metrics statements="1" coveredstatements="1" conditionals="0" coveredconditionals="0" methods="0" coveredmethods="0"/>
        <line num="1" count="1" type="stmt"/>
      </file>
      <file name="ImpuestoDiferidoJson.ts" path="E:\Proyectos\Pasantia\src\utils\ImpuestoDiferidoJson.ts">
        <metrics statements="1" coveredstatements="1" conditionals="0" coveredconditionals="0" methods="0" coveredmethods="0"/>
        <line num="1" count="1" type="stmt"/>
      </file>
      <file name="IngFactJson.ts" path="E:\Proyectos\Pasantia\src\utils\IngFactJson.ts">
        <metrics statements="1" coveredstatements="1" conditionals="0" coveredconditionals="0" methods="0" coveredmethods="0"/>
        <line num="2" count="1" type="stmt"/>
      </file>
      <file name="RentaLiquidaJson.ts" path="E:\Proyectos\Pasantia\src\utils\RentaLiquidaJson.ts">
        <metrics statements="1" coveredstatements="1" conditionals="0" coveredconditionals="0" methods="0" coveredmethods="0"/>
        <line num="1" count="1" type="stmt"/>
      </file>
      <file name="ResumenEsfJson.ts" path="E:\Proyectos\Pasantia\src\utils\ResumenEsfJson.ts">
        <metrics statements="1" coveredstatements="1" conditionals="0" coveredconditionals="0" methods="0" coveredmethods="0"/>
        <line num="1" count="1" type="stmt"/>
      </file>
      <file name="index.ts" path="E:\Proyectos\Pasantia\src\utils\index.ts">
        <metrics statements="9" coveredstatements="9" conditionals="0" coveredconditionals="0" methods="0" coveredmethods="0"/>
        <line num="1" count="1" type="stmt"/>
        <line num="2" count="1" type="stmt"/>
        <line num="3" count="1" type="stmt"/>
        <line num="4" count="1" type="stmt"/>
        <line num="5" count="1" type="stmt"/>
        <line num="6" count="1" type="stmt"/>
        <line num="7" count="1" type="stmt"/>
        <line num="8" count="1" type="stmt"/>
        <line num="9" count="1" type="stmt"/>
      </file>
    </package>
  </project>
</coverage>
