TN:
SF:src\domain\models\FormActivosFijosModel.ts
FN:2,(anonymous_0)
FNF:1
FNH:1
FNDA:2,(anonymous_0)
DA:1,1
DA:3,2
DA:4,2
LF:3
LH:3
BRF:0
BRH:0
end_of_record
TN:
SF:src\domain\models\FormCaratulaModel.ts
FN:2,(anonymous_0)
FNF:1
FNH:1
FNDA:2,(anonymous_0)
DA:1,1
DA:3,2
DA:4,2
LF:3
LH:3
BRF:0
BRH:0
end_of_record
TN:
SF:src\domain\models\FormDetallerEnglonesModel.ts
FN:2,(anonymous_0)
FNF:1
FNH:1
FNDA:2,(anonymous_0)
DA:1,1
DA:3,2
DA:4,2
LF:3
LH:3
BRF:0
BRH:0
end_of_record
TN:
SF:src\domain\models\FormEsfPatrimonioModel.ts
FN:2,(anonymous_0)
FNF:1
FNH:1
FNDA:2,(anonymous_0)
DA:1,1
DA:3,2
DA:4,2
LF:3
LH:3
BRF:0
BRH:0
end_of_record
TN:
SF:src\domain\models\FormImpuestoDiferidoModel.ts
FN:2,(anonymous_0)
FNF:1
FNH:1
FNDA:2,(anonymous_0)
DA:1,1
DA:3,2
DA:4,2
LF:3
LH:3
BRF:0
BRH:0
end_of_record
TN:
SF:src\domain\models\FormIngresosFancturacionModel.ts
FN:2,(anonymous_0)
FNF:1
FNH:1
FNDA:2,(anonymous_0)
DA:1,1
DA:3,2
DA:4,2
LF:3
LH:3
BRF:0
BRH:0
end_of_record
TN:
SF:src\domain\models\FormR110Model.ts
FN:2,(anonymous_0)
FNF:1
FNH:1
FNDA:2,(anonymous_0)
DA:1,1
DA:3,2
DA:4,2
LF:3
LH:3
BRF:0
BRH:0
end_of_record
TN:
SF:src\domain\models\FormRentaLiquidaModel.ts
FN:2,(anonymous_0)
FNF:1
FNH:1
FNDA:2,(anonymous_0)
DA:1,1
DA:3,2
DA:4,2
LF:3
LH:3
BRF:0
BRH:0
end_of_record
TN:
SF:src\domain\models\FormResumenEsferiModel.ts
FN:2,(anonymous_0)
FNF:1
FNH:1
FNDA:2,(anonymous_0)
DA:1,1
DA:3,2
DA:4,2
LF:3
LH:3
BRF:0
BRH:0
end_of_record
TN:
SF:src\domain\models\ReportModel.ts
FN:2,(anonymous_0)
FNF:1
FNH:1
FNDA:5,(anonymous_0)
DA:1,2
DA:3,5
DA:4,5
DA:5,5
DA:6,5
DA:7,5
DA:8,5
DA:9,5
DA:10,5
DA:11,5
DA:12,5
DA:13,5
DA:14,5
LF:13
LH:13
BRF:0
BRH:0
end_of_record
TN:
SF:src\domain\models\RoomModel.ts
FN:5,(anonymous_0)
FNF:1
FNH:1
FNDA:520,(anonymous_0)
DA:4,1
DA:6,520
DA:7,520
DA:8,520
DA:9,520
DA:10,520
DA:11,520
DA:12,520
DA:13,520
DA:14,520
DA:15,520
LF:11
LH:11
BRDA:14,0,0,520
BRDA:15,1,0,520
BRF:2
BRH:2
end_of_record
TN:
SF:src\domain\models\StudentModel.ts
FN:4,(anonymous_0)
FNF:1
FNH:1
FNDA:1525,(anonymous_0)
DA:3,1
DA:5,1525
DA:6,1525
DA:7,1525
DA:8,1525
DA:9,1525
LF:6
LH:6
BRDA:9,0,0,1525
BRF:1
BRH:1
end_of_record
TN:
SF:src\domain\models\UserModel.ts
FN:4,(anonymous_0)
FNF:1
FNH:1
FNDA:1023,(anonymous_0)
DA:3,1
DA:5,1023
DA:6,1023
DA:7,1023
DA:8,1023
DA:9,1023
DA:10,1023
LF:7
LH:7
BRDA:10,0,0,0
BRF:1
BRH:0
end_of_record
TN:
SF:src\domain\useCases\ActivosFijosUCAdapter.ts
FN:7,(anonymous_7)
FN:11,(anonymous_8)
FN:21,(anonymous_10)
FNF:3
FNH:3
FNDA:3,(anonymous_7)
FNDA:2,(anonymous_8)
FNDA:1,(anonymous_10)
DA:6,1
DA:8,3
DA:9,3
DA:12,2
DA:13,2
DA:14,1
DA:17,2
DA:19,2
DA:22,1
LF:9
LH:9
BRDA:13,0,0,1
BRDA:13,0,1,1
BRDA:19,1,0,2
BRDA:19,1,1,0
BRF:4
BRH:3
end_of_record
TN:
SF:src\domain\useCases\AuthUCAdapter.ts
FN:9,(anonymous_7)
FN:16,(anonymous_8)
FN:37,(anonymous_10)
FNF:3
FNH:3
FNDA:5,(anonymous_7)
FNDA:3,(anonymous_8)
FNDA:2,(anonymous_10)
DA:8,1
DA:10,5
DA:11,5
DA:12,5
DA:13,5
DA:17,3
DA:18,3
DA:19,1
DA:20,1
DA:23,2
DA:24,1
DA:25,1
DA:28,1
DA:30,1
DA:38,2
LF:15
LH:15
BRDA:18,0,0,1
BRDA:18,0,1,2
BRDA:23,1,0,1
BRDA:23,1,1,1
BRF:4
BRH:4
end_of_record
TN:
SF:src\domain\useCases\CaratulaUCAdapter.ts
FN:7,(anonymous_7)
FN:11,(anonymous_8)
FN:18,(anonymous_10)
FNF:3
FNH:3
FNDA:3,(anonymous_7)
FNDA:2,(anonymous_8)
FNDA:1,(anonymous_10)
DA:6,1
DA:8,3
DA:9,3
DA:12,2
DA:13,2
DA:14,1
DA:16,2
DA:19,1
LF:8
LH:8
BRDA:13,0,0,1
BRDA:13,0,1,1
BRF:2
BRH:2
end_of_record
TN:
SF:src\domain\useCases\DetalleRenglonesUCAdapter.ts
FN:7,(anonymous_7)
FN:12,(anonymous_8)
FN:19,(anonymous_10)
FNF:3
FNH:3
FNDA:3,(anonymous_7)
FNDA:2,(anonymous_8)
FNDA:1,(anonymous_10)
DA:6,1
DA:8,3
DA:9,3
DA:13,2
DA:14,2
DA:15,1
DA:17,2
DA:20,1
LF:8
LH:8
BRDA:14,0,0,1
BRDA:14,0,1,1
BRF:2
BRH:2
end_of_record
TN:
SF:src\domain\useCases\EsfPatrimonioUCAdapter.ts
FN:7,(anonymous_7)
FN:12,(anonymous_8)
FN:22,(anonymous_10)
FNF:3
FNH:3
FNDA:3,(anonymous_7)
FNDA:2,(anonymous_8)
FNDA:1,(anonymous_10)
DA:6,1
DA:8,3
DA:9,3
DA:13,2
DA:14,2
DA:15,1
DA:18,2
DA:20,2
DA:23,1
LF:9
LH:9
BRDA:14,0,0,1
BRDA:14,0,1,1
BRDA:20,1,0,2
BRDA:20,1,1,0
BRF:4
BRH:3
end_of_record
TN:
SF:src\domain\useCases\Form110UCAdapter.ts
FN:7,(anonymous_7)
FN:11,(anonymous_8)
FN:19,(anonymous_10)
FNF:3
FNH:3
FNDA:4,(anonymous_7)
FNDA:3,(anonymous_8)
FNDA:1,(anonymous_10)
DA:6,1
DA:8,4
DA:9,4
DA:12,3
DA:13,3
DA:14,1
DA:16,3
DA:17,3
DA:20,1
LF:9
LH:9
BRDA:13,0,0,1
BRDA:13,0,1,2
BRDA:17,1,0,3
BRDA:17,1,1,0
BRF:4
BRH:3
end_of_record
TN:
SF:src\domain\useCases\ImpuestoDiferidoUCAdapter.ts
FN:7,(anonymous_7)
FN:11,(anonymous_8)
FN:21,(anonymous_10)
FNF:3
FNH:3
FNDA:3,(anonymous_7)
FNDA:2,(anonymous_8)
FNDA:1,(anonymous_10)
DA:6,1
DA:8,3
DA:9,3
DA:12,2
DA:13,2
DA:14,1
DA:17,2
DA:19,2
DA:22,1
LF:9
LH:9
BRDA:13,0,0,1
BRDA:13,0,1,1
BRDA:19,1,0,2
BRDA:19,1,1,0
BRF:4
BRH:3
end_of_record
TN:
SF:src\domain\useCases\IngFactUCAdapter.ts
FN:9,(anonymous_7)
FN:13,(anonymous_8)
FN:29,(anonymous_10)
FNF:3
FNH:3
FNDA:3,(anonymous_7)
FNDA:2,(anonymous_8)
FNDA:1,(anonymous_10)
DA:6,1
DA:10,3
DA:11,3
DA:17,2
DA:18,2
DA:19,1
DA:23,2
DA:27,2
DA:34,1
LF:9
LH:9
BRDA:18,0,0,1
BRDA:18,0,1,1
BRDA:27,1,0,2
BRDA:27,1,1,1
BRF:4
BRH:4
end_of_record
TN:
SF:src\domain\useCases\RentaLiquidaUCAdapter.ts
FN:7,(anonymous_7)
FN:11,(anonymous_8)
FN:21,(anonymous_10)
FNF:3
FNH:3
FNDA:3,(anonymous_7)
FNDA:2,(anonymous_8)
FNDA:1,(anonymous_10)
DA:6,1
DA:8,3
DA:9,3
DA:12,2
DA:13,2
DA:14,1
DA:17,2
DA:19,2
DA:22,1
LF:9
LH:9
BRDA:13,0,0,1
BRDA:13,0,1,1
BRDA:19,1,0,2
BRDA:19,1,1,0
BRF:4
BRH:3
end_of_record
TN:
SF:src\domain\useCases\ReportUCAdapter.ts
FN:7,(anonymous_7)
FN:11,(anonymous_8)
FNF:2
FNH:2
FNDA:2,(anonymous_7)
FNDA:2,(anonymous_8)
DA:6,1
DA:8,2
DA:12,2
DA:13,2
DA:14,1
DA:16,1
LF:6
LH:6
BRDA:13,0,0,1
BRDA:13,0,1,1
BRF:2
BRH:2
end_of_record
TN:
SF:src\domain\useCases\ResumenEsfUCAdapter.ts
FN:7,(anonymous_7)
FN:11,(anonymous_8)
FN:21,(anonymous_10)
FNF:3
FNH:3
FNDA:3,(anonymous_7)
FNDA:2,(anonymous_8)
FNDA:1,(anonymous_10)
DA:6,1
DA:8,3
DA:9,3
DA:12,2
DA:13,2
DA:14,1
DA:17,2
DA:19,2
DA:22,1
LF:9
LH:9
BRDA:13,0,0,1
BRDA:13,0,1,1
BRF:2
BRH:2
end_of_record
TN:
SF:src\domain\useCases\RoomUCAdapter.ts
FN:8,(anonymous_7)
FN:12,(anonymous_8)
FN:25,(anonymous_10)
FN:33,(anonymous_12)
FN:36,(anonymous_14)
FN:53,(anonymous_16)
FN:69,(anonymous_18)
FN:81,(anonymous_20)
FNF:8
FNH:8
FNDA:15,(anonymous_7)
FNDA:2,(anonymous_8)
FNDA:2,(anonymous_10)
FNDA:1,(anonymous_12)
FNDA:3,(anonymous_14)
FNDA:2,(anonymous_16)
FNDA:3,(anonymous_18)
FNDA:2,(anonymous_20)
DA:7,1
DA:9,15
DA:10,15
DA:13,2
DA:14,2
DA:15,2
DA:17,2
DA:18,2
DA:19,1
DA:20,1
DA:23,1
DA:26,2
DA:27,2
DA:28,1
DA:30,1
DA:31,1
DA:34,1
DA:38,3
DA:39,3
DA:40,1
DA:41,1
DA:44,2
DA:46,2
DA:47,1
DA:48,1
DA:51,1
DA:54,2
DA:56,2
DA:57,1
DA:58,1
DA:61,1
DA:62,0
DA:63,0
DA:66,1
DA:67,1
DA:70,3
DA:71,3
DA:72,1
DA:73,1
DA:75,2
DA:76,1
DA:77,1
DA:79,1
DA:82,2
DA:83,2
DA:84,1
DA:85,1
DA:87,1
DA:88,1
LF:49
LH:47
BRDA:18,0,0,1
BRDA:18,0,1,1
BRDA:27,1,0,1
BRDA:27,1,1,1
BRDA:39,2,0,1
BRDA:39,2,1,2
BRDA:46,3,0,1
BRDA:46,3,1,1
BRDA:56,4,0,1
BRDA:56,4,1,1
BRDA:61,5,0,0
BRDA:61,5,1,1
BRDA:71,6,0,1
BRDA:71,6,1,2
BRDA:75,7,0,1
BRDA:75,7,1,1
BRDA:83,8,0,1
BRDA:83,8,1,1
BRF:18
BRH:17
end_of_record
TN:
SF:src\domain\useCases\StudentUCAdapter.ts
FN:23,(anonymous_16)
FN:40,(anonymous_17)
FN:91,(anonymous_19)
FN:95,(anonymous_21)
FN:104,(anonymous_23)
FN:113,(anonymous_25)
FN:122,(anonymous_27)
FN:147,(anonymous_29)
FNF:8
FNH:8
FNDA:14,(anonymous_16)
FNDA:3,(anonymous_17)
FNDA:1,(anonymous_19)
FNDA:2,(anonymous_21)
FNDA:2,(anonymous_23)
FNDA:2,(anonymous_25)
FNDA:3,(anonymous_27)
FNDA:1,(anonymous_29)
DA:7,1
DA:8,1
DA:9,1
DA:10,1
DA:11,1
DA:12,1
DA:13,1
DA:14,1
DA:15,1
DA:16,1
DA:18,1
DA:22,1
DA:24,14
DA:25,14
DA:26,14
DA:27,14
DA:28,14
DA:29,14
DA:30,14
DA:31,14
DA:32,14
DA:33,14
DA:34,14
DA:35,14
DA:36,14
DA:37,14
DA:42,3
DA:44,3
DA:45,1
DA:46,1
DA:49,2
DA:50,2
DA:51,2
DA:52,2
DA:53,2
DA:54,2
DA:55,2
DA:56,2
DA:57,2
DA:59,2
DA:61,2
DA:62,1
DA:63,1
DA:66,1
DA:68,1
DA:82,1
DA:84,1
DA:92,1
DA:96,2
DA:97,2
DA:98,1
DA:100,1
DA:101,1
DA:105,2
DA:106,2
DA:107,1
DA:109,1
DA:110,1
DA:114,2
DA:115,2
DA:116,1
DA:117,1
DA:119,1
DA:124,3
DA:126,3
DA:127,1
DA:128,1
DA:131,2
DA:133,2
DA:134,1
DA:135,1
DA:138,1
DA:139,1
DA:140,1
DA:148,1
LF:75
LH:75
BRDA:44,0,0,1
BRDA:44,0,1,2
BRDA:61,1,0,1
BRDA:61,1,1,1
BRDA:97,2,0,1
BRDA:97,2,1,1
BRDA:106,3,0,1
BRDA:106,3,1,1
BRDA:115,4,0,1
BRDA:115,4,1,1
BRDA:126,5,0,1
BRDA:126,5,1,2
BRDA:133,6,0,1
BRDA:133,6,1,1
BRF:14
BRH:14
end_of_record
TN:
SF:src\domain\useCases\UserUCAdapter.ts
FN:9,(anonymous_7)
FN:16,(anonymous_8)
FN:27,(anonymous_10)
FN:39,(anonymous_12)
FN:53,(anonymous_13)
FN:71,(anonymous_15)
FN:82,(anonymous_17)
FN:106,(anonymous_19)
FNF:8
FNH:7
FNDA:15,(anonymous_7)
FNDA:2,(anonymous_8)
FNDA:2,(anonymous_10)
FNDA:0,(anonymous_12)
FNDA:3,(anonymous_13)
FNDA:2,(anonymous_15)
FNDA:4,(anonymous_17)
FNDA:2,(anonymous_19)
DA:8,1
DA:10,15
DA:11,15
DA:12,15
DA:13,15
DA:17,2
DA:19,2
DA:20,1
DA:21,1
DA:23,1
DA:24,1
DA:28,2
DA:30,2
DA:31,1
DA:32,1
DA:35,1
DA:36,0
DA:38,0
DA:39,0
DA:41,0
DA:42,0
DA:49,1
DA:50,1
DA:58,3
DA:59,3
DA:60,1
DA:61,1
DA:63,2
DA:64,1
DA:65,1
DA:66,1
DA:68,1
DA:72,2
DA:73,2
DA:74,1
DA:75,1
DA:77,1
DA:80,1
DA:83,4
DA:84,4
DA:85,1
DA:86,1
DA:88,3
DA:89,2
DA:90,2
DA:91,1
DA:94,1
DA:97,2
DA:98,1
DA:100,1
DA:102,2
DA:107,2
DA:108,1
DA:110,1
LF:54
LH:49
BRDA:19,0,0,1
BRDA:19,0,1,1
BRDA:30,1,0,1
BRDA:30,1,1,1
BRDA:35,2,0,0
BRDA:35,2,1,1
BRDA:38,3,0,0
BRDA:38,3,1,0
BRDA:41,4,0,0
BRDA:41,4,1,0
BRDA:59,5,0,1
BRDA:59,5,1,2
BRDA:63,6,0,1
BRDA:63,6,1,1
BRDA:73,7,0,1
BRDA:73,7,1,1
BRDA:84,8,0,1
BRDA:84,8,1,3
BRDA:88,9,0,2
BRDA:88,9,1,1
BRDA:90,10,0,1
BRDA:90,10,1,1
BRDA:97,11,0,1
BRDA:97,11,1,1
BRDA:107,12,0,1
BRDA:107,12,1,1
BRF:26
BRH:21
end_of_record
TN:
SF:src\infrastructure\input\controllers\Auth.controller.ts
FN:5,(anonymous_7)
FN:7,(anonymous_8)
FN:7,(anonymous_9)
FN:25,(anonymous_10)
FN:25,(anonymous_11)
FN:34,(anonymous_12)
FN:34,(anonymous_13)
FN:45,(anonymous_14)
FN:45,(anonymous_15)
FNF:9
FNH:9
FNDA:10,(anonymous_7)
FNDA:4,(anonymous_8)
FNDA:4,(anonymous_9)
FNDA:2,(anonymous_10)
FNDA:2,(anonymous_11)
FNDA:2,(anonymous_12)
FNDA:2,(anonymous_13)
FNDA:2,(anonymous_14)
FNDA:2,(anonymous_15)
DA:4,1
DA:5,10
DA:7,10
DA:8,4
DA:9,4
DA:10,4
DA:11,3
DA:12,2
DA:13,2
DA:18,1
DA:21,1
DA:25,10
DA:26,2
DA:27,2
DA:28,1
DA:30,1
DA:34,10
DA:35,2
DA:36,2
DA:37,2
DA:42,1
DA:45,10
DA:46,2
DA:47,2
DA:48,2
DA:54,1
LF:26
LH:26
BRDA:11,0,0,2
BRDA:11,0,1,1
BRF:2
BRH:2
end_of_record
TN:
SF:src\infrastructure\input\controllers\ResumenEsf.controller.ts
FN:6,(anonymous_7)
FN:7,(anonymous_8)
FN:7,(anonymous_9)
FN:16,(anonymous_10)
FN:16,(anonymous_11)
FN:26,(anonymous_12)
FN:26,(anonymous_13)
FNF:7
FNH:7
FNDA:8,(anonymous_7)
FNDA:3,(anonymous_8)
FNDA:3,(anonymous_9)
FNDA:2,(anonymous_10)
FNDA:2,(anonymous_11)
FNDA:3,(anonymous_12)
FNDA:3,(anonymous_13)
DA:5,1
DA:6,8
DA:7,8
DA:8,3
DA:9,3
DA:10,3
DA:11,2
DA:13,1
DA:16,8
DA:17,2
DA:18,2
DA:19,2
DA:20,2
DA:21,1
DA:23,1
DA:26,8
DA:27,3
DA:28,3
DA:29,3
DA:30,2
DA:32,1
LF:21
LH:21
BRF:0
BRH:0
end_of_record
TN:
SF:src\infrastructure\input\middlewares\AuthMiddleware.ts
FN:13,(anonymous_7)
FN:15,(anonymous_8)
FN:16,(anonymous_9)
FN:16,(anonymous_10)
FNF:4
FNH:4
FNDA:8,(anonymous_7)
FNDA:8,(anonymous_8)
FNDA:8,(anonymous_9)
FNDA:8,(anonymous_10)
DA:12,1
DA:13,8
DA:15,8
DA:16,8
DA:17,8
DA:18,8
DA:19,8
DA:20,1
DA:21,1
DA:24,7
DA:25,6
DA:26,1
DA:27,1
DA:30,5
DA:31,1
DA:32,1
DA:35,4
DA:36,4
DA:38,1
DA:39,1
LF:20
LH:20
BRDA:19,0,0,1
BRDA:19,0,1,7
BRDA:25,1,0,1
BRDA:25,1,1,5
BRDA:30,2,0,1
BRDA:30,2,1,4
BRDA:30,3,0,5
BRDA:30,3,1,4
BRF:8
BRH:8
end_of_record
TN:
SF:src\infrastructure\input\middlewares\ValidatorMiddleware.ts
FN:5,(anonymous_0)
FN:7,(anonymous_1)
FN:11,(anonymous_2)
FNF:3
FNH:3
FNDA:8,(anonymous_0)
FNDA:8,(anonymous_1)
FNDA:9,(anonymous_2)
DA:4,1
DA:5,8
DA:7,8
DA:8,8
DA:10,8
DA:11,9
DA:16,5
DA:20,5
DA:23,3
DA:24,3
LF:10
LH:10
BRDA:10,0,0,5
BRDA:10,0,1,3
BRF:2
BRH:2
end_of_record
TN:
SF:src\infrastructure\output\auth\AuthAdapter.ts
FN:6,(anonymous_1)
FN:7,(anonymous_2)
FN:8,(anonymous_3)
FN:16,(anonymous_4)
FN:17,(anonymous_5)
FN:18,(anonymous_6)
FNF:6
FNH:6
FNDA:10,(anonymous_1)
FNDA:10,(anonymous_2)
FNDA:10,(anonymous_3)
FNDA:13,(anonymous_4)
FNDA:13,(anonymous_5)
FNDA:13,(anonymous_6)
DA:1,1
DA:2,1
DA:5,1
DA:7,10
DA:8,10
DA:9,10
DA:10,2
DA:12,8
DA:17,13
DA:18,13
DA:19,13
DA:20,8
DA:22,5
LF:13
LH:13
BRDA:9,0,0,2
BRDA:9,0,1,8
BRDA:9,1,0,10
BRDA:9,1,1,9
BRDA:10,2,0,2
BRDA:10,2,1,1
BRDA:19,3,0,8
BRDA:19,3,1,5
BRF:8
BRH:8
end_of_record
TN:
SF:src\infrastructure\output\persistence\gateway\ActivosFijosGatewayAdapter.ts
FN:7,(anonymous_8)
FN:18,(anonymous_10)
FN:26,(anonymous_12)
FN:38,(anonymous_14)
FNF:4
FNH:4
FNDA:3,(anonymous_8)
FNDA:3,(anonymous_10)
FNDA:3,(anonymous_12)
FNDA:3,(anonymous_14)
DA:1,1
DA:5,1
DA:9,3
DA:12,3
DA:15,3
DA:19,3
DA:27,3
DA:30,3
DA:39,3
DA:42,3
DA:45,3
LF:11
LH:11
BRDA:13,0,0,0
BRDA:13,0,1,3
BRDA:13,1,0,3
BRDA:13,1,1,3
BRDA:31,2,0,1
BRDA:31,2,1,2
BRDA:31,3,0,3
BRDA:31,3,1,2
BRDA:43,4,0,1
BRDA:43,4,1,2
BRDA:43,5,0,3
BRDA:43,5,1,2
BRF:12
BRH:11
end_of_record
TN:
SF:src\infrastructure\output\persistence\gateway\CaratulaGatewayAdapter.ts
FN:7,(anonymous_8)
FN:17,(anonymous_10)
FN:25,(anonymous_12)
FN:36,(anonymous_14)
FNF:4
FNH:4
FNDA:2,(anonymous_8)
FNDA:1,(anonymous_10)
FNDA:1,(anonymous_12)
FNDA:2,(anonymous_14)
DA:1,1
DA:5,1
DA:8,2
DA:11,2
DA:14,2
DA:18,1
DA:26,1
DA:29,1
DA:37,2
DA:40,2
DA:43,2
LF:11
LH:11
BRDA:12,0,0,1
BRDA:12,0,1,1
BRDA:12,1,0,2
BRDA:12,1,1,1
BRDA:30,2,0,0
BRDA:30,2,1,1
BRDA:30,3,0,1
BRDA:30,3,1,1
BRDA:41,4,0,0
BRDA:41,4,1,2
BRDA:41,5,0,2
BRDA:41,5,1,2
BRF:12
BRH:10
end_of_record
TN:
SF:src\infrastructure\output\persistence\gateway\DetalleRenglonesGatewayAdapter.ts
FN:7,(anonymous_8)
FN:17,(anonymous_10)
FN:25,(anonymous_12)
FN:36,(anonymous_14)
FNF:4
FNH:4
FNDA:2,(anonymous_8)
FNDA:1,(anonymous_10)
FNDA:1,(anonymous_12)
FNDA:1,(anonymous_14)
DA:1,1
DA:5,1
DA:8,2
DA:11,2
DA:14,2
DA:18,1
DA:26,1
DA:29,1
DA:37,1
DA:40,1
DA:43,1
DA:46,1
DA:49,1
DA:53,1
DA:59,0
DA:60,0
DA:61,0
DA:62,0
DA:65,0
DA:70,0
DA:75,0
DA:80,0
DA:85,0
DA:91,0
DA:96,0
DA:100,0
DA:104,0
DA:108,0
DA:113,0
DA:118,0
DA:121,0
DA:124,0
DA:127,0
DA:130,0
DA:133,0
DA:137,1
LF:36
LH:15
BRDA:12,0,0,1
BRDA:12,0,1,1
BRDA:12,1,0,2
BRDA:12,1,1,1
BRDA:30,2,0,0
BRDA:30,2,1,1
BRDA:30,3,0,1
BRDA:30,3,1,1
BRDA:41,4,0,0
BRDA:41,4,1,1
BRDA:41,5,0,1
BRDA:41,5,1,1
BRDA:44,6,0,0
BRDA:44,6,1,1
BRDA:44,7,0,1
BRDA:44,7,1,1
BRDA:47,8,0,0
BRDA:47,8,1,1
BRDA:47,9,0,1
BRDA:47,9,1,1
BRDA:50,10,0,0
BRDA:50,10,1,1
BRDA:50,11,0,1
BRDA:50,11,1,1
BRDA:53,12,0,0
BRDA:53,12,1,1
BRDA:54,13,0,1
BRDA:54,13,1,0
BRDA:54,13,2,0
BRDA:59,14,0,0
BRDA:59,14,1,0
BRDA:59,15,0,0
BRDA:59,15,1,0
BRDA:60,16,0,0
BRDA:60,16,1,0
BRDA:60,17,0,0
BRDA:60,17,1,0
BRDA:61,18,0,0
BRDA:61,18,1,0
BRDA:61,19,0,0
BRDA:61,19,1,0
BRDA:62,20,0,0
BRDA:62,20,1,0
BRDA:62,21,0,0
BRDA:62,21,1,0
BRF:45
BRH:21
end_of_record
TN:
SF:src\infrastructure\output\persistence\gateway\EsfPatrimonioGatewayAdapter.ts
FN:7,(anonymous_8)
FN:17,(anonymous_10)
FN:25,(anonymous_12)
FN:36,(anonymous_14)
FNF:4
FNH:4
FNDA:2,(anonymous_8)
FNDA:3,(anonymous_10)
FNDA:3,(anonymous_12)
FNDA:2,(anonymous_14)
DA:1,1
DA:5,1
DA:8,2
DA:11,2
DA:14,2
DA:18,3
DA:26,3
DA:29,3
DA:37,2
DA:40,2
DA:44,2
DA:48,2
DA:52,2
DA:59,0
DA:60,0
DA:61,0
DA:64,0
DA:66,0
DA:68,0
DA:71,0
DA:73,0
DA:75,0
DA:79,0
DA:81,0
DA:83,0
DA:87,0
DA:89,0
DA:91,0
DA:95,0
DA:97,0
DA:99,0
DA:103,0
DA:105,0
DA:107,0
DA:111,0
DA:113,0
DA:115,0
DA:119,0
DA:121,0
DA:123,0
DA:127,0
DA:129,0
DA:131,0
DA:135,0
DA:137,0
DA:139,0
DA:143,0
DA:145,0
DA:147,0
DA:151,0
DA:153,0
DA:155,0
DA:159,0
DA:161,0
DA:163,0
DA:167,0
DA:169,0
DA:171,0
DA:175,0
DA:177,0
DA:179,0
DA:183,0
DA:185,0
DA:187,0
DA:191,0
DA:193,0
DA:195,0
DA:199,0
DA:201,0
DA:203,0
DA:207,0
DA:209,0
DA:211,0
DA:215,0
DA:217,0
DA:219,0
DA:223,0
DA:225,0
DA:227,0
DA:231,0
DA:233,0
DA:235,0
DA:239,0
DA:241,0
DA:243,0
DA:247,0
DA:249,0
DA:251,0
DA:255,0
DA:257,0
DA:259,0
DA:263,0
DA:265,0
DA:267,0
DA:271,0
DA:273,0
DA:275,0
DA:279,0
DA:281,0
DA:283,0
DA:287,0
DA:289,0
DA:291,0
DA:295,0
DA:297,0
DA:299,0
DA:303,0
DA:305,0
DA:307,0
DA:311,0
DA:313,0
DA:315,0
DA:320,0
DA:322,0
DA:324,0
DA:328,0
DA:330,0
DA:332,0
DA:336,0
DA:338,0
DA:340,0
DA:344,0
DA:346,0
DA:348,0
DA:352,0
DA:354,0
DA:356,0
DA:360,0
DA:362,0
DA:364,0
DA:368,0
DA:370,0
DA:372,0
DA:376,0
DA:378,0
DA:380,0
DA:384,0
DA:386,0
DA:388,0
DA:392,0
DA:394,0
DA:396,0
DA:400,0
DA:402,0
DA:404,0
DA:408,0
DA:412,0
DA:414,0
DA:416,0
DA:420,0
DA:422,0
DA:424,0
DA:428,0
DA:430,0
DA:434,0
DA:438,0
DA:442,0
DA:444,0
DA:446,0
DA:450,0
DA:453,0
DA:455,0
DA:457,0
DA:460,0
DA:464,0
DA:466,0
DA:468,0
DA:472,0
DA:474,0
DA:476,0
DA:480,0
DA:484,0
DA:486,0
DA:488,0
DA:492,0
DA:496,0
DA:500,0
DA:502,0
DA:504,0
DA:508,0
DA:510,0
DA:512,0
DA:516,0
DA:518,0
DA:520,0
DA:524,0
DA:526,0
DA:528,0
DA:532,0
DA:534,0
DA:536,0
DA:540,0
DA:542,0
DA:544,0
DA:548,0
DA:550,0
DA:552,0
DA:556,0
DA:558,0
DA:560,0
DA:564,0
DA:566,0
DA:568,0
DA:572,0
DA:574,0
DA:576,0
DA:580,0
DA:584,0
DA:586,0
DA:588,0
DA:592,0
DA:596,0
DA:598,0
DA:600,0
DA:604,0
DA:606,0
DA:608,0
DA:612,0
DA:614,0
DA:616,0
DA:620,0
DA:622,0
DA:624,0
DA:628,0
DA:630,0
DA:632,0
DA:636,0
DA:638,0
DA:640,0
DA:644,0
DA:646,0
DA:648,0
DA:652,0
DA:654,0
DA:656,0
DA:660,0
DA:662,0
DA:664,0
DA:668,0
DA:670,0
DA:672,0
DA:676,0
DA:678,0
DA:680,0
DA:684,0
DA:686,0
DA:688,0
DA:692,0
DA:694,0
DA:696,0
DA:700,0
DA:702,0
DA:704,0
DA:708,0
DA:710,0
DA:712,0
DA:716,0
DA:720,0
DA:722,0
DA:724,0
DA:728,0
DA:730,0
DA:732,0
DA:736,0
DA:738,0
DA:742,0
DA:744,0
DA:746,0
DA:750,0
DA:752,0
DA:754,0
DA:758,0
DA:760,0
DA:762,0
DA:766,0
DA:768,0
DA:770,0
DA:774,0
DA:776,0
DA:778,0
DA:782,0
DA:786,0
DA:788,0
DA:790,0
DA:794,0
DA:798,0
DA:800,0
DA:802,0
DA:806,0
DA:808,0
DA:812,0
DA:814,0
DA:816,0
DA:820,0
DA:822,0
DA:824,0
DA:828,0
DA:830,0
DA:832,0
DA:837,0
DA:839,0
DA:843,0
DA:847,0
DA:851,0
DA:855,0
DA:859,0
DA:863,0
DA:867,0
DA:871,0
DA:875,0
DA:879,0
DA:883,0
DA:886,2
LF:313
LH:14
BRDA:12,0,0,0
BRDA:12,0,1,2
BRDA:12,1,0,2
BRDA:12,1,1,2
BRDA:30,2,0,1
BRDA:30,2,1,2
BRDA:30,3,0,3
BRDA:30,3,1,2
BRDA:41,4,0,0
BRDA:41,4,1,2
BRDA:41,5,0,2
BRDA:41,5,1,2
BRDA:45,6,0,0
BRDA:45,6,1,2
BRDA:45,7,0,2
BRDA:45,7,1,2
BRDA:49,8,0,0
BRDA:49,8,1,2
BRDA:49,9,0,2
BRDA:49,9,1,2
BRDA:52,10,0,0
BRDA:52,10,1,2
BRDA:53,11,0,2
BRDA:53,11,1,1
BRDA:53,11,2,0
BRDA:53,11,3,0
BRDA:53,11,4,0
BRDA:53,11,5,0
BRDA:54,12,0,0
BRDA:54,12,1,0
BRDA:54,13,0,0
BRDA:54,13,1,0
BRDA:55,14,0,0
BRDA:55,14,1,0
BRDA:55,15,0,0
BRDA:55,15,1,0
BRDA:59,16,0,0
BRDA:59,16,1,0
BRDA:59,17,0,0
BRDA:59,17,1,0
BRDA:60,18,0,0
BRDA:60,18,1,0
BRDA:60,19,0,0
BRDA:60,19,1,0
BRDA:61,20,0,0
BRDA:61,20,1,0
BRDA:61,21,0,0
BRDA:61,21,1,0
BRDA:64,22,0,0
BRDA:64,22,1,0
BRDA:64,23,0,0
BRDA:64,23,1,0
BRDA:64,24,0,0
BRDA:64,24,1,0
BRDA:64,25,0,0
BRDA:64,25,1,0
BRDA:64,26,0,0
BRDA:64,26,1,0
BRDA:64,27,0,0
BRDA:64,27,1,0
BRDA:64,28,0,0
BRDA:64,28,1,0
BRDA:64,29,0,0
BRDA:64,29,1,0
BRDA:64,30,0,0
BRDA:64,30,1,0
BRDA:64,31,0,0
BRDA:64,31,1,0
BRDA:64,32,0,0
BRDA:64,32,1,0
BRDA:64,33,0,0
BRDA:64,33,1,0
BRDA:66,34,0,0
BRDA:66,34,1,0
BRDA:66,35,0,0
BRDA:66,35,1,0
BRDA:66,36,0,0
BRDA:66,36,1,0
BRDA:66,37,0,0
BRDA:66,37,1,0
BRDA:66,38,0,0
BRDA:66,38,1,0
BRDA:66,39,0,0
BRDA:66,39,1,0
BRDA:66,40,0,0
BRDA:66,40,1,0
BRDA:66,41,0,0
BRDA:66,41,1,0
BRDA:66,42,0,0
BRDA:66,42,1,0
BRDA:66,43,0,0
BRDA:66,43,1,0
BRDA:66,44,0,0
BRDA:66,44,1,0
BRDA:66,45,0,0
BRDA:66,45,1,0
BRDA:66,46,0,0
BRDA:66,46,1,0
BRDA:66,47,0,0
BRDA:66,47,1,0
BRDA:66,48,0,0
BRDA:66,48,1,0
BRDA:66,49,0,0
BRDA:66,49,1,0
BRDA:66,50,0,0
BRDA:66,50,1,0
BRDA:66,51,0,0
BRDA:66,51,1,0
BRDA:66,52,0,0
BRDA:66,52,1,0
BRDA:66,53,0,0
BRDA:66,53,1,0
BRDA:66,54,0,0
BRDA:66,54,1,0
BRDA:66,55,0,0
BRDA:66,55,1,0
BRDA:66,56,0,0
BRDA:66,56,1,0
BRDA:66,57,0,0
BRDA:66,57,1,0
BRDA:66,58,0,0
BRDA:66,58,1,0
BRDA:66,59,0,0
BRDA:66,59,1,0
BRDA:66,60,0,0
BRDA:66,60,1,0
BRDA:66,61,0,0
BRDA:66,61,1,0
BRDA:68,62,0,0
BRDA:68,62,1,0
BRDA:68,63,0,0
BRDA:68,63,1,0
BRDA:68,64,0,0
BRDA:68,64,1,0
BRDA:68,65,0,0
BRDA:68,65,1,0
BRDA:68,66,0,0
BRDA:68,66,1,0
BRDA:68,67,0,0
BRDA:68,67,1,0
BRDA:68,68,0,0
BRDA:68,68,1,0
BRDA:68,69,0,0
BRDA:68,69,1,0
BRDA:68,70,0,0
BRDA:68,70,1,0
BRDA:68,71,0,0
BRDA:68,71,1,0
BRDA:68,72,0,0
BRDA:68,72,1,0
BRDA:68,73,0,0
BRDA:68,73,1,0
BRDA:68,74,0,0
BRDA:68,74,1,0
BRDA:68,75,0,0
BRDA:68,75,1,0
BRDA:68,76,0,0
BRDA:68,76,1,0
BRDA:68,77,0,0
BRDA:68,77,1,0
BRDA:68,78,0,0
BRDA:68,78,1,0
BRDA:68,79,0,0
BRDA:68,79,1,0
BRDA:68,80,0,0
BRDA:68,80,1,0
BRDA:68,81,0,0
BRDA:68,81,1,0
BRDA:68,82,0,0
BRDA:68,82,1,0
BRDA:68,83,0,0
BRDA:68,83,1,0
BRDA:68,84,0,0
BRDA:68,84,1,0
BRDA:68,85,0,0
BRDA:68,85,1,0
BRDA:68,86,0,0
BRDA:68,86,1,0
BRDA:68,87,0,0
BRDA:68,87,1,0
BRDA:68,88,0,0
BRDA:68,88,1,0
BRDA:68,89,0,0
BRDA:68,89,1,0
BRDA:71,90,0,0
BRDA:71,90,1,0
BRDA:71,91,0,0
BRDA:71,91,1,0
BRDA:71,92,0,0
BRDA:71,92,1,0
BRDA:71,93,0,0
BRDA:71,93,1,0
BRDA:71,94,0,0
BRDA:71,94,1,0
BRDA:71,95,0,0
BRDA:71,95,1,0
BRDA:71,96,0,0
BRDA:71,96,1,0
BRDA:73,97,0,0
BRDA:73,97,1,0
BRDA:73,98,0,0
BRDA:73,98,1,0
BRDA:73,99,0,0
BRDA:73,99,1,0
BRDA:73,100,0,0
BRDA:73,100,1,0
BRDA:73,101,0,0
BRDA:73,101,1,0
BRDA:73,102,0,0
BRDA:73,102,1,0
BRDA:73,103,0,0
BRDA:73,103,1,0
BRDA:75,104,0,0
BRDA:75,104,1,0
BRDA:75,105,0,0
BRDA:75,105,1,0
BRDA:75,106,0,0
BRDA:75,106,1,0
BRDA:75,107,0,0
BRDA:75,107,1,0
BRDA:75,108,0,0
BRDA:75,108,1,0
BRDA:75,109,0,0
BRDA:75,109,1,0
BRDA:75,110,0,0
BRDA:75,110,1,0
BRDA:79,111,0,0
BRDA:79,111,1,0
BRDA:79,112,0,0
BRDA:79,112,1,0
BRDA:79,113,0,0
BRDA:79,113,1,0
BRDA:79,114,0,0
BRDA:79,114,1,0
BRDA:79,115,0,0
BRDA:79,115,1,0
BRDA:79,116,0,0
BRDA:79,116,1,0
BRDA:79,117,0,0
BRDA:79,117,1,0
BRDA:79,118,0,0
BRDA:79,118,1,0
BRDA:79,119,0,0
BRDA:79,119,1,0
BRDA:79,120,0,0
BRDA:79,120,1,0
BRDA:79,121,0,0
BRDA:79,121,1,0
BRDA:81,122,0,0
BRDA:81,122,1,0
BRDA:81,123,0,0
BRDA:81,123,1,0
BRDA:81,124,0,0
BRDA:81,124,1,0
BRDA:81,125,0,0
BRDA:81,125,1,0
BRDA:81,126,0,0
BRDA:81,126,1,0
BRDA:81,127,0,0
BRDA:81,127,1,0
BRDA:81,128,0,0
BRDA:81,128,1,0
BRDA:81,129,0,0
BRDA:81,129,1,0
BRDA:81,130,0,0
BRDA:81,130,1,0
BRDA:81,131,0,0
BRDA:81,131,1,0
BRDA:81,132,0,0
BRDA:81,132,1,0
BRDA:83,133,0,0
BRDA:83,133,1,0
BRDA:83,134,0,0
BRDA:83,134,1,0
BRDA:83,135,0,0
BRDA:83,135,1,0
BRDA:83,136,0,0
BRDA:83,136,1,0
BRDA:83,137,0,0
BRDA:83,137,1,0
BRDA:83,138,0,0
BRDA:83,138,1,0
BRDA:83,139,0,0
BRDA:83,139,1,0
BRDA:83,140,0,0
BRDA:83,140,1,0
BRDA:83,141,0,0
BRDA:83,141,1,0
BRDA:83,142,0,0
BRDA:83,142,1,0
BRDA:83,143,0,0
BRDA:83,143,1,0
BRDA:87,144,0,0
BRDA:87,144,1,0
BRDA:87,145,0,0
BRDA:87,145,1,0
BRDA:87,146,0,0
BRDA:87,146,1,0
BRDA:87,147,0,0
BRDA:87,147,1,0
BRDA:87,148,0,0
BRDA:87,148,1,0
BRDA:87,149,0,0
BRDA:87,149,1,0
BRDA:87,150,0,0
BRDA:87,150,1,0
BRDA:87,151,0,0
BRDA:87,151,1,0
BRDA:87,152,0,0
BRDA:87,152,1,0
BRDA:87,153,0,0
BRDA:87,153,1,0
BRDA:87,154,0,0
BRDA:87,154,1,0
BRDA:87,155,0,0
BRDA:87,155,1,0
BRDA:87,156,0,0
BRDA:87,156,1,0
BRDA:87,157,0,0
BRDA:87,157,1,0
BRDA:87,158,0,0
BRDA:87,158,1,0
BRDA:87,159,0,0
BRDA:87,159,1,0
BRDA:87,160,0,0
BRDA:87,160,1,0
BRDA:87,161,0,0
BRDA:87,161,1,0
BRDA:87,162,0,0
BRDA:87,162,1,0
BRDA:87,163,0,0
BRDA:87,163,1,0
BRDA:87,164,0,0
BRDA:87,164,1,0
BRDA:87,165,0,0
BRDA:87,165,1,0
BRDA:89,166,0,0
BRDA:89,166,1,0
BRDA:89,167,0,0
BRDA:89,167,1,0
BRDA:89,168,0,0
BRDA:89,168,1,0
BRDA:89,169,0,0
BRDA:89,169,1,0
BRDA:89,170,0,0
BRDA:89,170,1,0
BRDA:89,171,0,0
BRDA:89,171,1,0
BRDA:89,172,0,0
BRDA:89,172,1,0
BRDA:89,173,0,0
BRDA:89,173,1,0
BRDA:89,174,0,0
BRDA:89,174,1,0
BRDA:89,175,0,0
BRDA:89,175,1,0
BRDA:89,176,0,0
BRDA:89,176,1,0
BRDA:89,177,0,0
BRDA:89,177,1,0
BRDA:89,178,0,0
BRDA:89,178,1,0
BRDA:89,179,0,0
BRDA:89,179,1,0
BRDA:89,180,0,0
BRDA:89,180,1,0
BRDA:89,181,0,0
BRDA:89,181,1,0
BRDA:89,182,0,0
BRDA:89,182,1,0
BRDA:89,183,0,0
BRDA:89,183,1,0
BRDA:89,184,0,0
BRDA:89,184,1,0
BRDA:89,185,0,0
BRDA:89,185,1,0
BRDA:89,186,0,0
BRDA:89,186,1,0
BRDA:89,187,0,0
BRDA:89,187,1,0
BRDA:91,188,0,0
BRDA:91,188,1,0
BRDA:91,189,0,0
BRDA:91,189,1,0
BRDA:91,190,0,0
BRDA:91,190,1,0
BRDA:91,191,0,0
BRDA:91,191,1,0
BRDA:91,192,0,0
BRDA:91,192,1,0
BRDA:91,193,0,0
BRDA:91,193,1,0
BRDA:91,194,0,0
BRDA:91,194,1,0
BRDA:91,195,0,0
BRDA:91,195,1,0
BRDA:91,196,0,0
BRDA:91,196,1,0
BRDA:91,197,0,0
BRDA:91,197,1,0
BRDA:91,198,0,0
BRDA:91,198,1,0
BRDA:91,199,0,0
BRDA:91,199,1,0
BRDA:91,200,0,0
BRDA:91,200,1,0
BRDA:91,201,0,0
BRDA:91,201,1,0
BRDA:91,202,0,0
BRDA:91,202,1,0
BRDA:91,203,0,0
BRDA:91,203,1,0
BRDA:91,204,0,0
BRDA:91,204,1,0
BRDA:91,205,0,0
BRDA:91,205,1,0
BRDA:91,206,0,0
BRDA:91,206,1,0
BRDA:91,207,0,0
BRDA:91,207,1,0
BRDA:91,208,0,0
BRDA:91,208,1,0
BRDA:91,209,0,0
BRDA:91,209,1,0
BRDA:95,210,0,0
BRDA:95,210,1,0
BRDA:95,211,0,0
BRDA:95,211,1,0
BRDA:95,212,0,0
BRDA:95,212,1,0
BRDA:95,213,0,0
BRDA:95,213,1,0
BRDA:95,214,0,0
BRDA:95,214,1,0
BRDA:95,215,0,0
BRDA:95,215,1,0
BRDA:95,216,0,0
BRDA:95,216,1,0
BRDA:95,217,0,0
BRDA:95,217,1,0
BRDA:95,218,0,0
BRDA:95,218,1,0
BRDA:95,219,0,0
BRDA:95,219,1,0
BRDA:95,220,0,0
BRDA:95,220,1,0
BRDA:95,221,0,0
BRDA:95,221,1,0
BRDA:95,222,0,0
BRDA:95,222,1,0
BRDA:95,223,0,0
BRDA:95,223,1,0
BRDA:95,224,0,0
BRDA:95,224,1,0
BRDA:95,225,0,0
BRDA:95,225,1,0
BRDA:95,226,0,0
BRDA:95,226,1,0
BRDA:95,227,0,0
BRDA:95,227,1,0
BRDA:95,228,0,0
BRDA:95,228,1,0
BRDA:95,229,0,0
BRDA:95,229,1,0
BRDA:95,230,0,0
BRDA:95,230,1,0
BRDA:95,231,0,0
BRDA:95,231,1,0
BRDA:97,232,0,0
BRDA:97,232,1,0
BRDA:97,233,0,0
BRDA:97,233,1,0
BRDA:97,234,0,0
BRDA:97,234,1,0
BRDA:97,235,0,0
BRDA:97,235,1,0
BRDA:97,236,0,0
BRDA:97,236,1,0
BRDA:97,237,0,0
BRDA:97,237,1,0
BRDA:97,238,0,0
BRDA:97,238,1,0
BRDA:97,239,0,0
BRDA:97,239,1,0
BRDA:97,240,0,0
BRDA:97,240,1,0
BRDA:97,241,0,0
BRDA:97,241,1,0
BRDA:97,242,0,0
BRDA:97,242,1,0
BRDA:97,243,0,0
BRDA:97,243,1,0
BRDA:97,244,0,0
BRDA:97,244,1,0
BRDA:97,245,0,0
BRDA:97,245,1,0
BRDA:97,246,0,0
BRDA:97,246,1,0
BRDA:97,247,0,0
BRDA:97,247,1,0
BRDA:97,248,0,0
BRDA:97,248,1,0
BRDA:97,249,0,0
BRDA:97,249,1,0
BRDA:97,250,0,0
BRDA:97,250,1,0
BRDA:97,251,0,0
BRDA:97,251,1,0
BRDA:97,252,0,0
BRDA:97,252,1,0
BRDA:97,253,0,0
BRDA:97,253,1,0
BRDA:99,254,0,0
BRDA:99,254,1,0
BRDA:99,255,0,0
BRDA:99,255,1,0
BRDA:99,256,0,0
BRDA:99,256,1,0
BRDA:99,257,0,0
BRDA:99,257,1,0
BRDA:99,258,0,0
BRDA:99,258,1,0
BRDA:99,259,0,0
BRDA:99,259,1,0
BRDA:99,260,0,0
BRDA:99,260,1,0
BRDA:99,261,0,0
BRDA:99,261,1,0
BRDA:99,262,0,0
BRDA:99,262,1,0
BRDA:99,263,0,0
BRDA:99,263,1,0
BRDA:99,264,0,0
BRDA:99,264,1,0
BRDA:99,265,0,0
BRDA:99,265,1,0
BRDA:99,266,0,0
BRDA:99,266,1,0
BRDA:99,267,0,0
BRDA:99,267,1,0
BRDA:99,268,0,0
BRDA:99,268,1,0
BRDA:99,269,0,0
BRDA:99,269,1,0
BRDA:99,270,0,0
BRDA:99,270,1,0
BRDA:99,271,0,0
BRDA:99,271,1,0
BRDA:99,272,0,0
BRDA:99,272,1,0
BRDA:99,273,0,0
BRDA:99,273,1,0
BRDA:99,274,0,0
BRDA:99,274,1,0
BRDA:99,275,0,0
BRDA:99,275,1,0
BRDA:103,276,0,0
BRDA:103,276,1,0
BRDA:103,277,0,0
BRDA:103,277,1,0
BRDA:103,278,0,0
BRDA:103,278,1,0
BRDA:103,279,0,0
BRDA:103,279,1,0
BRDA:103,280,0,0
BRDA:103,280,1,0
BRDA:103,281,0,0
BRDA:103,281,1,0
BRDA:103,282,0,0
BRDA:103,282,1,0
BRDA:103,283,0,0
BRDA:103,283,1,0
BRDA:103,284,0,0
BRDA:103,284,1,0
BRDA:103,285,0,0
BRDA:103,285,1,0
BRDA:103,286,0,0
BRDA:103,286,1,0
BRDA:103,287,0,0
BRDA:103,287,1,0
BRDA:103,288,0,0
BRDA:103,288,1,0
BRDA:103,289,0,0
BRDA:103,289,1,0
BRDA:103,290,0,0
BRDA:103,290,1,0
BRDA:103,291,0,0
BRDA:103,291,1,0
BRDA:103,292,0,0
BRDA:103,292,1,0
BRDA:103,293,0,0
BRDA:103,293,1,0
BRDA:103,294,0,0
BRDA:103,294,1,0
BRDA:103,295,0,0
BRDA:103,295,1,0
BRDA:103,296,0,0
BRDA:103,296,1,0
BRDA:103,297,0,0
BRDA:103,297,1,0
BRDA:105,298,0,0
BRDA:105,298,1,0
BRDA:105,299,0,0
BRDA:105,299,1,0
BRDA:105,300,0,0
BRDA:105,300,1,0
BRDA:105,301,0,0
BRDA:105,301,1,0
BRDA:105,302,0,0
BRDA:105,302,1,0
BRDA:105,303,0,0
BRDA:105,303,1,0
BRDA:105,304,0,0
BRDA:105,304,1,0
BRDA:105,305,0,0
BRDA:105,305,1,0
BRDA:105,306,0,0
BRDA:105,306,1,0
BRDA:105,307,0,0
BRDA:105,307,1,0
BRDA:105,308,0,0
BRDA:105,308,1,0
BRDA:105,309,0,0
BRDA:105,309,1,0
BRDA:105,310,0,0
BRDA:105,310,1,0
BRDA:105,311,0,0
BRDA:105,311,1,0
BRDA:105,312,0,0
BRDA:105,312,1,0
BRDA:105,313,0,0
BRDA:105,313,1,0
BRDA:105,314,0,0
BRDA:105,314,1,0
BRDA:105,315,0,0
BRDA:105,315,1,0
BRDA:105,316,0,0
BRDA:105,316,1,0
BRDA:105,317,0,0
BRDA:105,317,1,0
BRDA:105,318,0,0
BRDA:105,318,1,0
BRDA:105,319,0,0
BRDA:105,319,1,0
BRDA:107,320,0,0
BRDA:107,320,1,0
BRDA:107,321,0,0
BRDA:107,321,1,0
BRDA:107,322,0,0
BRDA:107,322,1,0
BRDA:107,323,0,0
BRDA:107,323,1,0
BRDA:107,324,0,0
BRDA:107,324,1,0
BRDA:107,325,0,0
BRDA:107,325,1,0
BRDA:107,326,0,0
BRDA:107,326,1,0
BRDA:107,327,0,0
BRDA:107,327,1,0
BRDA:107,328,0,0
BRDA:107,328,1,0
BRDA:107,329,0,0
BRDA:107,329,1,0
BRDA:107,330,0,0
BRDA:107,330,1,0
BRDA:107,331,0,0
BRDA:107,331,1,0
BRDA:107,332,0,0
BRDA:107,332,1,0
BRDA:107,333,0,0
BRDA:107,333,1,0
BRDA:107,334,0,0
BRDA:107,334,1,0
BRDA:107,335,0,0
BRDA:107,335,1,0
BRDA:107,336,0,0
BRDA:107,336,1,0
BRDA:107,337,0,0
BRDA:107,337,1,0
BRDA:107,338,0,0
BRDA:107,338,1,0
BRDA:107,339,0,0
BRDA:107,339,1,0
BRDA:107,340,0,0
BRDA:107,340,1,0
BRDA:107,341,0,0
BRDA:107,341,1,0
BRDA:111,342,0,0
BRDA:111,342,1,0
BRDA:111,343,0,0
BRDA:111,343,1,0
BRDA:111,344,0,0
BRDA:111,344,1,0
BRDA:111,345,0,0
BRDA:111,345,1,0
BRDA:111,346,0,0
BRDA:111,346,1,0
BRDA:111,347,0,0
BRDA:111,347,1,0
BRDA:111,348,0,0
BRDA:111,348,1,0
BRDA:111,349,0,0
BRDA:111,349,1,0
BRDA:111,350,0,0
BRDA:111,350,1,0
BRDA:111,351,0,0
BRDA:111,351,1,0
BRDA:111,352,0,0
BRDA:111,352,1,0
BRDA:113,353,0,0
BRDA:113,353,1,0
BRDA:113,354,0,0
BRDA:113,354,1,0
BRDA:113,355,0,0
BRDA:113,355,1,0
BRDA:113,356,0,0
BRDA:113,356,1,0
BRDA:113,357,0,0
BRDA:113,357,1,0
BRDA:113,358,0,0
BRDA:113,358,1,0
BRDA:113,359,0,0
BRDA:113,359,1,0
BRDA:113,360,0,0
BRDA:113,360,1,0
BRDA:113,361,0,0
BRDA:113,361,1,0
BRDA:113,362,0,0
BRDA:113,362,1,0
BRDA:113,363,0,0
BRDA:113,363,1,0
BRDA:115,364,0,0
BRDA:115,364,1,0
BRDA:115,365,0,0
BRDA:115,365,1,0
BRDA:115,366,0,0
BRDA:115,366,1,0
BRDA:115,367,0,0
BRDA:115,367,1,0
BRDA:115,368,0,0
BRDA:115,368,1,0
BRDA:115,369,0,0
BRDA:115,369,1,0
BRDA:115,370,0,0
BRDA:115,370,1,0
BRDA:115,371,0,0
BRDA:115,371,1,0
BRDA:115,372,0,0
BRDA:115,372,1,0
BRDA:115,373,0,0
BRDA:115,373,1,0
BRDA:115,374,0,0
BRDA:115,374,1,0
BRDA:119,375,0,0
BRDA:119,375,1,0
BRDA:119,376,0,0
BRDA:119,376,1,0
BRDA:119,377,0,0
BRDA:119,377,1,0
BRDA:119,378,0,0
BRDA:119,378,1,0
BRDA:119,379,0,0
BRDA:119,379,1,0
BRDA:119,380,0,0
BRDA:119,380,1,0
BRDA:119,381,0,0
BRDA:119,381,1,0
BRDA:119,382,0,0
BRDA:119,382,1,0
BRDA:119,383,0,0
BRDA:119,383,1,0
BRDA:119,384,0,0
BRDA:119,384,1,0
BRDA:119,385,0,0
BRDA:119,385,1,0
BRDA:121,386,0,0
BRDA:121,386,1,0
BRDA:121,387,0,0
BRDA:121,387,1,0
BRDA:121,388,0,0
BRDA:121,388,1,0
BRDA:121,389,0,0
BRDA:121,389,1,0
BRDA:121,390,0,0
BRDA:121,390,1,0
BRDA:121,391,0,0
BRDA:121,391,1,0
BRDA:121,392,0,0
BRDA:121,392,1,0
BRDA:121,393,0,0
BRDA:121,393,1,0
BRDA:121,394,0,0
BRDA:121,394,1,0
BRDA:121,395,0,0
BRDA:121,395,1,0
BRDA:121,396,0,0
BRDA:121,396,1,0
BRDA:123,397,0,0
BRDA:123,397,1,0
BRDA:123,398,0,0
BRDA:123,398,1,0
BRDA:123,399,0,0
BRDA:123,399,1,0
BRDA:123,400,0,0
BRDA:123,400,1,0
BRDA:123,401,0,0
BRDA:123,401,1,0
BRDA:123,402,0,0
BRDA:123,402,1,0
BRDA:123,403,0,0
BRDA:123,403,1,0
BRDA:123,404,0,0
BRDA:123,404,1,0
BRDA:123,405,0,0
BRDA:123,405,1,0
BRDA:123,406,0,0
BRDA:123,406,1,0
BRDA:123,407,0,0
BRDA:123,407,1,0
BRDA:127,408,0,0
BRDA:127,408,1,0
BRDA:127,409,0,0
BRDA:127,409,1,0
BRDA:127,410,0,0
BRDA:127,410,1,0
BRDA:127,411,0,0
BRDA:127,411,1,0
BRDA:127,412,0,0
BRDA:127,412,1,0
BRDA:127,413,0,0
BRDA:127,413,1,0
BRDA:127,414,0,0
BRDA:127,414,1,0
BRDA:127,415,0,0
BRDA:127,415,1,0
BRDA:127,416,0,0
BRDA:127,416,1,0
BRDA:127,417,0,0
BRDA:127,417,1,0
BRDA:127,418,0,0
BRDA:127,418,1,0
BRDA:127,419,0,0
BRDA:127,419,1,0
BRDA:127,420,0,0
BRDA:127,420,1,0
BRDA:127,421,0,0
BRDA:127,421,1,0
BRDA:127,422,0,0
BRDA:127,422,1,0
BRDA:127,423,0,0
BRDA:127,423,1,0
BRDA:127,424,0,0
BRDA:127,424,1,0
BRDA:127,425,0,0
BRDA:127,425,1,0
BRDA:127,426,0,0
BRDA:127,426,1,0
BRDA:127,427,0,0
BRDA:127,427,1,0
BRDA:127,428,0,0
BRDA:127,428,1,0
BRDA:127,429,0,0
BRDA:127,429,1,0
BRDA:129,430,0,0
BRDA:129,430,1,0
BRDA:129,431,0,0
BRDA:129,431,1,0
BRDA:129,432,0,0
BRDA:129,432,1,0
BRDA:129,433,0,0
BRDA:129,433,1,0
BRDA:129,434,0,0
BRDA:129,434,1,0
BRDA:129,435,0,0
BRDA:129,435,1,0
BRDA:129,436,0,0
BRDA:129,436,1,0
BRDA:129,437,0,0
BRDA:129,437,1,0
BRDA:129,438,0,0
BRDA:129,438,1,0
BRDA:129,439,0,0
BRDA:129,439,1,0
BRDA:129,440,0,0
BRDA:129,440,1,0
BRDA:129,441,0,0
BRDA:129,441,1,0
BRDA:129,442,0,0
BRDA:129,442,1,0
BRDA:129,443,0,0
BRDA:129,443,1,0
BRDA:129,444,0,0
BRDA:129,444,1,0
BRDA:129,445,0,0
BRDA:129,445,1,0
BRDA:129,446,0,0
BRDA:129,446,1,0
BRDA:129,447,0,0
BRDA:129,447,1,0
BRDA:129,448,0,0
BRDA:129,448,1,0
BRDA:129,449,0,0
BRDA:129,449,1,0
BRDA:129,450,0,0
BRDA:129,450,1,0
BRDA:129,451,0,0
BRDA:129,451,1,0
BRDA:131,452,0,0
BRDA:131,452,1,0
BRDA:131,453,0,0
BRDA:131,453,1,0
BRDA:131,454,0,0
BRDA:131,454,1,0
BRDA:131,455,0,0
BRDA:131,455,1,0
BRDA:131,456,0,0
BRDA:131,456,1,0
BRDA:131,457,0,0
BRDA:131,457,1,0
BRDA:131,458,0,0
BRDA:131,458,1,0
BRDA:131,459,0,0
BRDA:131,459,1,0
BRDA:131,460,0,0
BRDA:131,460,1,0
BRDA:131,461,0,0
BRDA:131,461,1,0
BRDA:131,462,0,0
BRDA:131,462,1,0
BRDA:131,463,0,0
BRDA:131,463,1,0
BRDA:131,464,0,0
BRDA:131,464,1,0
BRDA:131,465,0,0
BRDA:131,465,1,0
BRDA:131,466,0,0
BRDA:131,466,1,0
BRDA:131,467,0,0
BRDA:131,467,1,0
BRDA:131,468,0,0
BRDA:131,468,1,0
BRDA:131,469,0,0
BRDA:131,469,1,0
BRDA:131,470,0,0
BRDA:131,470,1,0
BRDA:131,471,0,0
BRDA:131,471,1,0
BRDA:131,472,0,0
BRDA:131,472,1,0
BRDA:131,473,0,0
BRDA:131,473,1,0
BRDA:135,474,0,0
BRDA:135,474,1,0
BRDA:135,475,0,0
BRDA:135,475,1,0
BRDA:135,476,0,0
BRDA:135,476,1,0
BRDA:135,477,0,0
BRDA:135,477,1,0
BRDA:135,478,0,0
BRDA:135,478,1,0
BRDA:135,479,0,0
BRDA:135,479,1,0
BRDA:135,480,0,0
BRDA:135,480,1,0
BRDA:135,481,0,0
BRDA:135,481,1,0
BRDA:135,482,0,0
BRDA:135,482,1,0
BRDA:135,483,0,0
BRDA:135,483,1,0
BRDA:135,484,0,0
BRDA:135,484,1,0
BRDA:135,485,0,0
BRDA:135,485,1,0
BRDA:135,486,0,0
BRDA:135,486,1,0
BRDA:135,487,0,0
BRDA:135,487,1,0
BRDA:135,488,0,0
BRDA:135,488,1,0
BRDA:135,489,0,0
BRDA:135,489,1,0
BRDA:135,490,0,0
BRDA:135,490,1,0
BRDA:135,491,0,0
BRDA:135,491,1,0
BRDA:135,492,0,0
BRDA:135,492,1,0
BRDA:135,493,0,0
BRDA:135,493,1,0
BRDA:135,494,0,0
BRDA:135,494,1,0
BRDA:135,495,0,0
BRDA:135,495,1,0
BRDA:137,496,0,0
BRDA:137,496,1,0
BRDA:137,497,0,0
BRDA:137,497,1,0
BRDA:137,498,0,0
BRDA:137,498,1,0
BRDA:137,499,0,0
BRDA:137,499,1,0
BRDA:137,500,0,0
BRDA:137,500,1,0
BRDA:137,501,0,0
BRDA:137,501,1,0
BRDA:137,502,0,0
BRDA:137,502,1,0
BRDA:137,503,0,0
BRDA:137,503,1,0
BRDA:137,504,0,0
BRDA:137,504,1,0
BRDA:137,505,0,0
BRDA:137,505,1,0
BRDA:137,506,0,0
BRDA:137,506,1,0
BRDA:137,507,0,0
BRDA:137,507,1,0
BRDA:137,508,0,0
BRDA:137,508,1,0
BRDA:137,509,0,0
BRDA:137,509,1,0
BRDA:137,510,0,0
BRDA:137,510,1,0
BRDA:137,511,0,0
BRDA:137,511,1,0
BRDA:137,512,0,0
BRDA:137,512,1,0
BRDA:137,513,0,0
BRDA:137,513,1,0
BRDA:137,514,0,0
BRDA:137,514,1,0
BRDA:137,515,0,0
BRDA:137,515,1,0
BRDA:137,516,0,0
BRDA:137,516,1,0
BRDA:137,517,0,0
BRDA:137,517,1,0
BRDA:139,518,0,0
BRDA:139,518,1,0
BRDA:139,519,0,0
BRDA:139,519,1,0
BRDA:139,520,0,0
BRDA:139,520,1,0
BRDA:139,521,0,0
BRDA:139,521,1,0
BRDA:139,522,0,0
BRDA:139,522,1,0
BRDA:139,523,0,0
BRDA:139,523,1,0
BRDA:139,524,0,0
BRDA:139,524,1,0
BRDA:139,525,0,0
BRDA:139,525,1,0
BRDA:139,526,0,0
BRDA:139,526,1,0
BRDA:139,527,0,0
BRDA:139,527,1,0
BRDA:139,528,0,0
BRDA:139,528,1,0
BRDA:139,529,0,0
BRDA:139,529,1,0
BRDA:139,530,0,0
BRDA:139,530,1,0
BRDA:139,531,0,0
BRDA:139,531,1,0
BRDA:139,532,0,0
BRDA:139,532,1,0
BRDA:139,533,0,0
BRDA:139,533,1,0
BRDA:139,534,0,0
BRDA:139,534,1,0
BRDA:139,535,0,0
BRDA:139,535,1,0
BRDA:139,536,0,0
BRDA:139,536,1,0
BRDA:139,537,0,0
BRDA:139,537,1,0
BRDA:139,538,0,0
BRDA:139,538,1,0
BRDA:139,539,0,0
BRDA:139,539,1,0
BRDA:143,540,0,0
BRDA:143,540,1,0
BRDA:143,541,0,0
BRDA:143,541,1,0
BRDA:143,542,0,0
BRDA:143,542,1,0
BRDA:143,543,0,0
BRDA:143,543,1,0
BRDA:143,544,0,0
BRDA:143,544,1,0
BRDA:143,545,0,0
BRDA:143,545,1,0
BRDA:143,546,0,0
BRDA:143,546,1,0
BRDA:143,547,0,0
BRDA:143,547,1,0
BRDA:143,548,0,0
BRDA:143,548,1,0
BRDA:143,549,0,0
BRDA:143,549,1,0
BRDA:143,550,0,0
BRDA:143,550,1,0
BRDA:145,551,0,0
BRDA:145,551,1,0
BRDA:145,552,0,0
BRDA:145,552,1,0
BRDA:145,553,0,0
BRDA:145,553,1,0
BRDA:145,554,0,0
BRDA:145,554,1,0
BRDA:145,555,0,0
BRDA:145,555,1,0
BRDA:145,556,0,0
BRDA:145,556,1,0
BRDA:145,557,0,0
BRDA:145,557,1,0
BRDA:145,558,0,0
BRDA:145,558,1,0
BRDA:145,559,0,0
BRDA:145,559,1,0
BRDA:145,560,0,0
BRDA:145,560,1,0
BRDA:145,561,0,0
BRDA:145,561,1,0
BRDA:147,562,0,0
BRDA:147,562,1,0
BRDA:147,563,0,0
BRDA:147,563,1,0
BRDA:147,564,0,0
BRDA:147,564,1,0
BRDA:147,565,0,0
BRDA:147,565,1,0
BRDA:147,566,0,0
BRDA:147,566,1,0
BRDA:147,567,0,0
BRDA:147,567,1,0
BRDA:147,568,0,0
BRDA:147,568,1,0
BRDA:147,569,0,0
BRDA:147,569,1,0
BRDA:147,570,0,0
BRDA:147,570,1,0
BRDA:147,571,0,0
BRDA:147,571,1,0
BRDA:147,572,0,0
BRDA:147,572,1,0
BRDA:151,573,0,0
BRDA:151,573,1,0
BRDA:151,574,0,0
BRDA:151,574,1,0
BRDA:151,575,0,0
BRDA:151,575,1,0
BRDA:151,576,0,0
BRDA:151,576,1,0
BRDA:151,577,0,0
BRDA:151,577,1,0
BRDA:151,578,0,0
BRDA:151,578,1,0
BRDA:151,579,0,0
BRDA:151,579,1,0
BRDA:151,580,0,0
BRDA:151,580,1,0
BRDA:151,581,0,0
BRDA:151,581,1,0
BRDA:151,582,0,0
BRDA:151,582,1,0
BRDA:151,583,0,0
BRDA:151,583,1,0
BRDA:151,584,0,0
BRDA:151,584,1,0
BRDA:151,585,0,0
BRDA:151,585,1,0
BRDA:153,586,0,0
BRDA:153,586,1,0
BRDA:153,587,0,0
BRDA:153,587,1,0
BRDA:153,588,0,0
BRDA:153,588,1,0
BRDA:153,589,0,0
BRDA:153,589,1,0
BRDA:153,590,0,0
BRDA:153,590,1,0
BRDA:153,591,0,0
BRDA:153,591,1,0
BRDA:153,592,0,0
BRDA:153,592,1,0
BRDA:153,593,0,0
BRDA:153,593,1,0
BRDA:153,594,0,0
BRDA:153,594,1,0
BRDA:153,595,0,0
BRDA:153,595,1,0
BRDA:153,596,0,0
BRDA:153,596,1,0
BRDA:153,597,0,0
BRDA:153,597,1,0
BRDA:153,598,0,0
BRDA:153,598,1,0
BRDA:155,599,0,0
BRDA:155,599,1,0
BRDA:155,600,0,0
BRDA:155,600,1,0
BRDA:155,601,0,0
BRDA:155,601,1,0
BRDA:155,602,0,0
BRDA:155,602,1,0
BRDA:155,603,0,0
BRDA:155,603,1,0
BRDA:155,604,0,0
BRDA:155,604,1,0
BRDA:155,605,0,0
BRDA:155,605,1,0
BRDA:155,606,0,0
BRDA:155,606,1,0
BRDA:155,607,0,0
BRDA:155,607,1,0
BRDA:155,608,0,0
BRDA:155,608,1,0
BRDA:155,609,0,0
BRDA:155,609,1,0
BRDA:155,610,0,0
BRDA:155,610,1,0
BRDA:155,611,0,0
BRDA:155,611,1,0
BRDA:159,612,0,0
BRDA:159,612,1,0
BRDA:159,613,0,0
BRDA:159,613,1,0
BRDA:159,614,0,0
BRDA:159,614,1,0
BRDA:159,615,0,0
BRDA:159,615,1,0
BRDA:159,616,0,0
BRDA:159,616,1,0
BRDA:159,617,0,0
BRDA:159,617,1,0
BRDA:159,618,0,0
BRDA:159,618,1,0
BRDA:159,619,0,0
BRDA:159,619,1,0
BRDA:159,620,0,0
BRDA:159,620,1,0
BRDA:159,621,0,0
BRDA:159,621,1,0
BRDA:159,622,0,0
BRDA:159,622,1,0
BRDA:161,623,0,0
BRDA:161,623,1,0
BRDA:161,624,0,0
BRDA:161,624,1,0
BRDA:161,625,0,0
BRDA:161,625,1,0
BRDA:161,626,0,0
BRDA:161,626,1,0
BRDA:161,627,0,0
BRDA:161,627,1,0
BRDA:161,628,0,0
BRDA:161,628,1,0
BRDA:161,629,0,0
BRDA:161,629,1,0
BRDA:161,630,0,0
BRDA:161,630,1,0
BRDA:161,631,0,0
BRDA:161,631,1,0
BRDA:161,632,0,0
BRDA:161,632,1,0
BRDA:161,633,0,0
BRDA:161,633,1,0
BRDA:163,634,0,0
BRDA:163,634,1,0
BRDA:163,635,0,0
BRDA:163,635,1,0
BRDA:163,636,0,0
BRDA:163,636,1,0
BRDA:163,637,0,0
BRDA:163,637,1,0
BRDA:163,638,0,0
BRDA:163,638,1,0
BRDA:163,639,0,0
BRDA:163,639,1,0
BRDA:163,640,0,0
BRDA:163,640,1,0
BRDA:163,641,0,0
BRDA:163,641,1,0
BRDA:163,642,0,0
BRDA:163,642,1,0
BRDA:163,643,0,0
BRDA:163,643,1,0
BRDA:163,644,0,0
BRDA:163,644,1,0
BRDA:167,645,0,0
BRDA:167,645,1,0
BRDA:167,646,0,0
BRDA:167,646,1,0
BRDA:167,647,0,0
BRDA:167,647,1,0
BRDA:167,648,0,0
BRDA:167,648,1,0
BRDA:167,649,0,0
BRDA:167,649,1,0
BRDA:167,650,0,0
BRDA:167,650,1,0
BRDA:167,651,0,0
BRDA:167,651,1,0
BRDA:167,652,0,0
BRDA:167,652,1,0
BRDA:167,653,0,0
BRDA:167,653,1,0
BRDA:167,654,0,0
BRDA:167,654,1,0
BRDA:167,655,0,0
BRDA:167,655,1,0
BRDA:169,656,0,0
BRDA:169,656,1,0
BRDA:169,657,0,0
BRDA:169,657,1,0
BRDA:169,658,0,0
BRDA:169,658,1,0
BRDA:169,659,0,0
BRDA:169,659,1,0
BRDA:169,660,0,0
BRDA:169,660,1,0
BRDA:169,661,0,0
BRDA:169,661,1,0
BRDA:169,662,0,0
BRDA:169,662,1,0
BRDA:169,663,0,0
BRDA:169,663,1,0
BRDA:169,664,0,0
BRDA:169,664,1,0
BRDA:169,665,0,0
BRDA:169,665,1,0
BRDA:169,666,0,0
BRDA:169,666,1,0
BRDA:171,667,0,0
BRDA:171,667,1,0
BRDA:171,668,0,0
BRDA:171,668,1,0
BRDA:171,669,0,0
BRDA:171,669,1,0
BRDA:171,670,0,0
BRDA:171,670,1,0
BRDA:171,671,0,0
BRDA:171,671,1,0
BRDA:171,672,0,0
BRDA:171,672,1,0
BRDA:171,673,0,0
BRDA:171,673,1,0
BRDA:171,674,0,0
BRDA:171,674,1,0
BRDA:171,675,0,0
BRDA:171,675,1,0
BRDA:171,676,0,0
BRDA:171,676,1,0
BRDA:171,677,0,0
BRDA:171,677,1,0
BRDA:175,678,0,0
BRDA:175,678,1,0
BRDA:175,679,0,0
BRDA:175,679,1,0
BRDA:175,680,0,0
BRDA:175,680,1,0
BRDA:175,681,0,0
BRDA:175,681,1,0
BRDA:175,682,0,0
BRDA:175,682,1,0
BRDA:175,683,0,0
BRDA:175,683,1,0
BRDA:175,684,0,0
BRDA:175,684,1,0
BRDA:175,685,0,0
BRDA:175,685,1,0
BRDA:175,686,0,0
BRDA:175,686,1,0
BRDA:175,687,0,0
BRDA:175,687,1,0
BRDA:175,688,0,0
BRDA:175,688,1,0
BRDA:177,689,0,0
BRDA:177,689,1,0
BRDA:177,690,0,0
BRDA:177,690,1,0
BRDA:177,691,0,0
BRDA:177,691,1,0
BRDA:177,692,0,0
BRDA:177,692,1,0
BRDA:177,693,0,0
BRDA:177,693,1,0
BRDA:177,694,0,0
BRDA:177,694,1,0
BRDA:177,695,0,0
BRDA:177,695,1,0
BRDA:177,696,0,0
BRDA:177,696,1,0
BRDA:177,697,0,0
BRDA:177,697,1,0
BRDA:177,698,0,0
BRDA:177,698,1,0
BRDA:177,699,0,0
BRDA:177,699,1,0
BRDA:179,700,0,0
BRDA:179,700,1,0
BRDA:179,701,0,0
BRDA:179,701,1,0
BRDA:179,702,0,0
BRDA:179,702,1,0
BRDA:179,703,0,0
BRDA:179,703,1,0
BRDA:179,704,0,0
BRDA:179,704,1,0
BRDA:179,705,0,0
BRDA:179,705,1,0
BRDA:179,706,0,0
BRDA:179,706,1,0
BRDA:179,707,0,0
BRDA:179,707,1,0
BRDA:179,708,0,0
BRDA:179,708,1,0
BRDA:179,709,0,0
BRDA:179,709,1,0
BRDA:179,710,0,0
BRDA:179,710,1,0
BRDA:183,711,0,0
BRDA:183,711,1,0
BRDA:183,712,0,0
BRDA:183,712,1,0
BRDA:183,713,0,0
BRDA:183,713,1,0
BRDA:183,714,0,0
BRDA:183,714,1,0
BRDA:183,715,0,0
BRDA:183,715,1,0
BRDA:183,716,0,0
BRDA:183,716,1,0
BRDA:183,717,0,0
BRDA:183,717,1,0
BRDA:183,718,0,0
BRDA:183,718,1,0
BRDA:183,719,0,0
BRDA:183,719,1,0
BRDA:183,720,0,0
BRDA:183,720,1,0
BRDA:183,721,0,0
BRDA:183,721,1,0
BRDA:185,722,0,0
BRDA:185,722,1,0
BRDA:185,723,0,0
BRDA:185,723,1,0
BRDA:185,724,0,0
BRDA:185,724,1,0
BRDA:185,725,0,0
BRDA:185,725,1,0
BRDA:185,726,0,0
BRDA:185,726,1,0
BRDA:185,727,0,0
BRDA:185,727,1,0
BRDA:185,728,0,0
BRDA:185,728,1,0
BRDA:185,729,0,0
BRDA:185,729,1,0
BRDA:185,730,0,0
BRDA:185,730,1,0
BRDA:185,731,0,0
BRDA:185,731,1,0
BRDA:185,732,0,0
BRDA:185,732,1,0
BRDA:187,733,0,0
BRDA:187,733,1,0
BRDA:187,734,0,0
BRDA:187,734,1,0
BRDA:187,735,0,0
BRDA:187,735,1,0
BRDA:187,736,0,0
BRDA:187,736,1,0
BRDA:187,737,0,0
BRDA:187,737,1,0
BRDA:187,738,0,0
BRDA:187,738,1,0
BRDA:187,739,0,0
BRDA:187,739,1,0
BRDA:187,740,0,0
BRDA:187,740,1,0
BRDA:187,741,0,0
BRDA:187,741,1,0
BRDA:187,742,0,0
BRDA:187,742,1,0
BRDA:187,743,0,0
BRDA:187,743,1,0
BRDA:191,744,0,0
BRDA:191,744,1,0
BRDA:191,745,0,0
BRDA:191,745,1,0
BRDA:191,746,0,0
BRDA:191,746,1,0
BRDA:191,747,0,0
BRDA:191,747,1,0
BRDA:191,748,0,0
BRDA:191,748,1,0
BRDA:191,749,0,0
BRDA:191,749,1,0
BRDA:191,750,0,0
BRDA:191,750,1,0
BRDA:191,751,0,0
BRDA:191,751,1,0
BRDA:191,752,0,0
BRDA:191,752,1,0
BRDA:191,753,0,0
BRDA:191,753,1,0
BRDA:191,754,0,0
BRDA:191,754,1,0
BRDA:193,755,0,0
BRDA:193,755,1,0
BRDA:193,756,0,0
BRDA:193,756,1,0
BRDA:193,757,0,0
BRDA:193,757,1,0
BRDA:193,758,0,0
BRDA:193,758,1,0
BRDA:193,759,0,0
BRDA:193,759,1,0
BRDA:193,760,0,0
BRDA:193,760,1,0
BRDA:193,761,0,0
BRDA:193,761,1,0
BRDA:193,762,0,0
BRDA:193,762,1,0
BRDA:193,763,0,0
BRDA:193,763,1,0
BRDA:193,764,0,0
BRDA:193,764,1,0
BRDA:193,765,0,0
BRDA:193,765,1,0
BRDA:195,766,0,0
BRDA:195,766,1,0
BRDA:195,767,0,0
BRDA:195,767,1,0
BRDA:195,768,0,0
BRDA:195,768,1,0
BRDA:195,769,0,0
BRDA:195,769,1,0
BRDA:195,770,0,0
BRDA:195,770,1,0
BRDA:195,771,0,0
BRDA:195,771,1,0
BRDA:195,772,0,0
BRDA:195,772,1,0
BRDA:195,773,0,0
BRDA:195,773,1,0
BRDA:195,774,0,0
BRDA:195,774,1,0
BRDA:195,775,0,0
BRDA:195,775,1,0
BRDA:195,776,0,0
BRDA:195,776,1,0
BRDA:199,777,0,0
BRDA:199,777,1,0
BRDA:199,778,0,0
BRDA:199,778,1,0
BRDA:199,779,0,0
BRDA:199,779,1,0
BRDA:199,780,0,0
BRDA:199,780,1,0
BRDA:199,781,0,0
BRDA:199,781,1,0
BRDA:199,782,0,0
BRDA:199,782,1,0
BRDA:199,783,0,0
BRDA:199,783,1,0
BRDA:199,784,0,0
BRDA:199,784,1,0
BRDA:199,785,0,0
BRDA:199,785,1,0
BRDA:199,786,0,0
BRDA:199,786,1,0
BRDA:199,787,0,0
BRDA:199,787,1,0
BRDA:199,788,0,0
BRDA:199,788,1,0
BRDA:199,789,0,0
BRDA:199,789,1,0
BRDA:199,790,0,0
BRDA:199,790,1,0
BRDA:199,791,0,0
BRDA:199,791,1,0
BRDA:199,792,0,0
BRDA:199,792,1,0
BRDA:199,793,0,0
BRDA:199,793,1,0
BRDA:199,794,0,0
BRDA:199,794,1,0
BRDA:199,795,0,0
BRDA:199,795,1,0
BRDA:199,796,0,0
BRDA:199,796,1,0
BRDA:199,797,0,0
BRDA:199,797,1,0
BRDA:199,798,0,0
BRDA:199,798,1,0
BRDA:201,799,0,0
BRDA:201,799,1,0
BRDA:201,800,0,0
BRDA:201,800,1,0
BRDA:201,801,0,0
BRDA:201,801,1,0
BRDA:201,802,0,0
BRDA:201,802,1,0
BRDA:201,803,0,0
BRDA:201,803,1,0
BRDA:201,804,0,0
BRDA:201,804,1,0
BRDA:201,805,0,0
BRDA:201,805,1,0
BRDA:201,806,0,0
BRDA:201,806,1,0
BRDA:201,807,0,0
BRDA:201,807,1,0
BRDA:201,808,0,0
BRDA:201,808,1,0
BRDA:201,809,0,0
BRDA:201,809,1,0
BRDA:201,810,0,0
BRDA:201,810,1,0
BRDA:201,811,0,0
BRDA:201,811,1,0
BRDA:201,812,0,0
BRDA:201,812,1,0
BRDA:201,813,0,0
BRDA:201,813,1,0
BRDA:201,814,0,0
BRDA:201,814,1,0
BRDA:201,815,0,0
BRDA:201,815,1,0
BRDA:201,816,0,0
BRDA:201,816,1,0
BRDA:201,817,0,0
BRDA:201,817,1,0
BRDA:201,818,0,0
BRDA:201,818,1,0
BRDA:201,819,0,0
BRDA:201,819,1,0
BRDA:201,820,0,0
BRDA:201,820,1,0
BRDA:203,821,0,0
BRDA:203,821,1,0
BRDA:203,822,0,0
BRDA:203,822,1,0
BRDA:203,823,0,0
BRDA:203,823,1,0
BRDA:203,824,0,0
BRDA:203,824,1,0
BRDA:203,825,0,0
BRDA:203,825,1,0
BRDA:203,826,0,0
BRDA:203,826,1,0
BRDA:203,827,0,0
BRDA:203,827,1,0
BRDA:203,828,0,0
BRDA:203,828,1,0
BRDA:203,829,0,0
BRDA:203,829,1,0
BRDA:203,830,0,0
BRDA:203,830,1,0
BRDA:203,831,0,0
BRDA:203,831,1,0
BRDA:203,832,0,0
BRDA:203,832,1,0
BRDA:203,833,0,0
BRDA:203,833,1,0
BRDA:203,834,0,0
BRDA:203,834,1,0
BRDA:203,835,0,0
BRDA:203,835,1,0
BRDA:203,836,0,0
BRDA:203,836,1,0
BRDA:203,837,0,0
BRDA:203,837,1,0
BRDA:203,838,0,0
BRDA:203,838,1,0
BRDA:203,839,0,0
BRDA:203,839,1,0
BRDA:203,840,0,0
BRDA:203,840,1,0
BRDA:203,841,0,0
BRDA:203,841,1,0
BRDA:203,842,0,0
BRDA:203,842,1,0
BRDA:207,843,0,0
BRDA:207,843,1,0
BRDA:207,844,0,0
BRDA:207,844,1,0
BRDA:207,845,0,0
BRDA:207,845,1,0
BRDA:207,846,0,0
BRDA:207,846,1,0
BRDA:207,847,0,0
BRDA:207,847,1,0
BRDA:207,848,0,0
BRDA:207,848,1,0
BRDA:207,849,0,0
BRDA:207,849,1,0
BRDA:209,850,0,0
BRDA:209,850,1,0
BRDA:209,851,0,0
BRDA:209,851,1,0
BRDA:209,852,0,0
BRDA:209,852,1,0
BRDA:209,853,0,0
BRDA:209,853,1,0
BRDA:209,854,0,0
BRDA:209,854,1,0
BRDA:209,855,0,0
BRDA:209,855,1,0
BRDA:209,856,0,0
BRDA:209,856,1,0
BRDA:211,857,0,0
BRDA:211,857,1,0
BRDA:211,858,0,0
BRDA:211,858,1,0
BRDA:211,859,0,0
BRDA:211,859,1,0
BRDA:211,860,0,0
BRDA:211,860,1,0
BRDA:211,861,0,0
BRDA:211,861,1,0
BRDA:211,862,0,0
BRDA:211,862,1,0
BRDA:211,863,0,0
BRDA:211,863,1,0
BRDA:215,864,0,0
BRDA:215,864,1,0
BRDA:215,865,0,0
BRDA:215,865,1,0
BRDA:215,866,0,0
BRDA:215,866,1,0
BRDA:215,867,0,0
BRDA:215,867,1,0
BRDA:215,868,0,0
BRDA:215,868,1,0
BRDA:215,869,0,0
BRDA:215,869,1,0
BRDA:215,870,0,0
BRDA:215,870,1,0
BRDA:217,871,0,0
BRDA:217,871,1,0
BRDA:217,872,0,0
BRDA:217,872,1,0
BRDA:217,873,0,0
BRDA:217,873,1,0
BRDA:217,874,0,0
BRDA:217,874,1,0
BRDA:217,875,0,0
BRDA:217,875,1,0
BRDA:217,876,0,0
BRDA:217,876,1,0
BRDA:217,877,0,0
BRDA:217,877,1,0
BRDA:219,878,0,0
BRDA:219,878,1,0
BRDA:219,879,0,0
BRDA:219,879,1,0
BRDA:219,880,0,0
BRDA:219,880,1,0
BRDA:219,881,0,0
BRDA:219,881,1,0
BRDA:219,882,0,0
BRDA:219,882,1,0
BRDA:219,883,0,0
BRDA:219,883,1,0
BRDA:219,884,0,0
BRDA:219,884,1,0
BRDA:223,885,0,0
BRDA:223,885,1,0
BRDA:223,886,0,0
BRDA:223,886,1,0
BRDA:223,887,0,0
BRDA:223,887,1,0
BRDA:223,888,0,0
BRDA:223,888,1,0
BRDA:223,889,0,0
BRDA:223,889,1,0
BRDA:223,890,0,0
BRDA:223,890,1,0
BRDA:223,891,0,0
BRDA:223,891,1,0
BRDA:223,892,0,0
BRDA:223,892,1,0
BRDA:223,893,0,0
BRDA:223,893,1,0
BRDA:223,894,0,0
BRDA:223,894,1,0
BRDA:223,895,0,0
BRDA:223,895,1,0
BRDA:223,896,0,0
BRDA:223,896,1,0
BRDA:223,897,0,0
BRDA:223,897,1,0
BRDA:223,898,0,0
BRDA:223,898,1,0
BRDA:223,899,0,0
BRDA:223,899,1,0
BRDA:223,900,0,0
BRDA:223,900,1,0
BRDA:223,901,0,0
BRDA:223,901,1,0
BRDA:223,902,0,0
BRDA:223,902,1,0
BRDA:223,903,0,0
BRDA:223,903,1,0
BRDA:223,904,0,0
BRDA:223,904,1,0
BRDA:223,905,0,0
BRDA:223,905,1,0
BRDA:225,906,0,0
BRDA:225,906,1,0
BRDA:225,907,0,0
BRDA:225,907,1,0
BRDA:225,908,0,0
BRDA:225,908,1,0
BRDA:225,909,0,0
BRDA:225,909,1,0
BRDA:225,910,0,0
BRDA:225,910,1,0
BRDA:225,911,0,0
BRDA:225,911,1,0
BRDA:225,912,0,0
BRDA:225,912,1,0
BRDA:225,913,0,0
BRDA:225,913,1,0
BRDA:225,914,0,0
BRDA:225,914,1,0
BRDA:225,915,0,0
BRDA:225,915,1,0
BRDA:225,916,0,0
BRDA:225,916,1,0
BRDA:225,917,0,0
BRDA:225,917,1,0
BRDA:225,918,0,0
BRDA:225,918,1,0
BRDA:225,919,0,0
BRDA:225,919,1,0
BRDA:225,920,0,0
BRDA:225,920,1,0
BRDA:225,921,0,0
BRDA:225,921,1,0
BRDA:225,922,0,0
BRDA:225,922,1,0
BRDA:225,923,0,0
BRDA:225,923,1,0
BRDA:225,924,0,0
BRDA:225,924,1,0
BRDA:225,925,0,0
BRDA:225,925,1,0
BRDA:225,926,0,0
BRDA:225,926,1,0
BRDA:227,927,0,0
BRDA:227,927,1,0
BRDA:227,928,0,0
BRDA:227,928,1,0
BRDA:227,929,0,0
BRDA:227,929,1,0
BRDA:227,930,0,0
BRDA:227,930,1,0
BRDA:227,931,0,0
BRDA:227,931,1,0
BRDA:227,932,0,0
BRDA:227,932,1,0
BRDA:227,933,0,0
BRDA:227,933,1,0
BRDA:227,934,0,0
BRDA:227,934,1,0
BRDA:227,935,0,0
BRDA:227,935,1,0
BRDA:227,936,0,0
BRDA:227,936,1,0
BRDA:227,937,0,0
BRDA:227,937,1,0
BRDA:227,938,0,0
BRDA:227,938,1,0
BRDA:227,939,0,0
BRDA:227,939,1,0
BRDA:227,940,0,0
BRDA:227,940,1,0
BRDA:227,941,0,0
BRDA:227,941,1,0
BRDA:227,942,0,0
BRDA:227,942,1,0
BRDA:227,943,0,0
BRDA:227,943,1,0
BRDA:227,944,0,0
BRDA:227,944,1,0
BRDA:227,945,0,0
BRDA:227,945,1,0
BRDA:227,946,0,0
BRDA:227,946,1,0
BRDA:227,947,0,0
BRDA:227,947,1,0
BRDA:231,948,0,0
BRDA:231,948,1,0
BRDA:231,949,0,0
BRDA:231,949,1,0
BRDA:231,950,0,0
BRDA:231,950,1,0
BRDA:231,951,0,0
BRDA:231,951,1,0
BRDA:231,952,0,0
BRDA:231,952,1,0
BRDA:231,953,0,0
BRDA:231,953,1,0
BRDA:231,954,0,0
BRDA:231,954,1,0
BRDA:233,955,0,0
BRDA:233,955,1,0
BRDA:233,956,0,0
BRDA:233,956,1,0
BRDA:233,957,0,0
BRDA:233,957,1,0
BRDA:233,958,0,0
BRDA:233,958,1,0
BRDA:233,959,0,0
BRDA:233,959,1,0
BRDA:233,960,0,0
BRDA:233,960,1,0
BRDA:233,961,0,0
BRDA:233,961,1,0
BRDA:235,962,0,0
BRDA:235,962,1,0
BRDA:235,963,0,0
BRDA:235,963,1,0
BRDA:235,964,0,0
BRDA:235,964,1,0
BRDA:235,965,0,0
BRDA:235,965,1,0
BRDA:235,966,0,0
BRDA:235,966,1,0
BRDA:235,967,0,0
BRDA:235,967,1,0
BRDA:235,968,0,0
BRDA:235,968,1,0
BRDA:239,969,0,0
BRDA:239,969,1,0
BRDA:239,970,0,0
BRDA:239,970,1,0
BRDA:239,971,0,0
BRDA:239,971,1,0
BRDA:239,972,0,0
BRDA:239,972,1,0
BRDA:239,973,0,0
BRDA:239,973,1,0
BRDA:239,974,0,0
BRDA:239,974,1,0
BRDA:239,975,0,0
BRDA:239,975,1,0
BRDA:241,976,0,0
BRDA:241,976,1,0
BRDA:241,977,0,0
BRDA:241,977,1,0
BRDA:241,978,0,0
BRDA:241,978,1,0
BRDA:241,979,0,0
BRDA:241,979,1,0
BRDA:241,980,0,0
BRDA:241,980,1,0
BRDA:241,981,0,0
BRDA:241,981,1,0
BRDA:241,982,0,0
BRDA:241,982,1,0
BRDA:243,983,0,0
BRDA:243,983,1,0
BRDA:243,984,0,0
BRDA:243,984,1,0
BRDA:243,985,0,0
BRDA:243,985,1,0
BRDA:243,986,0,0
BRDA:243,986,1,0
BRDA:243,987,0,0
BRDA:243,987,1,0
BRDA:243,988,0,0
BRDA:243,988,1,0
BRDA:243,989,0,0
BRDA:243,989,1,0
BRDA:247,990,0,0
BRDA:247,990,1,0
BRDA:247,991,0,0
BRDA:247,991,1,0
BRDA:247,992,0,0
BRDA:247,992,1,0
BRDA:247,993,0,0
BRDA:247,993,1,0
BRDA:247,994,0,0
BRDA:247,994,1,0
BRDA:247,995,0,0
BRDA:247,995,1,0
BRDA:247,996,0,0
BRDA:247,996,1,0
BRDA:247,997,0,0
BRDA:247,997,1,0
BRDA:247,998,0,0
BRDA:247,998,1,0
BRDA:247,999,0,0
BRDA:247,999,1,0
BRDA:247,1000,0,0
BRDA:247,1000,1,0
BRDA:247,1001,0,0
BRDA:247,1001,1,0
BRDA:247,1002,0,0
BRDA:247,1002,1,0
BRDA:247,1003,0,0
BRDA:247,1003,1,0
BRDA:247,1004,0,0
BRDA:247,1004,1,0
BRDA:247,1005,0,0
BRDA:247,1005,1,0
BRDA:247,1006,0,0
BRDA:247,1006,1,0
BRDA:247,1007,0,0
BRDA:247,1007,1,0
BRDA:247,1008,0,0
BRDA:247,1008,1,0
BRDA:247,1009,0,0
BRDA:247,1009,1,0
BRDA:247,1010,0,0
BRDA:247,1010,1,0
BRDA:247,1011,0,0
BRDA:247,1011,1,0
BRDA:247,1012,0,0
BRDA:247,1012,1,0
BRDA:247,1013,0,0
BRDA:247,1013,1,0
BRDA:247,1014,0,0
BRDA:247,1014,1,0
BRDA:247,1015,0,0
BRDA:247,1015,1,0
BRDA:247,1016,0,0
BRDA:247,1016,1,0
BRDA:247,1017,0,0
BRDA:247,1017,1,0
BRDA:247,1018,0,0
BRDA:247,1018,1,0
BRDA:247,1019,0,0
BRDA:247,1019,1,0
BRDA:247,1020,0,0
BRDA:247,1020,1,0
BRDA:247,1021,0,0
BRDA:247,1021,1,0
BRDA:247,1022,0,0
BRDA:247,1022,1,0
BRDA:247,1023,0,0
BRDA:247,1023,1,0
BRDA:247,1024,0,0
BRDA:247,1024,1,0
BRDA:247,1025,0,0
BRDA:247,1025,1,0
BRDA:247,1026,0,0
BRDA:247,1026,1,0
BRDA:247,1027,0,0
BRDA:247,1027,1,0
BRDA:247,1028,0,0
BRDA:247,1028,1,0
BRDA:247,1029,0,0
BRDA:247,1029,1,0
BRDA:247,1030,0,0
BRDA:247,1030,1,0
BRDA:247,1031,0,0
BRDA:247,1031,1,0
BRDA:249,1032,0,0
BRDA:249,1032,1,0
BRDA:249,1033,0,0
BRDA:249,1033,1,0
BRDA:249,1034,0,0
BRDA:249,1034,1,0
BRDA:249,1035,0,0
BRDA:249,1035,1,0
BRDA:249,1036,0,0
BRDA:249,1036,1,0
BRDA:249,1037,0,0
BRDA:249,1037,1,0
BRDA:249,1038,0,0
BRDA:249,1038,1,0
BRDA:249,1039,0,0
BRDA:249,1039,1,0
BRDA:249,1040,0,0
BRDA:249,1040,1,0
BRDA:249,1041,0,0
BRDA:249,1041,1,0
BRDA:249,1042,0,0
BRDA:249,1042,1,0
BRDA:249,1043,0,0
BRDA:249,1043,1,0
BRDA:249,1044,0,0
BRDA:249,1044,1,0
BRDA:249,1045,0,0
BRDA:249,1045,1,0
BRDA:249,1046,0,0
BRDA:249,1046,1,0
BRDA:249,1047,0,0
BRDA:249,1047,1,0
BRDA:249,1048,0,0
BRDA:249,1048,1,0
BRDA:249,1049,0,0
BRDA:249,1049,1,0
BRDA:249,1050,0,0
BRDA:249,1050,1,0
BRDA:249,1051,0,0
BRDA:249,1051,1,0
BRDA:249,1052,0,0
BRDA:249,1052,1,0
BRDA:249,1053,0,0
BRDA:249,1053,1,0
BRDA:249,1054,0,0
BRDA:249,1054,1,0
BRDA:249,1055,0,0
BRDA:249,1055,1,0
BRDA:249,1056,0,0
BRDA:249,1056,1,0
BRDA:249,1057,0,0
BRDA:249,1057,1,0
BRDA:249,1058,0,0
BRDA:249,1058,1,0
BRDA:249,1059,0,0
BRDA:249,1059,1,0
BRDA:249,1060,0,0
BRDA:249,1060,1,0
BRDA:249,1061,0,0
BRDA:249,1061,1,0
BRDA:249,1062,0,0
BRDA:249,1062,1,0
BRDA:249,1063,0,0
BRDA:249,1063,1,0
BRDA:249,1064,0,0
BRDA:249,1064,1,0
BRDA:249,1065,0,0
BRDA:249,1065,1,0
BRDA:249,1066,0,0
BRDA:249,1066,1,0
BRDA:249,1067,0,0
BRDA:249,1067,1,0
BRDA:249,1068,0,0
BRDA:249,1068,1,0
BRDA:249,1069,0,0
BRDA:249,1069,1,0
BRDA:249,1070,0,0
BRDA:249,1070,1,0
BRDA:249,1071,0,0
BRDA:249,1071,1,0
BRDA:249,1072,0,0
BRDA:249,1072,1,0
BRDA:249,1073,0,0
BRDA:249,1073,1,0
BRDA:251,1074,0,0
BRDA:251,1074,1,0
BRDA:251,1075,0,0
BRDA:251,1075,1,0
BRDA:251,1076,0,0
BRDA:251,1076,1,0
BRDA:251,1077,0,0
BRDA:251,1077,1,0
BRDA:251,1078,0,0
BRDA:251,1078,1,0
BRDA:251,1079,0,0
BRDA:251,1079,1,0
BRDA:251,1080,0,0
BRDA:251,1080,1,0
BRDA:251,1081,0,0
BRDA:251,1081,1,0
BRDA:251,1082,0,0
BRDA:251,1082,1,0
BRDA:251,1083,0,0
BRDA:251,1083,1,0
BRDA:251,1084,0,0
BRDA:251,1084,1,0
BRDA:251,1085,0,0
BRDA:251,1085,1,0
BRDA:251,1086,0,0
BRDA:251,1086,1,0
BRDA:251,1087,0,0
BRDA:251,1087,1,0
BRDA:251,1088,0,0
BRDA:251,1088,1,0
BRDA:251,1089,0,0
BRDA:251,1089,1,0
BRDA:251,1090,0,0
BRDA:251,1090,1,0
BRDA:251,1091,0,0
BRDA:251,1091,1,0
BRDA:251,1092,0,0
BRDA:251,1092,1,0
BRDA:251,1093,0,0
BRDA:251,1093,1,0
BRDA:251,1094,0,0
BRDA:251,1094,1,0
BRDA:251,1095,0,0
BRDA:251,1095,1,0
BRDA:251,1096,0,0
BRDA:251,1096,1,0
BRDA:251,1097,0,0
BRDA:251,1097,1,0
BRDA:251,1098,0,0
BRDA:251,1098,1,0
BRDA:251,1099,0,0
BRDA:251,1099,1,0
BRDA:251,1100,0,0
BRDA:251,1100,1,0
BRDA:251,1101,0,0
BRDA:251,1101,1,0
BRDA:251,1102,0,0
BRDA:251,1102,1,0
BRDA:251,1103,0,0
BRDA:251,1103,1,0
BRDA:251,1104,0,0
BRDA:251,1104,1,0
BRDA:251,1105,0,0
BRDA:251,1105,1,0
BRDA:251,1106,0,0
BRDA:251,1106,1,0
BRDA:251,1107,0,0
BRDA:251,1107,1,0
BRDA:251,1108,0,0
BRDA:251,1108,1,0
BRDA:251,1109,0,0
BRDA:251,1109,1,0
BRDA:251,1110,0,0
BRDA:251,1110,1,0
BRDA:251,1111,0,0
BRDA:251,1111,1,0
BRDA:251,1112,0,0
BRDA:251,1112,1,0
BRDA:251,1113,0,0
BRDA:251,1113,1,0
BRDA:251,1114,0,0
BRDA:251,1114,1,0
BRDA:251,1115,0,0
BRDA:251,1115,1,0
BRDA:255,1116,0,0
BRDA:255,1116,1,0
BRDA:255,1117,0,0
BRDA:255,1117,1,0
BRDA:255,1118,0,0
BRDA:255,1118,1,0
BRDA:255,1119,0,0
BRDA:255,1119,1,0
BRDA:255,1120,0,0
BRDA:255,1120,1,0
BRDA:255,1121,0,0
BRDA:255,1121,1,0
BRDA:255,1122,0,0
BRDA:255,1122,1,0
BRDA:257,1123,0,0
BRDA:257,1123,1,0
BRDA:257,1124,0,0
BRDA:257,1124,1,0
BRDA:257,1125,0,0
BRDA:257,1125,1,0
BRDA:257,1126,0,0
BRDA:257,1126,1,0
BRDA:257,1127,0,0
BRDA:257,1127,1,0
BRDA:257,1128,0,0
BRDA:257,1128,1,0
BRDA:257,1129,0,0
BRDA:257,1129,1,0
BRDA:259,1130,0,0
BRDA:259,1130,1,0
BRDA:259,1131,0,0
BRDA:259,1131,1,0
BRDA:259,1132,0,0
BRDA:259,1132,1,0
BRDA:259,1133,0,0
BRDA:259,1133,1,0
BRDA:259,1134,0,0
BRDA:259,1134,1,0
BRDA:259,1135,0,0
BRDA:259,1135,1,0
BRDA:259,1136,0,0
BRDA:259,1136,1,0
BRDA:263,1137,0,0
BRDA:263,1137,1,0
BRDA:263,1138,0,0
BRDA:263,1138,1,0
BRDA:263,1139,0,0
BRDA:263,1139,1,0
BRDA:263,1140,0,0
BRDA:263,1140,1,0
BRDA:263,1141,0,0
BRDA:263,1141,1,0
BRDA:263,1142,0,0
BRDA:263,1142,1,0
BRDA:263,1143,0,0
BRDA:263,1143,1,0
BRDA:265,1144,0,0
BRDA:265,1144,1,0
BRDA:265,1145,0,0
BRDA:265,1145,1,0
BRDA:265,1146,0,0
BRDA:265,1146,1,0
BRDA:265,1147,0,0
BRDA:265,1147,1,0
BRDA:265,1148,0,0
BRDA:265,1148,1,0
BRDA:265,1149,0,0
BRDA:265,1149,1,0
BRDA:265,1150,0,0
BRDA:265,1150,1,0
BRDA:267,1151,0,0
BRDA:267,1151,1,0
BRDA:267,1152,0,0
BRDA:267,1152,1,0
BRDA:267,1153,0,0
BRDA:267,1153,1,0
BRDA:267,1154,0,0
BRDA:267,1154,1,0
BRDA:267,1155,0,0
BRDA:267,1155,1,0
BRDA:267,1156,0,0
BRDA:267,1156,1,0
BRDA:267,1157,0,0
BRDA:267,1157,1,0
BRDA:271,1158,0,0
BRDA:271,1158,1,0
BRDA:271,1159,0,0
BRDA:271,1159,1,0
BRDA:271,1160,0,0
BRDA:271,1160,1,0
BRDA:271,1161,0,0
BRDA:271,1161,1,0
BRDA:271,1162,0,0
BRDA:271,1162,1,0
BRDA:271,1163,0,0
BRDA:271,1163,1,0
BRDA:271,1164,0,0
BRDA:271,1164,1,0
BRDA:273,1165,0,0
BRDA:273,1165,1,0
BRDA:273,1166,0,0
BRDA:273,1166,1,0
BRDA:273,1167,0,0
BRDA:273,1167,1,0
BRDA:273,1168,0,0
BRDA:273,1168,1,0
BRDA:273,1169,0,0
BRDA:273,1169,1,0
BRDA:273,1170,0,0
BRDA:273,1170,1,0
BRDA:273,1171,0,0
BRDA:273,1171,1,0
BRDA:275,1172,0,0
BRDA:275,1172,1,0
BRDA:275,1173,0,0
BRDA:275,1173,1,0
BRDA:275,1174,0,0
BRDA:275,1174,1,0
BRDA:275,1175,0,0
BRDA:275,1175,1,0
BRDA:275,1176,0,0
BRDA:275,1176,1,0
BRDA:275,1177,0,0
BRDA:275,1177,1,0
BRDA:275,1178,0,0
BRDA:275,1178,1,0
BRDA:279,1179,0,0
BRDA:279,1179,1,0
BRDA:279,1180,0,0
BRDA:279,1180,1,0
BRDA:279,1181,0,0
BRDA:279,1181,1,0
BRDA:279,1182,0,0
BRDA:279,1182,1,0
BRDA:279,1183,0,0
BRDA:279,1183,1,0
BRDA:279,1184,0,0
BRDA:279,1184,1,0
BRDA:279,1185,0,0
BRDA:279,1185,1,0
BRDA:281,1186,0,0
BRDA:281,1186,1,0
BRDA:281,1187,0,0
BRDA:281,1187,1,0
BRDA:281,1188,0,0
BRDA:281,1188,1,0
BRDA:281,1189,0,0
BRDA:281,1189,1,0
BRDA:281,1190,0,0
BRDA:281,1190,1,0
BRDA:281,1191,0,0
BRDA:281,1191,1,0
BRDA:281,1192,0,0
BRDA:281,1192,1,0
BRDA:283,1193,0,0
BRDA:283,1193,1,0
BRDA:283,1194,0,0
BRDA:283,1194,1,0
BRDA:283,1195,0,0
BRDA:283,1195,1,0
BRDA:283,1196,0,0
BRDA:283,1196,1,0
BRDA:283,1197,0,0
BRDA:283,1197,1,0
BRDA:283,1198,0,0
BRDA:283,1198,1,0
BRDA:283,1199,0,0
BRDA:283,1199,1,0
BRDA:287,1200,0,0
BRDA:287,1200,1,0
BRDA:287,1201,0,0
BRDA:287,1201,1,0
BRDA:287,1202,0,0
BRDA:287,1202,1,0
BRDA:287,1203,0,0
BRDA:287,1203,1,0
BRDA:287,1204,0,0
BRDA:287,1204,1,0
BRDA:287,1205,0,0
BRDA:287,1205,1,0
BRDA:287,1206,0,0
BRDA:287,1206,1,0
BRDA:289,1207,0,0
BRDA:289,1207,1,0
BRDA:289,1208,0,0
BRDA:289,1208,1,0
BRDA:289,1209,0,0
BRDA:289,1209,1,0
BRDA:289,1210,0,0
BRDA:289,1210,1,0
BRDA:289,1211,0,0
BRDA:289,1211,1,0
BRDA:289,1212,0,0
BRDA:289,1212,1,0
BRDA:289,1213,0,0
BRDA:289,1213,1,0
BRDA:291,1214,0,0
BRDA:291,1214,1,0
BRDA:291,1215,0,0
BRDA:291,1215,1,0
BRDA:291,1216,0,0
BRDA:291,1216,1,0
BRDA:291,1217,0,0
BRDA:291,1217,1,0
BRDA:291,1218,0,0
BRDA:291,1218,1,0
BRDA:291,1219,0,0
BRDA:291,1219,1,0
BRDA:291,1220,0,0
BRDA:291,1220,1,0
BRDA:295,1221,0,0
BRDA:295,1221,1,0
BRDA:295,1222,0,0
BRDA:295,1222,1,0
BRDA:295,1223,0,0
BRDA:295,1223,1,0
BRDA:295,1224,0,0
BRDA:295,1224,1,0
BRDA:295,1225,0,0
BRDA:295,1225,1,0
BRDA:295,1226,0,0
BRDA:295,1226,1,0
BRDA:295,1227,0,0
BRDA:295,1227,1,0
BRDA:297,1228,0,0
BRDA:297,1228,1,0
BRDA:297,1229,0,0
BRDA:297,1229,1,0
BRDA:297,1230,0,0
BRDA:297,1230,1,0
BRDA:297,1231,0,0
BRDA:297,1231,1,0
BRDA:297,1232,0,0
BRDA:297,1232,1,0
BRDA:297,1233,0,0
BRDA:297,1233,1,0
BRDA:297,1234,0,0
BRDA:297,1234,1,0
BRDA:299,1235,0,0
BRDA:299,1235,1,0
BRDA:299,1236,0,0
BRDA:299,1236,1,0
BRDA:299,1237,0,0
BRDA:299,1237,1,0
BRDA:299,1238,0,0
BRDA:299,1238,1,0
BRDA:299,1239,0,0
BRDA:299,1239,1,0
BRDA:299,1240,0,0
BRDA:299,1240,1,0
BRDA:299,1241,0,0
BRDA:299,1241,1,0
BRDA:303,1242,0,0
BRDA:303,1242,1,0
BRDA:303,1243,0,0
BRDA:303,1243,1,0
BRDA:303,1244,0,0
BRDA:303,1244,1,0
BRDA:303,1245,0,0
BRDA:303,1245,1,0
BRDA:303,1246,0,0
BRDA:303,1246,1,0
BRDA:303,1247,0,0
BRDA:303,1247,1,0
BRDA:303,1248,0,0
BRDA:303,1248,1,0
BRDA:305,1249,0,0
BRDA:305,1249,1,0
BRDA:305,1250,0,0
BRDA:305,1250,1,0
BRDA:305,1251,0,0
BRDA:305,1251,1,0
BRDA:305,1252,0,0
BRDA:305,1252,1,0
BRDA:305,1253,0,0
BRDA:305,1253,1,0
BRDA:305,1254,0,0
BRDA:305,1254,1,0
BRDA:305,1255,0,0
BRDA:305,1255,1,0
BRDA:307,1256,0,0
BRDA:307,1256,1,0
BRDA:307,1257,0,0
BRDA:307,1257,1,0
BRDA:307,1258,0,0
BRDA:307,1258,1,0
BRDA:307,1259,0,0
BRDA:307,1259,1,0
BRDA:307,1260,0,0
BRDA:307,1260,1,0
BRDA:307,1261,0,0
BRDA:307,1261,1,0
BRDA:307,1262,0,0
BRDA:307,1262,1,0
BRDA:311,1263,0,0
BRDA:311,1263,1,0
BRDA:311,1264,0,0
BRDA:311,1264,1,0
BRDA:311,1265,0,0
BRDA:311,1265,1,0
BRDA:311,1266,0,0
BRDA:311,1266,1,0
BRDA:311,1267,0,0
BRDA:311,1267,1,0
BRDA:311,1268,0,0
BRDA:311,1268,1,0
BRDA:311,1269,0,0
BRDA:311,1269,1,0
BRDA:313,1270,0,0
BRDA:313,1270,1,0
BRDA:313,1271,0,0
BRDA:313,1271,1,0
BRDA:313,1272,0,0
BRDA:313,1272,1,0
BRDA:313,1273,0,0
BRDA:313,1273,1,0
BRDA:313,1274,0,0
BRDA:313,1274,1,0
BRDA:313,1275,0,0
BRDA:313,1275,1,0
BRDA:313,1276,0,0
BRDA:313,1276,1,0
BRDA:315,1277,0,0
BRDA:315,1277,1,0
BRDA:315,1278,0,0
BRDA:315,1278,1,0
BRDA:315,1279,0,0
BRDA:315,1279,1,0
BRDA:315,1280,0,0
BRDA:315,1280,1,0
BRDA:315,1281,0,0
BRDA:315,1281,1,0
BRDA:315,1282,0,0
BRDA:315,1282,1,0
BRDA:315,1283,0,0
BRDA:315,1283,1,0
BRDA:320,1284,0,0
BRDA:320,1284,1,0
BRDA:320,1285,0,0
BRDA:320,1285,1,0
BRDA:320,1286,0,0
BRDA:320,1286,1,0
BRDA:320,1287,0,0
BRDA:320,1287,1,0
BRDA:320,1288,0,0
BRDA:320,1288,1,0
BRDA:320,1289,0,0
BRDA:320,1289,1,0
BRDA:320,1290,0,0
BRDA:320,1290,1,0
BRDA:322,1291,0,0
BRDA:322,1291,1,0
BRDA:322,1292,0,0
BRDA:322,1292,1,0
BRDA:322,1293,0,0
BRDA:322,1293,1,0
BRDA:322,1294,0,0
BRDA:322,1294,1,0
BRDA:322,1295,0,0
BRDA:322,1295,1,0
BRDA:322,1296,0,0
BRDA:322,1296,1,0
BRDA:322,1297,0,0
BRDA:322,1297,1,0
BRDA:324,1298,0,0
BRDA:324,1298,1,0
BRDA:324,1299,0,0
BRDA:324,1299,1,0
BRDA:324,1300,0,0
BRDA:324,1300,1,0
BRDA:324,1301,0,0
BRDA:324,1301,1,0
BRDA:324,1302,0,0
BRDA:324,1302,1,0
BRDA:324,1303,0,0
BRDA:324,1303,1,0
BRDA:324,1304,0,0
BRDA:324,1304,1,0
BRDA:328,1305,0,0
BRDA:328,1305,1,0
BRDA:328,1306,0,0
BRDA:328,1306,1,0
BRDA:328,1307,0,0
BRDA:328,1307,1,0
BRDA:328,1308,0,0
BRDA:328,1308,1,0
BRDA:328,1309,0,0
BRDA:328,1309,1,0
BRDA:328,1310,0,0
BRDA:328,1310,1,0
BRDA:328,1311,0,0
BRDA:328,1311,1,0
BRDA:330,1312,0,0
BRDA:330,1312,1,0
BRDA:330,1313,0,0
BRDA:330,1313,1,0
BRDA:330,1314,0,0
BRDA:330,1314,1,0
BRDA:330,1315,0,0
BRDA:330,1315,1,0
BRDA:330,1316,0,0
BRDA:330,1316,1,0
BRDA:330,1317,0,0
BRDA:330,1317,1,0
BRDA:330,1318,0,0
BRDA:330,1318,1,0
BRDA:332,1319,0,0
BRDA:332,1319,1,0
BRDA:332,1320,0,0
BRDA:332,1320,1,0
BRDA:332,1321,0,0
BRDA:332,1321,1,0
BRDA:332,1322,0,0
BRDA:332,1322,1,0
BRDA:332,1323,0,0
BRDA:332,1323,1,0
BRDA:332,1324,0,0
BRDA:332,1324,1,0
BRDA:332,1325,0,0
BRDA:332,1325,1,0
BRDA:336,1326,0,0
BRDA:336,1326,1,0
BRDA:336,1327,0,0
BRDA:336,1327,1,0
BRDA:336,1328,0,0
BRDA:336,1328,1,0
BRDA:336,1329,0,0
BRDA:336,1329,1,0
BRDA:336,1330,0,0
BRDA:336,1330,1,0
BRDA:336,1331,0,0
BRDA:336,1331,1,0
BRDA:336,1332,0,0
BRDA:336,1332,1,0
BRDA:336,1333,0,0
BRDA:336,1333,1,0
BRDA:336,1334,0,0
BRDA:336,1334,1,0
BRDA:336,1335,0,0
BRDA:336,1335,1,0
BRDA:336,1336,0,0
BRDA:336,1336,1,0
BRDA:336,1337,0,0
BRDA:336,1337,1,0
BRDA:336,1338,0,0
BRDA:336,1338,1,0
BRDA:336,1339,0,0
BRDA:336,1339,1,0
BRDA:338,1340,0,0
BRDA:338,1340,1,0
BRDA:338,1341,0,0
BRDA:338,1341,1,0
BRDA:338,1342,0,0
BRDA:338,1342,1,0
BRDA:338,1343,0,0
BRDA:338,1343,1,0
BRDA:338,1344,0,0
BRDA:338,1344,1,0
BRDA:338,1345,0,0
BRDA:338,1345,1,0
BRDA:338,1346,0,0
BRDA:338,1346,1,0
BRDA:338,1347,0,0
BRDA:338,1347,1,0
BRDA:338,1348,0,0
BRDA:338,1348,1,0
BRDA:338,1349,0,0
BRDA:338,1349,1,0
BRDA:338,1350,0,0
BRDA:338,1350,1,0
BRDA:338,1351,0,0
BRDA:338,1351,1,0
BRDA:338,1352,0,0
BRDA:338,1352,1,0
BRDA:338,1353,0,0
BRDA:338,1353,1,0
BRDA:340,1354,0,0
BRDA:340,1354,1,0
BRDA:340,1355,0,0
BRDA:340,1355,1,0
BRDA:340,1356,0,0
BRDA:340,1356,1,0
BRDA:340,1357,0,0
BRDA:340,1357,1,0
BRDA:340,1358,0,0
BRDA:340,1358,1,0
BRDA:340,1359,0,0
BRDA:340,1359,1,0
BRDA:340,1360,0,0
BRDA:340,1360,1,0
BRDA:340,1361,0,0
BRDA:340,1361,1,0
BRDA:340,1362,0,0
BRDA:340,1362,1,0
BRDA:340,1363,0,0
BRDA:340,1363,1,0
BRDA:340,1364,0,0
BRDA:340,1364,1,0
BRDA:340,1365,0,0
BRDA:340,1365,1,0
BRDA:340,1366,0,0
BRDA:340,1366,1,0
BRDA:340,1367,0,0
BRDA:340,1367,1,0
BRDA:344,1368,0,0
BRDA:344,1368,1,0
BRDA:344,1369,0,0
BRDA:344,1369,1,0
BRDA:344,1370,0,0
BRDA:344,1370,1,0
BRDA:344,1371,0,0
BRDA:344,1371,1,0
BRDA:344,1372,0,0
BRDA:344,1372,1,0
BRDA:344,1373,0,0
BRDA:344,1373,1,0
BRDA:344,1374,0,0
BRDA:344,1374,1,0
BRDA:346,1375,0,0
BRDA:346,1375,1,0
BRDA:346,1376,0,0
BRDA:346,1376,1,0
BRDA:346,1377,0,0
BRDA:346,1377,1,0
BRDA:346,1378,0,0
BRDA:346,1378,1,0
BRDA:346,1379,0,0
BRDA:346,1379,1,0
BRDA:346,1380,0,0
BRDA:346,1380,1,0
BRDA:346,1381,0,0
BRDA:346,1381,1,0
BRDA:348,1382,0,0
BRDA:348,1382,1,0
BRDA:348,1383,0,0
BRDA:348,1383,1,0
BRDA:348,1384,0,0
BRDA:348,1384,1,0
BRDA:348,1385,0,0
BRDA:348,1385,1,0
BRDA:348,1386,0,0
BRDA:348,1386,1,0
BRDA:348,1387,0,0
BRDA:348,1387,1,0
BRDA:348,1388,0,0
BRDA:348,1388,1,0
BRDA:352,1389,0,0
BRDA:352,1389,1,0
BRDA:352,1390,0,0
BRDA:352,1390,1,0
BRDA:352,1391,0,0
BRDA:352,1391,1,0
BRDA:352,1392,0,0
BRDA:352,1392,1,0
BRDA:352,1393,0,0
BRDA:352,1393,1,0
BRDA:352,1394,0,0
BRDA:352,1394,1,0
BRDA:352,1395,0,0
BRDA:352,1395,1,0
BRDA:352,1396,0,0
BRDA:352,1396,1,0
BRDA:352,1397,0,0
BRDA:352,1397,1,0
BRDA:354,1398,0,0
BRDA:354,1398,1,0
BRDA:354,1399,0,0
BRDA:354,1399,1,0
BRDA:354,1400,0,0
BRDA:354,1400,1,0
BRDA:354,1401,0,0
BRDA:354,1401,1,0
BRDA:354,1402,0,0
BRDA:354,1402,1,0
BRDA:354,1403,0,0
BRDA:354,1403,1,0
BRDA:354,1404,0,0
BRDA:354,1404,1,0
BRDA:354,1405,0,0
BRDA:354,1405,1,0
BRDA:354,1406,0,0
BRDA:354,1406,1,0
BRDA:356,1407,0,0
BRDA:356,1407,1,0
BRDA:356,1408,0,0
BRDA:356,1408,1,0
BRDA:356,1409,0,0
BRDA:356,1409,1,0
BRDA:356,1410,0,0
BRDA:356,1410,1,0
BRDA:356,1411,0,0
BRDA:356,1411,1,0
BRDA:356,1412,0,0
BRDA:356,1412,1,0
BRDA:356,1413,0,0
BRDA:356,1413,1,0
BRDA:356,1414,0,0
BRDA:356,1414,1,0
BRDA:356,1415,0,0
BRDA:356,1415,1,0
BRDA:360,1416,0,0
BRDA:360,1416,1,0
BRDA:360,1417,0,0
BRDA:360,1417,1,0
BRDA:360,1418,0,0
BRDA:360,1418,1,0
BRDA:360,1419,0,0
BRDA:360,1419,1,0
BRDA:360,1420,0,0
BRDA:360,1420,1,0
BRDA:360,1421,0,0
BRDA:360,1421,1,0
BRDA:360,1422,0,0
BRDA:360,1422,1,0
BRDA:360,1423,0,0
BRDA:360,1423,1,0
BRDA:360,1424,0,0
BRDA:360,1424,1,0
BRDA:362,1425,0,0
BRDA:362,1425,1,0
BRDA:362,1426,0,0
BRDA:362,1426,1,0
BRDA:362,1427,0,0
BRDA:362,1427,1,0
BRDA:362,1428,0,0
BRDA:362,1428,1,0
BRDA:362,1429,0,0
BRDA:362,1429,1,0
BRDA:362,1430,0,0
BRDA:362,1430,1,0
BRDA:362,1431,0,0
BRDA:362,1431,1,0
BRDA:362,1432,0,0
BRDA:362,1432,1,0
BRDA:362,1433,0,0
BRDA:362,1433,1,0
BRDA:364,1434,0,0
BRDA:364,1434,1,0
BRDA:364,1435,0,0
BRDA:364,1435,1,0
BRDA:364,1436,0,0
BRDA:364,1436,1,0
BRDA:364,1437,0,0
BRDA:364,1437,1,0
BRDA:364,1438,0,0
BRDA:364,1438,1,0
BRDA:364,1439,0,0
BRDA:364,1439,1,0
BRDA:364,1440,0,0
BRDA:364,1440,1,0
BRDA:364,1441,0,0
BRDA:364,1441,1,0
BRDA:364,1442,0,0
BRDA:364,1442,1,0
BRDA:368,1443,0,0
BRDA:368,1443,1,0
BRDA:368,1444,0,0
BRDA:368,1444,1,0
BRDA:368,1445,0,0
BRDA:368,1445,1,0
BRDA:368,1446,0,0
BRDA:368,1446,1,0
BRDA:368,1447,0,0
BRDA:368,1447,1,0
BRDA:368,1448,0,0
BRDA:368,1448,1,0
BRDA:368,1449,0,0
BRDA:368,1449,1,0
BRDA:368,1450,0,0
BRDA:368,1450,1,0
BRDA:368,1451,0,0
BRDA:368,1451,1,0
BRDA:370,1452,0,0
BRDA:370,1452,1,0
BRDA:370,1453,0,0
BRDA:370,1453,1,0
BRDA:370,1454,0,0
BRDA:370,1454,1,0
BRDA:370,1455,0,0
BRDA:370,1455,1,0
BRDA:370,1456,0,0
BRDA:370,1456,1,0
BRDA:370,1457,0,0
BRDA:370,1457,1,0
BRDA:370,1458,0,0
BRDA:370,1458,1,0
BRDA:370,1459,0,0
BRDA:370,1459,1,0
BRDA:370,1460,0,0
BRDA:370,1460,1,0
BRDA:372,1461,0,0
BRDA:372,1461,1,0
BRDA:372,1462,0,0
BRDA:372,1462,1,0
BRDA:372,1463,0,0
BRDA:372,1463,1,0
BRDA:372,1464,0,0
BRDA:372,1464,1,0
BRDA:372,1465,0,0
BRDA:372,1465,1,0
BRDA:372,1466,0,0
BRDA:372,1466,1,0
BRDA:372,1467,0,0
BRDA:372,1467,1,0
BRDA:372,1468,0,0
BRDA:372,1468,1,0
BRDA:372,1469,0,0
BRDA:372,1469,1,0
BRDA:376,1470,0,0
BRDA:376,1470,1,0
BRDA:376,1471,0,0
BRDA:376,1471,1,0
BRDA:376,1472,0,0
BRDA:376,1472,1,0
BRDA:376,1473,0,0
BRDA:376,1473,1,0
BRDA:376,1474,0,0
BRDA:376,1474,1,0
BRDA:376,1475,0,0
BRDA:376,1475,1,0
BRDA:376,1476,0,0
BRDA:376,1476,1,0
BRDA:376,1477,0,0
BRDA:376,1477,1,0
BRDA:376,1478,0,0
BRDA:376,1478,1,0
BRDA:378,1479,0,0
BRDA:378,1479,1,0
BRDA:378,1480,0,0
BRDA:378,1480,1,0
BRDA:378,1481,0,0
BRDA:378,1481,1,0
BRDA:378,1482,0,0
BRDA:378,1482,1,0
BRDA:378,1483,0,0
BRDA:378,1483,1,0
BRDA:378,1484,0,0
BRDA:378,1484,1,0
BRDA:378,1485,0,0
BRDA:378,1485,1,0
BRDA:378,1486,0,0
BRDA:378,1486,1,0
BRDA:378,1487,0,0
BRDA:378,1487,1,0
BRDA:380,1488,0,0
BRDA:380,1488,1,0
BRDA:380,1489,0,0
BRDA:380,1489,1,0
BRDA:380,1490,0,0
BRDA:380,1490,1,0
BRDA:380,1491,0,0
BRDA:380,1491,1,0
BRDA:380,1492,0,0
BRDA:380,1492,1,0
BRDA:380,1493,0,0
BRDA:380,1493,1,0
BRDA:380,1494,0,0
BRDA:380,1494,1,0
BRDA:380,1495,0,0
BRDA:380,1495,1,0
BRDA:380,1496,0,0
BRDA:380,1496,1,0
BRDA:384,1497,0,0
BRDA:384,1497,1,0
BRDA:384,1498,0,0
BRDA:384,1498,1,0
BRDA:384,1499,0,0
BRDA:384,1499,1,0
BRDA:384,1500,0,0
BRDA:384,1500,1,0
BRDA:384,1501,0,0
BRDA:384,1501,1,0
BRDA:384,1502,0,0
BRDA:384,1502,1,0
BRDA:384,1503,0,0
BRDA:384,1503,1,0
BRDA:384,1504,0,0
BRDA:384,1504,1,0
BRDA:384,1505,0,0
BRDA:384,1505,1,0
BRDA:386,1506,0,0
BRDA:386,1506,1,0
BRDA:386,1507,0,0
BRDA:386,1507,1,0
BRDA:386,1508,0,0
BRDA:386,1508,1,0
BRDA:386,1509,0,0
BRDA:386,1509,1,0
BRDA:386,1510,0,0
BRDA:386,1510,1,0
BRDA:386,1511,0,0
BRDA:386,1511,1,0
BRDA:386,1512,0,0
BRDA:386,1512,1,0
BRDA:386,1513,0,0
BRDA:386,1513,1,0
BRDA:386,1514,0,0
BRDA:386,1514,1,0
BRDA:388,1515,0,0
BRDA:388,1515,1,0
BRDA:388,1516,0,0
BRDA:388,1516,1,0
BRDA:388,1517,0,0
BRDA:388,1517,1,0
BRDA:388,1518,0,0
BRDA:388,1518,1,0
BRDA:388,1519,0,0
BRDA:388,1519,1,0
BRDA:388,1520,0,0
BRDA:388,1520,1,0
BRDA:388,1521,0,0
BRDA:388,1521,1,0
BRDA:388,1522,0,0
BRDA:388,1522,1,0
BRDA:388,1523,0,0
BRDA:388,1523,1,0
BRDA:392,1524,0,0
BRDA:392,1524,1,0
BRDA:392,1525,0,0
BRDA:392,1525,1,0
BRDA:392,1526,0,0
BRDA:392,1526,1,0
BRDA:392,1527,0,0
BRDA:392,1527,1,0
BRDA:392,1528,0,0
BRDA:392,1528,1,0
BRDA:392,1529,0,0
BRDA:392,1529,1,0
BRDA:392,1530,0,0
BRDA:392,1530,1,0
BRDA:392,1531,0,0
BRDA:392,1531,1,0
BRDA:392,1532,0,0
BRDA:392,1532,1,0
BRDA:392,1533,0,0
BRDA:392,1533,1,0
BRDA:392,1534,0,0
BRDA:392,1534,1,0
BRDA:392,1535,0,0
BRDA:392,1535,1,0
BRDA:392,1536,0,0
BRDA:392,1536,1,0
BRDA:392,1537,0,0
BRDA:392,1537,1,0
BRDA:392,1538,0,0
BRDA:392,1538,1,0
BRDA:392,1539,0,0
BRDA:392,1539,1,0
BRDA:392,1540,0,0
BRDA:392,1540,1,0
BRDA:392,1541,0,0
BRDA:392,1541,1,0
BRDA:394,1542,0,0
BRDA:394,1542,1,0
BRDA:394,1543,0,0
BRDA:394,1543,1,0
BRDA:394,1544,0,0
BRDA:394,1544,1,0
BRDA:394,1545,0,0
BRDA:394,1545,1,0
BRDA:394,1546,0,0
BRDA:394,1546,1,0
BRDA:394,1547,0,0
BRDA:394,1547,1,0
BRDA:394,1548,0,0
BRDA:394,1548,1,0
BRDA:394,1549,0,0
BRDA:394,1549,1,0
BRDA:394,1550,0,0
BRDA:394,1550,1,0
BRDA:394,1551,0,0
BRDA:394,1551,1,0
BRDA:394,1552,0,0
BRDA:394,1552,1,0
BRDA:394,1553,0,0
BRDA:394,1553,1,0
BRDA:394,1554,0,0
BRDA:394,1554,1,0
BRDA:394,1555,0,0
BRDA:394,1555,1,0
BRDA:394,1556,0,0
BRDA:394,1556,1,0
BRDA:394,1557,0,0
BRDA:394,1557,1,0
BRDA:394,1558,0,0
BRDA:394,1558,1,0
BRDA:394,1559,0,0
BRDA:394,1559,1,0
BRDA:396,1560,0,0
BRDA:396,1560,1,0
BRDA:396,1561,0,0
BRDA:396,1561,1,0
BRDA:396,1562,0,0
BRDA:396,1562,1,0
BRDA:396,1563,0,0
BRDA:396,1563,1,0
BRDA:396,1564,0,0
BRDA:396,1564,1,0
BRDA:396,1565,0,0
BRDA:396,1565,1,0
BRDA:396,1566,0,0
BRDA:396,1566,1,0
BRDA:396,1567,0,0
BRDA:396,1567,1,0
BRDA:396,1568,0,0
BRDA:396,1568,1,0
BRDA:396,1569,0,0
BRDA:396,1569,1,0
BRDA:396,1570,0,0
BRDA:396,1570,1,0
BRDA:396,1571,0,0
BRDA:396,1571,1,0
BRDA:396,1572,0,0
BRDA:396,1572,1,0
BRDA:396,1573,0,0
BRDA:396,1573,1,0
BRDA:396,1574,0,0
BRDA:396,1574,1,0
BRDA:396,1575,0,0
BRDA:396,1575,1,0
BRDA:396,1576,0,0
BRDA:396,1576,1,0
BRDA:396,1577,0,0
BRDA:396,1577,1,0
BRDA:400,1578,0,0
BRDA:400,1578,1,0
BRDA:400,1579,0,0
BRDA:400,1579,1,0
BRDA:400,1580,0,0
BRDA:400,1580,1,0
BRDA:400,1581,0,0
BRDA:400,1581,1,0
BRDA:400,1582,0,0
BRDA:400,1582,1,0
BRDA:400,1583,0,0
BRDA:400,1583,1,0
BRDA:400,1584,0,0
BRDA:400,1584,1,0
BRDA:400,1585,0,0
BRDA:400,1585,1,0
BRDA:400,1586,0,0
BRDA:400,1586,1,0
BRDA:400,1587,0,0
BRDA:400,1587,1,0
BRDA:400,1588,0,0
BRDA:400,1588,1,0
BRDA:400,1589,0,0
BRDA:400,1589,1,0
BRDA:400,1590,0,0
BRDA:400,1590,1,0
BRDA:400,1591,0,0
BRDA:400,1591,1,0
BRDA:400,1592,0,0
BRDA:400,1592,1,0
BRDA:400,1593,0,0
BRDA:400,1593,1,0
BRDA:400,1594,0,0
BRDA:400,1594,1,0
BRDA:400,1595,0,0
BRDA:400,1595,1,0
BRDA:400,1596,0,0
BRDA:400,1596,1,0
BRDA:400,1597,0,0
BRDA:400,1597,1,0
BRDA:400,1598,0,0
BRDA:400,1598,1,0
BRDA:400,1599,0,0
BRDA:400,1599,1,0
BRDA:400,1600,0,0
BRDA:400,1600,1,0
BRDA:400,1601,0,0
BRDA:400,1601,1,0
BRDA:400,1602,0,0
BRDA:400,1602,1,0
BRDA:400,1603,0,0
BRDA:400,1603,1,0
BRDA:400,1604,0,0
BRDA:400,1604,1,0
BRDA:400,1605,0,0
BRDA:400,1605,1,0
BRDA:400,1606,0,0
BRDA:400,1606,1,0
BRDA:400,1607,0,0
BRDA:400,1607,1,0
BRDA:400,1608,0,0
BRDA:400,1608,1,0
BRDA:400,1609,0,0
BRDA:400,1609,1,0
BRDA:400,1610,0,0
BRDA:400,1610,1,0
BRDA:400,1611,0,0
BRDA:400,1611,1,0
BRDA:400,1612,0,0
BRDA:400,1612,1,0
BRDA:400,1613,0,0
BRDA:400,1613,1,0
BRDA:402,1614,0,0
BRDA:402,1614,1,0
BRDA:402,1615,0,0
BRDA:402,1615,1,0
BRDA:402,1616,0,0
BRDA:402,1616,1,0
BRDA:402,1617,0,0
BRDA:402,1617,1,0
BRDA:402,1618,0,0
BRDA:402,1618,1,0
BRDA:402,1619,0,0
BRDA:402,1619,1,0
BRDA:402,1620,0,0
BRDA:402,1620,1,0
BRDA:402,1621,0,0
BRDA:402,1621,1,0
BRDA:402,1622,0,0
BRDA:402,1622,1,0
BRDA:402,1623,0,0
BRDA:402,1623,1,0
BRDA:402,1624,0,0
BRDA:402,1624,1,0
BRDA:402,1625,0,0
BRDA:402,1625,1,0
BRDA:402,1626,0,0
BRDA:402,1626,1,0
BRDA:402,1627,0,0
BRDA:402,1627,1,0
BRDA:402,1628,0,0
BRDA:402,1628,1,0
BRDA:402,1629,0,0
BRDA:402,1629,1,0
BRDA:402,1630,0,0
BRDA:402,1630,1,0
BRDA:402,1631,0,0
BRDA:402,1631,1,0
BRDA:402,1632,0,0
BRDA:402,1632,1,0
BRDA:402,1633,0,0
BRDA:402,1633,1,0
BRDA:402,1634,0,0
BRDA:402,1634,1,0
BRDA:402,1635,0,0
BRDA:402,1635,1,0
BRDA:402,1636,0,0
BRDA:402,1636,1,0
BRDA:402,1637,0,0
BRDA:402,1637,1,0
BRDA:402,1638,0,0
BRDA:402,1638,1,0
BRDA:402,1639,0,0
BRDA:402,1639,1,0
BRDA:402,1640,0,0
BRDA:402,1640,1,0
BRDA:402,1641,0,0
BRDA:402,1641,1,0
BRDA:402,1642,0,0
BRDA:402,1642,1,0
BRDA:402,1643,0,0
BRDA:402,1643,1,0
BRDA:402,1644,0,0
BRDA:402,1644,1,0
BRDA:402,1645,0,0
BRDA:402,1645,1,0
BRDA:402,1646,0,0
BRDA:402,1646,1,0
BRDA:402,1647,0,0
BRDA:402,1647,1,0
BRDA:402,1648,0,0
BRDA:402,1648,1,0
BRDA:402,1649,0,0
BRDA:402,1649,1,0
BRDA:404,1650,0,0
BRDA:404,1650,1,0
BRDA:404,1651,0,0
BRDA:404,1651,1,0
BRDA:404,1652,0,0
BRDA:404,1652,1,0
BRDA:404,1653,0,0
BRDA:404,1653,1,0
BRDA:404,1654,0,0
BRDA:404,1654,1,0
BRDA:404,1655,0,0
BRDA:404,1655,1,0
BRDA:404,1656,0,0
BRDA:404,1656,1,0
BRDA:404,1657,0,0
BRDA:404,1657,1,0
BRDA:404,1658,0,0
BRDA:404,1658,1,0
BRDA:404,1659,0,0
BRDA:404,1659,1,0
BRDA:404,1660,0,0
BRDA:404,1660,1,0
BRDA:404,1661,0,0
BRDA:404,1661,1,0
BRDA:404,1662,0,0
BRDA:404,1662,1,0
BRDA:404,1663,0,0
BRDA:404,1663,1,0
BRDA:404,1664,0,0
BRDA:404,1664,1,0
BRDA:404,1665,0,0
BRDA:404,1665,1,0
BRDA:404,1666,0,0
BRDA:404,1666,1,0
BRDA:404,1667,0,0
BRDA:404,1667,1,0
BRDA:404,1668,0,0
BRDA:404,1668,1,0
BRDA:404,1669,0,0
BRDA:404,1669,1,0
BRDA:404,1670,0,0
BRDA:404,1670,1,0
BRDA:404,1671,0,0
BRDA:404,1671,1,0
BRDA:404,1672,0,0
BRDA:404,1672,1,0
BRDA:404,1673,0,0
BRDA:404,1673,1,0
BRDA:404,1674,0,0
BRDA:404,1674,1,0
BRDA:404,1675,0,0
BRDA:404,1675,1,0
BRDA:404,1676,0,0
BRDA:404,1676,1,0
BRDA:404,1677,0,0
BRDA:404,1677,1,0
BRDA:404,1678,0,0
BRDA:404,1678,1,0
BRDA:404,1679,0,0
BRDA:404,1679,1,0
BRDA:404,1680,0,0
BRDA:404,1680,1,0
BRDA:404,1681,0,0
BRDA:404,1681,1,0
BRDA:404,1682,0,0
BRDA:404,1682,1,0
BRDA:404,1683,0,0
BRDA:404,1683,1,0
BRDA:404,1684,0,0
BRDA:404,1684,1,0
BRDA:404,1685,0,0
BRDA:404,1685,1,0
BRDA:408,1686,0,0
BRDA:408,1686,1,0
BRDA:408,1687,0,0
BRDA:408,1687,1,0
BRDA:408,1688,0,0
BRDA:408,1688,1,0
BRDA:408,1689,0,0
BRDA:408,1689,1,0
BRDA:408,1690,0,0
BRDA:408,1690,1,0
BRDA:408,1691,0,0
BRDA:408,1691,1,0
BRDA:408,1692,0,0
BRDA:408,1692,1,0
BRDA:412,1693,0,0
BRDA:412,1693,1,0
BRDA:412,1694,0,0
BRDA:412,1694,1,0
BRDA:412,1695,0,0
BRDA:412,1695,1,0
BRDA:412,1696,0,0
BRDA:412,1696,1,0
BRDA:412,1697,0,0
BRDA:412,1697,1,0
BRDA:412,1698,0,0
BRDA:412,1698,1,0
BRDA:412,1699,0,0
BRDA:412,1699,1,0
BRDA:412,1700,0,0
BRDA:412,1700,1,0
BRDA:412,1701,0,0
BRDA:412,1701,1,0
BRDA:412,1702,0,0
BRDA:412,1702,1,0
BRDA:412,1703,0,0
BRDA:412,1703,1,0
BRDA:412,1704,0,0
BRDA:412,1704,1,0
BRDA:412,1705,0,0
BRDA:412,1705,1,0
BRDA:412,1706,0,0
BRDA:412,1706,1,0
BRDA:412,1707,0,0
BRDA:412,1707,1,0
BRDA:412,1708,0,0
BRDA:412,1708,1,0
BRDA:412,1709,0,0
BRDA:412,1709,1,0
BRDA:412,1710,0,0
BRDA:412,1710,1,0
BRDA:412,1711,0,0
BRDA:412,1711,1,0
BRDA:412,1712,0,0
BRDA:412,1712,1,0
BRDA:412,1713,0,0
BRDA:412,1713,1,0
BRDA:412,1714,0,0
BRDA:412,1714,1,0
BRDA:412,1715,0,0
BRDA:412,1715,1,0
BRDA:412,1716,0,0
BRDA:412,1716,1,0
BRDA:412,1717,0,0
BRDA:412,1717,1,0
BRDA:412,1718,0,0
BRDA:412,1718,1,0
BRDA:412,1719,0,0
BRDA:412,1719,1,0
BRDA:412,1720,0,0
BRDA:412,1720,1,0
BRDA:412,1721,0,0
BRDA:412,1721,1,0
BRDA:412,1722,0,0
BRDA:412,1722,1,0
BRDA:412,1723,0,0
BRDA:412,1723,1,0
BRDA:412,1724,0,0
BRDA:412,1724,1,0
BRDA:412,1725,0,0
BRDA:412,1725,1,0
BRDA:412,1726,0,0
BRDA:412,1726,1,0
BRDA:412,1727,0,0
BRDA:412,1727,1,0
BRDA:412,1728,0,0
BRDA:412,1728,1,0
BRDA:412,1729,0,0
BRDA:412,1729,1,0
BRDA:412,1730,0,0
BRDA:412,1730,1,0
BRDA:412,1731,0,0
BRDA:412,1731,1,0
BRDA:412,1732,0,0
BRDA:412,1732,1,0
BRDA:412,1733,0,0
BRDA:412,1733,1,0
BRDA:412,1734,0,0
BRDA:412,1734,1,0
BRDA:412,1735,0,0
BRDA:412,1735,1,0
BRDA:412,1736,0,0
BRDA:412,1736,1,0
BRDA:412,1737,0,0
BRDA:412,1737,1,0
BRDA:412,1738,0,0
BRDA:412,1738,1,0
BRDA:412,1739,0,0
BRDA:412,1739,1,0
BRDA:412,1740,0,0
BRDA:412,1740,1,0
BRDA:412,1741,0,0
BRDA:412,1741,1,0
BRDA:412,1742,0,0
BRDA:412,1742,1,0
BRDA:412,1743,0,0
BRDA:412,1743,1,0
BRDA:412,1744,0,0
BRDA:412,1744,1,0
BRDA:412,1745,0,0
BRDA:412,1745,1,0
BRDA:412,1746,0,0
BRDA:412,1746,1,0
BRDA:412,1747,0,0
BRDA:412,1747,1,0
BRDA:412,1748,0,0
BRDA:412,1748,1,0
BRDA:412,1749,0,0
BRDA:412,1749,1,0
BRDA:412,1750,0,0
BRDA:412,1750,1,0
BRDA:412,1751,0,0
BRDA:412,1751,1,0
BRDA:412,1752,0,0
BRDA:412,1752,1,0
BRDA:412,1753,0,0
BRDA:412,1753,1,0
BRDA:412,1754,0,0
BRDA:412,1754,1,0
BRDA:412,1755,0,0
BRDA:412,1755,1,0
BRDA:412,1756,0,0
BRDA:412,1756,1,0
BRDA:412,1757,0,0
BRDA:412,1757,1,0
BRDA:412,1758,0,0
BRDA:412,1758,1,0
BRDA:414,1759,0,0
BRDA:414,1759,1,0
BRDA:414,1760,0,0
BRDA:414,1760,1,0
BRDA:414,1761,0,0
BRDA:414,1761,1,0
BRDA:414,1762,0,0
BRDA:414,1762,1,0
BRDA:414,1763,0,0
BRDA:414,1763,1,0
BRDA:414,1764,0,0
BRDA:414,1764,1,0
BRDA:414,1765,0,0
BRDA:414,1765,1,0
BRDA:416,1766,0,0
BRDA:416,1766,1,0
BRDA:416,1767,0,0
BRDA:416,1767,1,0
BRDA:416,1768,0,0
BRDA:416,1768,1,0
BRDA:416,1769,0,0
BRDA:416,1769,1,0
BRDA:416,1770,0,0
BRDA:416,1770,1,0
BRDA:416,1771,0,0
BRDA:416,1771,1,0
BRDA:416,1772,0,0
BRDA:416,1772,1,0
BRDA:420,1773,0,0
BRDA:420,1773,1,0
BRDA:420,1774,0,0
BRDA:420,1774,1,0
BRDA:420,1775,0,0
BRDA:420,1775,1,0
BRDA:420,1776,0,0
BRDA:420,1776,1,0
BRDA:420,1777,0,0
BRDA:420,1777,1,0
BRDA:420,1778,0,0
BRDA:420,1778,1,0
BRDA:420,1779,0,0
BRDA:420,1779,1,0
BRDA:420,1780,0,0
BRDA:420,1780,1,0
BRDA:420,1781,0,0
BRDA:420,1781,1,0
BRDA:420,1782,0,0
BRDA:420,1782,1,0
BRDA:420,1783,0,0
BRDA:420,1783,1,0
BRDA:420,1784,0,0
BRDA:420,1784,1,0
BRDA:420,1785,0,0
BRDA:420,1785,1,0
BRDA:420,1786,0,0
BRDA:420,1786,1,0
BRDA:420,1787,0,0
BRDA:420,1787,1,0
BRDA:420,1788,0,0
BRDA:420,1788,1,0
BRDA:420,1789,0,0
BRDA:420,1789,1,0
BRDA:420,1790,0,0
BRDA:420,1790,1,0
BRDA:420,1791,0,0
BRDA:420,1791,1,0
BRDA:420,1792,0,0
BRDA:420,1792,1,0
BRDA:420,1793,0,0
BRDA:420,1793,1,0
BRDA:420,1794,0,0
BRDA:420,1794,1,0
BRDA:420,1795,0,0
BRDA:420,1795,1,0
BRDA:420,1796,0,0
BRDA:420,1796,1,0
BRDA:420,1797,0,0
BRDA:420,1797,1,0
BRDA:420,1798,0,0
BRDA:420,1798,1,0
BRDA:420,1799,0,0
BRDA:420,1799,1,0
BRDA:420,1800,0,0
BRDA:420,1800,1,0
BRDA:420,1801,0,0
BRDA:420,1801,1,0
[...]
BRDA:429,1884,0,1
BRDA:429,1884,1,1
BRDA:429,1885,0,1
BRDA:429,1885,1,0
BRDA:429,1886,0,1
BRDA:429,1886,1,1
BRDA:429,1887,0,1
BRDA:429,1887,1,0
BRDA:429,1888,0,1
BRDA:429,1888,1,1
BRDA:429,1889,0,0
BRDA:429,1889,1,1
BRDA:429,1890,0,1
BRDA:429,1890,1,1
BRDA:429,1891,0,0
BRDA:429,1891,1,1
BRDA:429,1892,0,1
BRDA:429,1892,1,1
BRDA:431,1893,0,1
BRDA:431,1893,1,1
BRDA:431,1894,0,1
BRDA:431,1894,1,0
BRDA:431,1895,0,1
BRDA:431,1895,1,1
BRDA:431,1896,0,1
BRDA:431,1896,1,0
BRDA:431,1897,0,1
BRDA:431,1897,1,1
BRDA:431,1898,0,0
BRDA:431,1898,1,1
BRDA:431,1899,0,1
BRDA:431,1899,1,1
BRDA:431,1900,0,0
BRDA:431,1900,1,1
BRDA:431,1901,0,1
BRDA:431,1901,1,1
BRDA:433,1902,0,1
BRDA:433,1902,1,1
BRDA:433,1903,0,1
BRDA:433,1903,1,0
BRDA:433,1904,0,1
BRDA:433,1904,1,1
BRDA:433,1905,0,1
BRDA:433,1905,1,0
BRDA:433,1906,0,1
BRDA:433,1906,1,1
BRDA:433,1907,0,0
BRDA:433,1907,1,1
BRDA:433,1908,0,1
BRDA:433,1908,1,1
BRDA:433,1909,0,0
BRDA:433,1909,1,1
BRDA:433,1910,0,1
BRDA:433,1910,1,1
BRDA:435,1911,0,1
BRDA:435,1911,1,1
BRDA:435,1912,0,1
BRDA:435,1912,1,0
BRDA:435,1913,0,1
BRDA:435,1913,1,1
BRDA:435,1914,0,1
BRDA:435,1914,1,0
BRDA:435,1915,0,1
BRDA:435,1915,1,1
BRDA:435,1916,0,0
BRDA:435,1916,1,1
BRDA:435,1917,0,1
BRDA:435,1917,1,1
BRDA:435,1918,0,0
BRDA:435,1918,1,1
BRDA:435,1919,0,1
BRDA:435,1919,1,1
BRDA:437,1920,0,1
BRDA:437,1920,1,1
BRDA:437,1921,0,1
BRDA:437,1921,1,0
BRDA:437,1922,0,1
BRDA:437,1922,1,1
BRDA:437,1923,0,1
BRDA:437,1923,1,0
BRDA:437,1924,0,1
BRDA:437,1924,1,1
BRDA:437,1925,0,0
BRDA:437,1925,1,1
BRDA:437,1926,0,1
BRDA:437,1926,1,1
BRDA:437,1927,0,0
BRDA:437,1927,1,1
BRDA:437,1928,0,1
BRDA:437,1928,1,1
BRDA:439,1929,0,1
BRDA:439,1929,1,1
BRDA:439,1930,0,1
BRDA:439,1930,1,0
BRDA:439,1931,0,1
BRDA:439,1931,1,1
BRDA:439,1932,0,1
BRDA:439,1932,1,0
BRDA:439,1933,0,1
BRDA:439,1933,1,1
BRDA:439,1934,0,0
BRDA:439,1934,1,1
BRDA:439,1935,0,1
BRDA:439,1935,1,1
BRDA:439,1936,0,0
BRDA:439,1936,1,1
BRDA:439,1937,0,1
BRDA:439,1937,1,1
BRDA:441,1938,0,1
BRDA:441,1938,1,1
BRDA:441,1939,0,1
BRDA:441,1939,1,0
BRDA:441,1940,0,1
BRDA:441,1940,1,1
BRDA:441,1941,0,1
BRDA:441,1941,1,0
BRDA:441,1942,0,1
BRDA:441,1942,1,1
BRDA:441,1943,0,0
BRDA:441,1943,1,1
BRDA:441,1944,0,1
BRDA:441,1944,1,1
BRDA:441,1945,0,0
BRDA:441,1945,1,1
BRDA:441,1946,0,1
BRDA:441,1946,1,1
BRDA:443,1947,0,1
BRDA:443,1947,1,1
BRDA:443,1948,0,1
BRDA:443,1948,1,0
BRDA:443,1949,0,1
BRDA:443,1949,1,1
BRDA:443,1950,0,1
BRDA:443,1950,1,0
BRDA:443,1951,0,1
BRDA:443,1951,1,1
BRDA:443,1952,0,0
BRDA:443,1952,1,1
BRDA:443,1953,0,1
BRDA:443,1953,1,1
BRDA:443,1954,0,0
BRDA:443,1954,1,1
BRDA:443,1955,0,1
BRDA:443,1955,1,1
BRDA:445,1956,0,1
BRDA:445,1956,1,1
BRDA:445,1957,0,1
BRDA:445,1957,1,0
BRDA:445,1958,0,1
BRDA:445,1958,1,1
BRDA:445,1959,0,0
BRDA:445,1959,1,1
BRDA:445,1960,0,1
BRDA:445,1960,1,1
BRDA:445,1961,0,0
BRDA:445,1961,1,1
BRDA:445,1962,0,1
BRDA:445,1962,1,1
BRDA:445,1963,0,0
BRDA:445,1963,1,1
BRDA:445,1964,0,1
BRDA:445,1964,1,1
BRDA:448,1965,0,1
BRDA:448,1965,1,1
BRDA:448,1966,0,1
BRDA:448,1966,1,0
BRDA:448,1967,0,1
BRDA:448,1967,1,1
BRDA:448,1968,0,1
BRDA:448,1968,1,0
BRDA:448,1969,0,1
BRDA:448,1969,1,1
BRDA:448,1970,0,1
BRDA:448,1970,1,0
BRDA:448,1971,0,1
BRDA:448,1971,1,1
BRDA:448,1972,0,0
BRDA:448,1972,1,1
BRDA:448,1973,0,1
BRDA:448,1973,1,1
BRDA:448,1974,0,0
BRDA:448,1974,1,1
BRDA:448,1975,0,1
BRDA:448,1975,1,1
BRDA:448,1976,0,1
BRDA:448,1976,1,1
BRDA:448,1977,0,1
BRDA:448,1977,1,0
BRDA:448,1978,0,1
BRDA:448,1978,1,1
BRDA:448,1979,0,1
BRDA:448,1979,1,0
BRDA:448,1980,0,1
BRDA:448,1980,1,1
BRDA:448,1981,0,1
BRDA:448,1981,1,0
BRDA:448,1982,0,1
BRDA:448,1982,1,1
BRDA:448,1983,0,0
BRDA:448,1983,1,1
BRDA:448,1984,0,1
BRDA:448,1984,1,1
BRDA:448,1985,0,0
BRDA:448,1985,1,1
BRDA:448,1986,0,1
BRDA:448,1986,1,1
BRDA:450,1987,0,1
BRDA:450,1987,1,1
BRDA:450,1988,0,1
BRDA:450,1988,1,0
BRDA:450,1989,0,1
BRDA:450,1989,1,1
BRDA:450,1990,0,1
BRDA:450,1990,1,0
BRDA:450,1991,0,1
BRDA:450,1991,1,1
BRDA:450,1992,0,1
BRDA:450,1992,1,0
BRDA:450,1993,0,1
BRDA:450,1993,1,1
BRDA:450,1994,0,0
BRDA:450,1994,1,1
BRDA:450,1995,0,1
BRDA:450,1995,1,1
BRDA:450,1996,0,0
BRDA:450,1996,1,1
BRDA:450,1997,0,1
BRDA:450,1997,1,1
BRDA:450,1998,0,1
BRDA:450,1998,1,1
BRDA:450,1999,0,1
BRDA:450,1999,1,0
BRDA:450,2000,0,1
BRDA:450,2000,1,1
BRDA:450,2001,0,1
BRDA:450,2001,1,0
BRDA:450,2002,0,1
BRDA:450,2002,1,1
BRDA:450,2003,0,1
BRDA:450,2003,1,0
BRDA:450,2004,0,1
BRDA:450,2004,1,1
BRDA:450,2005,0,0
BRDA:450,2005,1,1
BRDA:450,2006,0,1
BRDA:450,2006,1,1
BRDA:450,2007,0,0
BRDA:450,2007,1,1
BRDA:450,2008,0,1
BRDA:450,2008,1,1
BRDA:452,2009,0,1
BRDA:452,2009,1,1
BRDA:452,2010,0,1
BRDA:452,2010,1,0
BRDA:452,2011,0,1
BRDA:452,2011,1,1
BRDA:452,2012,0,1
BRDA:452,2012,1,0
BRDA:452,2013,0,1
BRDA:452,2013,1,1
BRDA:452,2014,0,1
BRDA:452,2014,1,0
BRDA:452,2015,0,1
BRDA:452,2015,1,1
BRDA:452,2016,0,0
BRDA:452,2016,1,1
BRDA:452,2017,0,1
BRDA:452,2017,1,1
BRDA:452,2018,0,0
BRDA:452,2018,1,1
BRDA:452,2019,0,1
BRDA:452,2019,1,1
BRDA:452,2020,0,1
BRDA:452,2020,1,1
BRDA:452,2021,0,1
BRDA:452,2021,1,0
BRDA:452,2022,0,1
BRDA:452,2022,1,1
BRDA:452,2023,0,1
BRDA:452,2023,1,0
BRDA:452,2024,0,1
BRDA:452,2024,1,1
BRDA:452,2025,0,1
BRDA:452,2025,1,0
BRDA:452,2026,0,1
BRDA:452,2026,1,1
BRDA:452,2027,0,0
BRDA:452,2027,1,1
BRDA:452,2028,0,1
BRDA:452,2028,1,1
BRDA:452,2029,0,0
BRDA:452,2029,1,1
BRDA:452,2030,0,1
BRDA:452,2030,1,1
BRDA:454,2031,0,1
BRDA:454,2031,1,1
BRDA:454,2032,0,1
BRDA:454,2032,1,0
BRDA:454,2033,0,1
BRDA:454,2033,1,1
BRDA:454,2034,0,1
BRDA:454,2034,1,0
BRDA:454,2035,0,1
BRDA:454,2035,1,1
BRDA:454,2036,0,0
BRDA:454,2036,1,1
BRDA:454,2037,0,1
BRDA:454,2037,1,1
BRDA:454,2038,0,0
BRDA:454,2038,1,1
BRDA:454,2039,0,1
BRDA:454,2039,1,1
BRDA:454,2040,0,1
BRDA:454,2040,1,1
BRDA:454,2041,0,1
BRDA:454,2041,1,0
BRDA:454,2042,0,1
BRDA:454,2042,1,1
BRDA:454,2043,0,1
BRDA:454,2043,1,0
BRDA:454,2044,0,1
BRDA:454,2044,1,1
BRDA:454,2045,0,0
BRDA:454,2045,1,1
BRDA:454,2046,0,1
BRDA:454,2046,1,1
BRDA:454,2047,0,0
BRDA:454,2047,1,1
BRDA:454,2048,0,1
BRDA:454,2048,1,1
BRDA:456,2049,0,1
BRDA:456,2049,1,1
BRDA:456,2050,0,1
BRDA:456,2050,1,0
BRDA:456,2051,0,1
BRDA:456,2051,1,1
BRDA:456,2052,0,1
BRDA:456,2052,1,0
BRDA:456,2053,0,1
BRDA:456,2053,1,1
BRDA:456,2054,0,1
BRDA:456,2054,1,0
BRDA:456,2055,0,1
BRDA:456,2055,1,1
BRDA:456,2056,0,0
BRDA:456,2056,1,1
BRDA:456,2057,0,1
BRDA:456,2057,1,1
BRDA:456,2058,0,0
BRDA:456,2058,1,1
BRDA:456,2059,0,1
BRDA:456,2059,1,1
BRDA:456,2060,0,1
BRDA:456,2060,1,1
BRDA:456,2061,0,1
BRDA:456,2061,1,0
BRDA:456,2062,0,1
BRDA:456,2062,1,1
BRDA:456,2063,0,1
BRDA:456,2063,1,0
BRDA:456,2064,0,1
BRDA:456,2064,1,1
BRDA:456,2065,0,1
BRDA:456,2065,1,0
BRDA:456,2066,0,1
BRDA:456,2066,1,1
BRDA:456,2067,0,0
BRDA:456,2067,1,1
BRDA:456,2068,0,1
BRDA:456,2068,1,1
BRDA:456,2069,0,0
BRDA:456,2069,1,1
BRDA:456,2070,0,1
BRDA:456,2070,1,1
BRDA:458,2071,0,1
BRDA:458,2071,1,1
BRDA:458,2072,0,1
BRDA:458,2072,1,0
BRDA:458,2073,0,1
BRDA:458,2073,1,1
BRDA:458,2074,0,1
BRDA:458,2074,1,0
BRDA:458,2075,0,1
BRDA:458,2075,1,1
BRDA:458,2076,0,1
BRDA:458,2076,1,0
BRDA:458,2077,0,1
BRDA:458,2077,1,1
BRDA:458,2078,0,0
BRDA:458,2078,1,1
BRDA:458,2079,0,1
BRDA:458,2079,1,1
BRDA:458,2080,0,0
BRDA:458,2080,1,1
BRDA:458,2081,0,1
BRDA:458,2081,1,1
BRDA:458,2082,0,1
BRDA:458,2082,1,1
BRDA:458,2083,0,1
BRDA:458,2083,1,0
BRDA:458,2084,0,1
BRDA:458,2084,1,1
BRDA:458,2085,0,1
BRDA:458,2085,1,0
BRDA:458,2086,0,1
BRDA:458,2086,1,1
BRDA:458,2087,0,1
BRDA:458,2087,1,0
BRDA:458,2088,0,1
BRDA:458,2088,1,1
BRDA:458,2089,0,0
BRDA:458,2089,1,1
BRDA:458,2090,0,1
BRDA:458,2090,1,1
BRDA:458,2091,0,0
BRDA:458,2091,1,1
BRDA:458,2092,0,1
BRDA:458,2092,1,1
BRDA:460,2093,0,1
BRDA:460,2093,1,1
BRDA:460,2094,0,1
BRDA:460,2094,1,0
BRDA:460,2095,0,1
BRDA:460,2095,1,1
BRDA:460,2096,0,1
BRDA:460,2096,1,0
BRDA:460,2097,0,1
BRDA:460,2097,1,1
BRDA:460,2098,0,1
BRDA:460,2098,1,0
BRDA:460,2099,0,1
BRDA:460,2099,1,1
BRDA:460,2100,0,0
BRDA:460,2100,1,1
BRDA:460,2101,0,1
BRDA:460,2101,1,1
BRDA:460,2102,0,0
BRDA:460,2102,1,1
BRDA:460,2103,0,1
BRDA:460,2103,1,1
BRDA:460,2104,0,1
BRDA:460,2104,1,1
BRDA:460,2105,0,1
BRDA:460,2105,1,0
BRDA:460,2106,0,1
BRDA:460,2106,1,1
BRDA:460,2107,0,1
BRDA:460,2107,1,0
BRDA:460,2108,0,1
BRDA:460,2108,1,1
BRDA:460,2109,0,1
BRDA:460,2109,1,0
BRDA:460,2110,0,1
BRDA:460,2110,1,1
BRDA:460,2111,0,0
BRDA:460,2111,1,1
BRDA:460,2112,0,1
BRDA:460,2112,1,1
BRDA:460,2113,0,0
BRDA:460,2113,1,1
BRDA:460,2114,0,1
BRDA:460,2114,1,1
BRDA:462,2115,0,1
BRDA:462,2115,1,1
BRDA:462,2116,0,1
BRDA:462,2116,1,0
BRDA:462,2117,0,1
BRDA:462,2117,1,1
BRDA:462,2118,0,1
BRDA:462,2118,1,0
BRDA:462,2119,0,1
BRDA:462,2119,1,1
BRDA:462,2120,0,0
BRDA:462,2120,1,1
BRDA:462,2121,0,1
BRDA:462,2121,1,1
BRDA:462,2122,0,0
BRDA:462,2122,1,1
BRDA:462,2123,0,1
BRDA:462,2123,1,1
BRDA:462,2124,0,1
BRDA:462,2124,1,1
BRDA:462,2125,0,1
BRDA:462,2125,1,0
BRDA:462,2126,0,1
BRDA:462,2126,1,1
BRDA:462,2127,0,1
BRDA:462,2127,1,0
BRDA:462,2128,0,1
BRDA:462,2128,1,1
BRDA:462,2129,0,0
BRDA:462,2129,1,1
BRDA:462,2130,0,1
BRDA:462,2130,1,1
BRDA:462,2131,0,0
BRDA:462,2131,1,1
BRDA:462,2132,0,1
BRDA:462,2132,1,1
BRDA:464,2133,0,1
BRDA:464,2133,1,1
BRDA:464,2134,0,1
BRDA:464,2134,1,0
BRDA:464,2135,0,1
BRDA:464,2135,1,1
BRDA:464,2136,0,1
BRDA:464,2136,1,0
BRDA:464,2137,0,1
BRDA:464,2137,1,1
BRDA:464,2138,0,0
BRDA:464,2138,1,1
BRDA:464,2139,0,1
BRDA:464,2139,1,1
BRDA:464,2140,0,0
BRDA:464,2140,1,1
BRDA:464,2141,0,1
BRDA:464,2141,1,1
BRDA:464,2142,0,1
BRDA:464,2142,1,1
BRDA:464,2143,0,1
BRDA:464,2143,1,0
BRDA:464,2144,0,1
BRDA:464,2144,1,1
BRDA:464,2145,0,1
BRDA:464,2145,1,0
BRDA:464,2146,0,1
BRDA:464,2146,1,1
BRDA:464,2147,0,0
BRDA:464,2147,1,1
BRDA:464,2148,0,1
BRDA:464,2148,1,1
BRDA:464,2149,0,0
BRDA:464,2149,1,1
BRDA:464,2150,0,1
BRDA:464,2150,1,1
BRDA:466,2151,0,1
BRDA:466,2151,1,1
BRDA:466,2152,0,1
BRDA:466,2152,1,0
BRDA:466,2153,0,1
BRDA:466,2153,1,1
BRDA:466,2154,0,1
BRDA:466,2154,1,0
BRDA:466,2155,0,1
BRDA:466,2155,1,1
BRDA:466,2156,0,0
BRDA:466,2156,1,1
BRDA:466,2157,0,1
BRDA:466,2157,1,1
BRDA:466,2158,0,0
BRDA:466,2158,1,1
BRDA:466,2159,0,1
BRDA:466,2159,1,1
BRDA:466,2160,0,1
BRDA:466,2160,1,1
BRDA:466,2161,0,1
BRDA:466,2161,1,0
BRDA:466,2162,0,1
BRDA:466,2162,1,1
BRDA:466,2163,0,1
BRDA:466,2163,1,0
BRDA:466,2164,0,1
BRDA:466,2164,1,1
BRDA:466,2165,0,0
BRDA:466,2165,1,1
BRDA:466,2166,0,1
BRDA:466,2166,1,1
BRDA:466,2167,0,0
BRDA:466,2167,1,1
BRDA:466,2168,0,1
BRDA:466,2168,1,1
BRDA:468,2169,0,1
BRDA:468,2169,1,1
BRDA:468,2170,0,1
BRDA:468,2170,1,0
BRDA:468,2171,0,1
BRDA:468,2171,1,1
BRDA:468,2172,0,1
BRDA:468,2172,1,0
BRDA:468,2173,0,1
BRDA:468,2173,1,1
BRDA:468,2174,0,0
BRDA:468,2174,1,1
BRDA:468,2175,0,1
BRDA:468,2175,1,1
BRDA:468,2176,0,0
BRDA:468,2176,1,1
BRDA:468,2177,0,1
BRDA:468,2177,1,1
BRDA:468,2178,0,1
BRDA:468,2178,1,1
BRDA:468,2179,0,1
BRDA:468,2179,1,0
BRDA:468,2180,0,1
BRDA:468,2180,1,1
BRDA:468,2181,0,1
BRDA:468,2181,1,0
BRDA:468,2182,0,1
BRDA:468,2182,1,1
BRDA:468,2183,0,0
BRDA:468,2183,1,1
BRDA:468,2184,0,1
BRDA:468,2184,1,1
BRDA:468,2185,0,0
BRDA:468,2185,1,1
BRDA:468,2186,0,1
BRDA:468,2186,1,1
BRDA:470,2187,0,1
BRDA:470,2187,1,1
BRDA:470,2188,0,1
BRDA:470,2188,1,0
BRDA:470,2189,0,1
BRDA:470,2189,1,1
BRDA:470,2190,0,1
BRDA:470,2190,1,0
BRDA:470,2191,0,1
BRDA:470,2191,1,1
BRDA:470,2192,0,0
BRDA:470,2192,1,1
BRDA:470,2193,0,1
BRDA:470,2193,1,1
BRDA:470,2194,0,0
BRDA:470,2194,1,1
BRDA:470,2195,0,1
BRDA:470,2195,1,1
BRDA:470,2196,0,1
BRDA:470,2196,1,1
BRDA:470,2197,0,1
BRDA:470,2197,1,0
BRDA:470,2198,0,1
BRDA:470,2198,1,1
BRDA:470,2199,0,1
BRDA:470,2199,1,0
BRDA:470,2200,0,1
BRDA:470,2200,1,1
BRDA:470,2201,0,0
BRDA:470,2201,1,1
BRDA:470,2202,0,1
BRDA:470,2202,1,1
BRDA:470,2203,0,0
BRDA:470,2203,1,1
BRDA:470,2204,0,1
BRDA:470,2204,1,1
BRDA:472,2205,0,1
BRDA:472,2205,1,1
BRDA:472,2206,0,1
BRDA:472,2206,1,0
BRDA:472,2207,0,1
BRDA:472,2207,1,1
BRDA:472,2208,0,1
BRDA:472,2208,1,0
BRDA:472,2209,0,1
BRDA:472,2209,1,1
BRDA:472,2210,0,0
BRDA:472,2210,1,1
BRDA:472,2211,0,1
BRDA:472,2211,1,1
BRDA:472,2212,0,0
BRDA:472,2212,1,1
BRDA:472,2213,0,1
BRDA:472,2213,1,1
BRDA:472,2214,0,1
BRDA:472,2214,1,1
BRDA:472,2215,0,1
BRDA:472,2215,1,0
BRDA:472,2216,0,1
BRDA:472,2216,1,1
BRDA:472,2217,0,1
BRDA:472,2217,1,0
BRDA:472,2218,0,1
BRDA:472,2218,1,1
BRDA:472,2219,0,0
BRDA:472,2219,1,1
BRDA:472,2220,0,1
BRDA:472,2220,1,1
BRDA:472,2221,0,0
BRDA:472,2221,1,1
BRDA:472,2222,0,1
BRDA:472,2222,1,1
BRDA:474,2223,0,1
BRDA:474,2223,1,1
BRDA:474,2224,0,1
BRDA:474,2224,1,0
BRDA:474,2225,0,1
BRDA:474,2225,1,1
BRDA:474,2226,0,1
BRDA:474,2226,1,0
BRDA:474,2227,0,1
BRDA:474,2227,1,1
BRDA:474,2228,0,0
BRDA:474,2228,1,1
BRDA:474,2229,0,1
BRDA:474,2229,1,1
BRDA:474,2230,0,0
BRDA:474,2230,1,1
BRDA:474,2231,0,1
BRDA:474,2231,1,1
BRDA:474,2232,0,1
BRDA:474,2232,1,1
BRDA:474,2233,0,1
BRDA:474,2233,1,0
BRDA:474,2234,0,1
BRDA:474,2234,1,1
BRDA:474,2235,0,1
BRDA:474,2235,1,0
BRDA:474,2236,0,1
BRDA:474,2236,1,1
BRDA:474,2237,0,0
BRDA:474,2237,1,1
BRDA:474,2238,0,1
BRDA:474,2238,1,1
BRDA:474,2239,0,0
BRDA:474,2239,1,1
BRDA:474,2240,0,1
BRDA:474,2240,1,1
BRDA:476,2241,0,1
BRDA:476,2241,1,1
BRDA:476,2242,0,1
BRDA:476,2242,1,0
BRDA:476,2243,0,1
BRDA:476,2243,1,1
BRDA:476,2244,0,1
BRDA:476,2244,1,0
BRDA:476,2245,0,1
BRDA:476,2245,1,1
BRDA:476,2246,0,0
BRDA:476,2246,1,1
BRDA:476,2247,0,1
BRDA:476,2247,1,1
BRDA:476,2248,0,0
BRDA:476,2248,1,1
BRDA:476,2249,0,1
BRDA:476,2249,1,1
BRDA:476,2250,0,1
BRDA:476,2250,1,1
BRDA:476,2251,0,1
BRDA:476,2251,1,0
BRDA:476,2252,0,1
BRDA:476,2252,1,1
BRDA:476,2253,0,1
BRDA:476,2253,1,0
BRDA:476,2254,0,1
BRDA:476,2254,1,1
BRDA:476,2255,0,0
BRDA:476,2255,1,1
BRDA:476,2256,0,1
BRDA:476,2256,1,1
BRDA:476,2257,0,0
BRDA:476,2257,1,1
BRDA:476,2258,0,1
BRDA:476,2258,1,1
BRDA:478,2259,0,1
BRDA:478,2259,1,1
BRDA:478,2260,0,1
BRDA:478,2260,1,0
BRDA:478,2261,0,1
BRDA:478,2261,1,1
BRDA:478,2262,0,0
BRDA:478,2262,1,1
BRDA:478,2263,0,1
BRDA:478,2263,1,1
BRDA:478,2264,0,0
BRDA:478,2264,1,1
BRDA:478,2265,0,1
BRDA:478,2265,1,1
BRDA:478,2266,0,1
BRDA:478,2266,1,1
BRDA:478,2267,0,1
BRDA:478,2267,1,0
BRDA:478,2268,0,1
BRDA:478,2268,1,1
BRDA:478,2269,0,0
BRDA:478,2269,1,1
BRDA:478,2270,0,1
BRDA:478,2270,1,1
BRDA:478,2271,0,0
BRDA:478,2271,1,1
BRDA:478,2272,0,1
BRDA:478,2272,1,1
BRDA:480,2273,0,1
BRDA:480,2273,1,1
BRDA:480,2274,0,1
BRDA:480,2274,1,0
BRDA:480,2275,0,1
BRDA:480,2275,1,1
BRDA:480,2276,0,1
BRDA:480,2276,1,0
BRDA:480,2277,0,1
BRDA:480,2277,1,1
BRDA:480,2278,0,0
BRDA:480,2278,1,1
BRDA:480,2279,0,1
BRDA:480,2279,1,1
BRDA:480,2280,0,0
BRDA:480,2280,1,1
BRDA:480,2281,0,1
BRDA:480,2281,1,1
BRDA:480,2282,0,1
BRDA:480,2282,1,1
BRDA:480,2283,0,1
BRDA:480,2283,1,0
BRDA:480,2284,0,1
BRDA:480,2284,1,1
BRDA:480,2285,0,1
BRDA:480,2285,1,0
BRDA:480,2286,0,1
BRDA:480,2286,1,1
BRDA:480,2287,0,0
BRDA:480,2287,1,1
BRDA:480,2288,0,1
BRDA:480,2288,1,1
BRDA:480,2289,0,0
BRDA:480,2289,1,1
BRDA:480,2290,0,1
BRDA:480,2290,1,1
BRDA:482,2291,0,1
BRDA:482,2291,1,1
BRDA:482,2292,0,1
BRDA:482,2292,1,0
BRDA:482,2293,0,1
BRDA:482,2293,1,1
BRDA:482,2294,0,0
BRDA:482,2294,1,1
BRDA:482,2295,0,1
BRDA:482,2295,1,1
BRDA:482,2296,0,0
BRDA:482,2296,1,1
BRDA:482,2297,0,1
BRDA:482,2297,1,1
BRDA:482,2298,0,0
BRDA:482,2298,1,1
BRDA:482,2299,0,1
BRDA:482,2299,1,1
BRDA:482,2300,0,1
BRDA:482,2300,1,1
BRDA:482,2301,0,1
BRDA:482,2301,1,0
BRDA:482,2302,0,1
BRDA:482,2302,1,1
BRDA:482,2303,0,0
BRDA:482,2303,1,1
BRDA:482,2304,0,1
BRDA:482,2304,1,1
BRDA:482,2305,0,0
BRDA:482,2305,1,1
BRDA:482,2306,0,1
BRDA:482,2306,1,1
BRDA:482,2307,0,0
BRDA:482,2307,1,1
BRDA:482,2308,0,1
BRDA:482,2308,1,1
BRDA:485,2309,0,1
BRDA:485,2309,1,0
BRDA:485,2310,0,0
BRDA:485,2310,1,1
BRDA:485,2311,0,1
BRDA:485,2311,1,1
BRDA:485,2312,0,0
BRDA:485,2312,1,1
BRDA:485,2313,0,1
BRDA:485,2313,1,1
BRDA:485,2314,0,0
BRDA:485,2314,1,1
BRDA:485,2315,0,1
BRDA:485,2315,1,1
BRDA:485,2316,0,1
BRDA:485,2316,1,0
BRDA:485,2317,0,0
BRDA:485,2317,1,1
BRDA:485,2318,0,1
BRDA:485,2318,1,1
BRDA:485,2319,0,0
BRDA:485,2319,1,1
BRDA:485,2320,0,1
BRDA:485,2320,1,1
BRDA:485,2321,0,0
BRDA:485,2321,1,1
BRDA:485,2322,0,1
BRDA:485,2322,1,1
BRDA:485,2323,0,1
BRDA:485,2323,1,0
BRDA:485,2324,0,0
BRDA:485,2324,1,1
BRDA:485,2325,0,1
BRDA:485,2325,1,1
BRDA:485,2326,0,0
BRDA:485,2326,1,1
BRDA:485,2327,0,1
BRDA:485,2327,1,1
BRDA:485,2328,0,0
BRDA:485,2328,1,1
BRDA:485,2329,0,1
BRDA:485,2329,1,1
BRDA:487,2330,0,1
BRDA:487,2330,1,0
BRDA:487,2331,0,0
BRDA:487,2331,1,1
BRDA:487,2332,0,1
BRDA:487,2332,1,1
BRDA:487,2333,0,0
BRDA:487,2333,1,1
BRDA:487,2334,0,1
BRDA:487,2334,1,1
BRDA:487,2335,0,0
BRDA:487,2335,1,1
BRDA:487,2336,0,1
BRDA:487,2336,1,1
BRDA:487,2337,0,1
BRDA:487,2337,1,0
BRDA:487,2338,0,0
BRDA:487,2338,1,1
BRDA:487,2339,0,1
BRDA:487,2339,1,1
BRDA:487,2340,0,0
BRDA:487,2340,1,1
BRDA:487,2341,0,1
BRDA:487,2341,1,1
BRDA:487,2342,0,0
BRDA:487,2342,1,1
BRDA:487,2343,0,1
BRDA:487,2343,1,1
BRDA:487,2344,0,1
BRDA:487,2344,1,0
BRDA:487,2345,0,0
BRDA:487,2345,1,1
BRDA:487,2346,0,1
BRDA:487,2346,1,1
BRDA:487,2347,0,0
BRDA:487,2347,1,1
BRDA:487,2348,0,1
BRDA:487,2348,1,1
BRDA:487,2349,0,0
BRDA:487,2349,1,1
BRDA:487,2350,0,1
BRDA:487,2350,1,1
BRF:4703
BRH:3628
end_of_record
TN:
SF:src\infrastructure\output\persistence\gateway\RoomGatewayAdapter.ts
FN:6,(anonymous_8)
FN:28,(anonymous_10)
FN:43,(anonymous_12)
FN:47,(anonymous_14)
FN:57,(anonymous_15)
FN:77,(anonymous_17)
FN:82,(anonymous_19)
FNF:7
FNH:7
FNDA:4,(anonymous_8)
FNDA:4,(anonymous_10)
FNDA:4,(anonymous_12)
FNDA:504,(anonymous_14)
FNDA:4,(anonymous_15)
FNDA:4,(anonymous_17)
FNDA:6,(anonymous_19)
DA:2,1
DA:3,1
DA:5,1
DA:7,4
DA:18,4
DA:29,4
DA:32,4
DA:33,1
DA:44,4
DA:47,504
DA:58,4
DA:67,3
DA:78,4
DA:83,6
DA:86,6
LF:15
LH:15
BRDA:32,0,0,3
BRDA:32,0,1,1
BRDA:86,1,0,3
BRDA:86,1,1,3
BRF:4
BRH:4
end_of_record
TN:
SF:src\infrastructure\output\persistence\gateway\StudentGatewayAdapter.ts
FN:6,(anonymous_8)
FN:20,(anonymous_10)
FN:22,(anonymous_12)
FN:29,(anonymous_13)
FN:41,(anonymous_15)
FN:57,(anonymous_17)
FN:62,(anonymous_19)
FN:76,(anonymous_21)
FN:80,(anonymous_23)
FNF:9
FNH:9
FNDA:4,(anonymous_8)
FNDA:4,(anonymous_10)
FNDA:1004,(anonymous_12)
FNDA:4,(anonymous_13)
FNDA:4,(anonymous_15)
FNDA:4,(anonymous_17)
FNDA:5,(anonymous_19)
FNDA:6,(anonymous_21)
FNDA:504,(anonymous_23)
DA:2,1
DA:3,1
DA:5,1
DA:7,4
DA:13,4
DA:21,4
DA:22,1004
DA:30,4
DA:33,4
DA:34,1
DA:42,4
DA:49,3
DA:50,3
DA:58,4
DA:63,5
DA:66,5
DA:67,4
DA:69,1
DA:77,6
DA:80,504
LF:20
LH:20
BRDA:33,0,0,3
BRDA:33,0,1,1
BRDA:49,1,0,0
BRDA:49,1,1,3
BRDA:66,2,0,4
BRDA:66,2,1,1
BRF:6
BRH:5
end_of_record
TN:
SF:src\infrastructure\output\persistence\gateway\UserGatewayAdapter.ts
FN:7,(anonymous_8)
FN:22,(anonymous_10)
FN:29,(anonymous_12)
FN:44,(anonymous_14)
FN:56,(anonymous_16)
FN:69,(anonymous_18)
FN:89,(anonymous_20)
FN:110,(anonymous_22)
FN:114,(anonymous_24)
FNF:9
FNH:9
FNDA:4,(anonymous_8)
FNDA:4,(anonymous_10)
FNDA:4,(anonymous_12)
FNDA:4,(anonymous_14)
FNDA:4,(anonymous_16)
FNDA:4,(anonymous_18)
FNDA:4,(anonymous_20)
FNDA:5,(anonymous_22)
FNDA:1006,(anonymous_24)
DA:2,1
DA:3,1
DA:5,1
DA:8,4
DA:11,4
DA:12,1
DA:23,4
DA:26,4
DA:30,4
DA:33,4
DA:34,1
DA:45,4
DA:48,4
DA:49,2
DA:51,2
DA:57,4
DA:60,4
DA:61,1
DA:63,3
DA:70,4
DA:78,4
DA:90,4
DA:99,3
DA:111,5
DA:114,1006
LF:25
LH:25
BRDA:11,0,0,3
BRDA:11,0,1,1
BRDA:33,1,0,3
BRDA:33,1,1,1
BRDA:48,2,0,2
BRDA:48,2,1,2
BRDA:60,3,0,1
BRDA:60,3,1,3
BRF:8
BRH:8
end_of_record
TN:
SF:src\utils\ActivosFijosJson.ts
FNF:0
FNH:0
DA:1,1
LF:1
LH:1
BRF:0
BRH:0
end_of_record
TN:
SF:src\utils\CaratulaJson.ts
FNF:0
FNH:0
DA:1,1
LF:1
LH:1
BRF:0
BRH:0
end_of_record
TN:
SF:src\utils\DetalleRenglonesJson.ts
FNF:0
FNH:0
DA:1,1
LF:1
LH:1
BRF:0
BRH:0
end_of_record
TN:
SF:src\utils\EsfPatrimonioJson.ts
FNF:0
FNH:0
DA:1,1
LF:1
LH:1
BRF:0
BRH:0
end_of_record
TN:
SF:src\utils\Form110Json.ts
FNF:0
FNH:0
DA:1,1
LF:1
LH:1
BRF:0
BRH:0
end_of_record
TN:
SF:src\utils\ImpuestoDiferidoJson.ts
FNF:0
FNH:0
DA:1,1
LF:1
LH:1
BRF:0
BRH:0
end_of_record
TN:
SF:src\utils\IngFactJson.ts
FNF:0
FNH:0
DA:2,1
LF:1
LH:1
BRF:0
BRH:0
end_of_record
TN:
SF:src\utils\RentaLiquidaJson.ts
FNF:0
FNH:0
DA:1,1
LF:1
LH:1
BRF:0
BRH:0
end_of_record
TN:
SF:src\utils\ResumenEsfJson.ts
FNF:0
FNH:0
DA:1,1
LF:1
LH:1
BRF:0
BRH:0
end_of_record
TN:
SF:src\utils\index.ts
FNF:0
FNH:0
DA:1,1
DA:2,1
DA:3,1
DA:4,1
DA:5,1
DA:6,1
DA:7,1
DA:8,1
DA:9,1
LF:9
LH:9
BRF:0
BRH:0
end_of_record
